<?xml version="1.0" encoding="UTF-8"?>
<testsuites>
  <testsuite name="E:\KULI AH\Semester\Semester 8\Tugas Akhir\Web 2\AzventoryWeb\phpunit.xml" tests="177" assertions="440" errors="1" failures="6" skipped="2" time="9.287776">
    <testsuite name="Unit" tests="7" assertions="17" errors="0" failures="0" skipped="0" time="0.413874">
      <testsuite name="Tests\Unit\DashboardServiceTest" file="E:\KULI AH\Semester\Semester 8\Tugas Akhir\Web 2\AzventoryWeb\tests\Unit\DashboardServiceTest.php" tests="4" assertions="14" errors="0" failures="0" skipped="0" time="0.405694">
        <testcase name="it_calculates_date_range_correctly" file="E:\KULI AH\Semester\Semester 8\Tugas Akhir\Web 2\AzventoryWeb\tests\Unit\DashboardServiceTest.php" line="27" class="Tests\Unit\DashboardServiceTest" classname="Tests.Unit.DashboardServiceTest" assertions="6" time="0.297037"/>
        <testcase name="it_returns_stock_snapshots" file="E:\KULI AH\Semester\Semester 8\Tugas Akhir\Web 2\AzventoryWeb\tests\Unit\DashboardServiceTest.php" line="44" class="Tests\Unit\DashboardServiceTest" classname="Tests.Unit.DashboardServiceTest" assertions="2" time="0.041830"/>
        <testcase name="it_returns_stock_movements" file="E:\KULI AH\Semester\Semester 8\Tugas Akhir\Web 2\AzventoryWeb\tests\Unit\DashboardServiceTest.php" line="56" class="Tests\Unit\DashboardServiceTest" classname="Tests.Unit.DashboardServiceTest" assertions="3" time="0.037775"/>
        <testcase name="it_returns_top_items" file="E:\KULI AH\Semester\Semester 8\Tugas Akhir\Web 2\AzventoryWeb\tests\Unit\DashboardServiceTest.php" line="94" class="Tests\Unit\DashboardServiceTest" classname="Tests.Unit.DashboardServiceTest" assertions="3" time="0.029052"/>
      </testsuite>
      <testsuite name="Tests\Unit\Inventory\StockLogicTest" file="E:\KULI AH\Semester\Semester 8\Tugas Akhir\Web 2\AzventoryWeb\tests\Unit\Inventory\StockLogicTest.php" tests="3" assertions="3" errors="0" failures="0" skipped="0" time="0.008180">
        <testcase name="test_check_if_stock_is_low" file="E:\KULI AH\Semester\Semester 8\Tugas Akhir\Web 2\AzventoryWeb\tests\Unit\Inventory\StockLogicTest.php" line="13" class="Tests\Unit\Inventory\StockLogicTest" classname="Tests.Unit.Inventory.StockLogicTest" assertions="1" time="0.007706"/>
        <testcase name="test_check_if_stock_is_safe" file="E:\KULI AH\Semester\Semester 8\Tugas Akhir\Web 2\AzventoryWeb\tests\Unit\Inventory\StockLogicTest.php" line="23" class="Tests\Unit\Inventory\StockLogicTest" classname="Tests.Unit.Inventory.StockLogicTest" assertions="1" time="0.000371"/>
        <testcase name="test_stock_cannot_be_negative_logic" file="E:\KULI AH\Semester\Semester 8\Tugas Akhir\Web 2\AzventoryWeb\tests\Unit\Inventory\StockLogicTest.php" line="33" class="Tests\Unit\Inventory\StockLogicTest" classname="Tests.Unit.Inventory.StockLogicTest" assertions="1" time="0.000103"/>
      </testsuite>
    </testsuite>
    <testsuite name="Feature" tests="170" assertions="423" errors="1" failures="6" skipped="2" time="8.873902">
      <testsuite name="Tests\Feature\Auth\AuthenticationTest" file="E:\KULI AH\Semester\Semester 8\Tugas Akhir\Web 2\AzventoryWeb\tests\Feature\Auth\AuthenticationTest.php" tests="3" assertions="5" errors="0" failures="0" skipped="0" time="0.391389">
        <testcase name="test_login_screen_can_be_rendered" file="E:\KULI AH\Semester\Semester 8\Tugas Akhir\Web 2\AzventoryWeb\tests\Feature\Auth\AuthenticationTest.php" line="14" class="Tests\Feature\Auth\AuthenticationTest" classname="Tests.Feature.Auth.AuthenticationTest" assertions="1" time="0.104950"/>
        <testcase name="test_users_can_authenticate_using_the_login_screen" file="E:\KULI AH\Semester\Semester 8\Tugas Akhir\Web 2\AzventoryWeb\tests\Feature\Auth\AuthenticationTest.php" line="20" class="Tests\Feature\Auth\AuthenticationTest" classname="Tests.Feature.Auth.AuthenticationTest" assertions="3" time="0.044969"/>
        <testcase name="test_users_can_not_authenticate_with_invalid_password" file="E:\KULI AH\Semester\Semester 8\Tugas Akhir\Web 2\AzventoryWeb\tests\Feature\Auth\AuthenticationTest.php" line="38" class="Tests\Feature\Auth\AuthenticationTest" classname="Tests.Feature.Auth.AuthenticationTest" assertions="1" time="0.241471"/>
      </testsuite>
      <testsuite name="Tests\Feature\Auth\EmailVerificationTest" file="E:\KULI AH\Semester\Semester 8\Tugas Akhir\Web 2\AzventoryWeb\tests\Feature\Auth\EmailVerificationTest.php" tests="3" assertions="6" errors="0" failures="0" skipped="0" time="0.086889">
        <testcase name="test_email_verification_screen_can_be_rendered" file="E:\KULI AH\Semester\Semester 8\Tugas Akhir\Web 2\AzventoryWeb\tests\Feature\Auth\EmailVerificationTest.php" line="16" class="Tests\Feature\Auth\EmailVerificationTest" classname="Tests.Feature.Auth.EmailVerificationTest" assertions="1" time="0.032717"/>
        <testcase name="test_email_can_be_verified" file="E:\KULI AH\Semester\Semester 8\Tugas Akhir\Web 2\AzventoryWeb\tests\Feature\Auth\EmailVerificationTest.php" line="25" class="Tests\Feature\Auth\EmailVerificationTest" classname="Tests.Feature.Auth.EmailVerificationTest" assertions="4" time="0.026652"/>
        <testcase name="test_email_is_not_verified_with_invalid_hash" file="E:\KULI AH\Semester\Semester 8\Tugas Akhir\Web 2\AzventoryWeb\tests\Feature\Auth\EmailVerificationTest.php" line="44" class="Tests\Feature\Auth\EmailVerificationTest" classname="Tests.Feature.Auth.EmailVerificationTest" assertions="1" time="0.027520"/>
      </testsuite>
      <testsuite name="Tests\Feature\Auth\ForcePasswordChangeTest" file="E:\KULI AH\Semester\Semester 8\Tugas Akhir\Web 2\AzventoryWeb\tests\Feature\Auth\ForcePasswordChangeTest.php" tests="3" assertions="5" errors="0" failures="0" skipped="0" time="0.099190">
        <testcase name="test_new_user_is_redirected_to_change_password_page" file="E:\KULI AH\Semester\Semester 8\Tugas Akhir\Web 2\AzventoryWeb\tests\Feature\Auth\ForcePasswordChangeTest.php" line="13" class="Tests\Feature\Auth\ForcePasswordChangeTest" classname="Tests.Feature.Auth.ForcePasswordChangeTest" assertions="3" time="0.024348"/>
        <testcase name="test_user_can_access_change_password_page_without_redirect_loop" file="E:\KULI AH\Semester\Semester 8\Tugas Akhir\Web 2\AzventoryWeb\tests\Feature\Auth\ForcePasswordChangeTest.php" line="26" class="Tests\Feature\Auth\ForcePasswordChangeTest" classname="Tests.Feature.Auth.ForcePasswordChangeTest" assertions="1" time="0.029200"/>
        <testcase name="test_user_with_changed_password_can_access_dashboard" file="E:\KULI AH\Semester\Semester 8\Tugas Akhir\Web 2\AzventoryWeb\tests\Feature\Auth\ForcePasswordChangeTest.php" line="37" class="Tests\Feature\Auth\ForcePasswordChangeTest" classname="Tests.Feature.Auth.ForcePasswordChangeTest" assertions="1" time="0.045643"/>
      </testsuite>
      <testsuite name="Tests\Feature\Auth\PasswordConfirmationTest" file="E:\KULI AH\Semester\Semester 8\Tugas Akhir\Web 2\AzventoryWeb\tests\Feature\Auth\PasswordConfirmationTest.php" tests="3" assertions="4" errors="0" failures="0" skipped="0" time="0.311417">
        <testcase name="test_confirm_password_screen_can_be_rendered" file="E:\KULI AH\Semester\Semester 8\Tugas Akhir\Web 2\AzventoryWeb\tests\Feature\Auth\PasswordConfirmationTest.php" line="13" class="Tests\Feature\Auth\PasswordConfirmationTest" classname="Tests.Feature.Auth.PasswordConfirmationTest" assertions="1" time="0.039949"/>
        <testcase name="test_password_can_be_confirmed" file="E:\KULI AH\Semester\Semester 8\Tugas Akhir\Web 2\AzventoryWeb\tests\Feature\Auth\PasswordConfirmationTest.php" line="22" class="Tests\Feature\Auth\PasswordConfirmationTest" classname="Tests.Feature.Auth.PasswordConfirmationTest" assertions="2" time="0.030736"/>
        <testcase name="test_password_is_not_confirmed_with_invalid_password" file="E:\KULI AH\Semester\Semester 8\Tugas Akhir\Web 2\AzventoryWeb\tests\Feature\Auth\PasswordConfirmationTest.php" line="34" class="Tests\Feature\Auth\PasswordConfirmationTest" classname="Tests.Feature.Auth.PasswordConfirmationTest" assertions="1" time="0.240732"/>
      </testsuite>
      <testsuite name="Tests\Feature\Auth\PasswordResetTest" file="E:\KULI AH\Semester\Semester 8\Tugas Akhir\Web 2\AzventoryWeb\tests\Feature\Auth\PasswordResetTest.php" tests="4" assertions="8" errors="0" failures="0" skipped="0" time="0.775689">
        <testcase name="test_reset_password_link_screen_can_be_rendered" file="E:\KULI AH\Semester\Semester 8\Tugas Akhir\Web 2\AzventoryWeb\tests\Feature\Auth\PasswordResetTest.php" line="15" class="Tests\Feature\Auth\PasswordResetTest" classname="Tests.Feature.Auth.PasswordResetTest" assertions="1" time="0.029730"/>
        <testcase name="test_reset_password_link_can_be_requested" file="E:\KULI AH\Semester\Semester 8\Tugas Akhir\Web 2\AzventoryWeb\tests\Feature\Auth\PasswordResetTest.php" line="22" class="Tests\Feature\Auth\PasswordResetTest" classname="Tests.Feature.Auth.PasswordResetTest" assertions="1" time="0.231127"/>
        <testcase name="test_reset_password_screen_can_be_rendered" file="E:\KULI AH\Semester\Semester 8\Tugas Akhir\Web 2\AzventoryWeb\tests\Feature\Auth\PasswordResetTest.php" line="33" class="Tests\Feature\Auth\PasswordResetTest" classname="Tests.Feature.Auth.PasswordResetTest" assertions="2" time="0.252917"/>
        <testcase name="test_password_can_be_reset_with_valid_token" file="E:\KULI AH\Semester\Semester 8\Tugas Akhir\Web 2\AzventoryWeb\tests\Feature\Auth\PasswordResetTest.php" line="50" class="Tests\Feature\Auth\PasswordResetTest" classname="Tests.Feature.Auth.PasswordResetTest" assertions="4" time="0.261916"/>
      </testsuite>
      <testsuite name="Tests\Feature\Auth\PasswordUpdateTest" file="E:\KULI AH\Semester\Semester 8\Tugas Akhir\Web 2\AzventoryWeb\tests\Feature\Auth\PasswordUpdateTest.php" tests="2" assertions="8" errors="0" failures="0" skipped="0" time="0.070379">
        <testcase name="test_password_can_be_updated" file="E:\KULI AH\Semester\Semester 8\Tugas Akhir\Web 2\AzventoryWeb\tests\Feature\Auth\PasswordUpdateTest.php" line="14" class="Tests\Feature\Auth\PasswordUpdateTest" classname="Tests.Feature.Auth.PasswordUpdateTest" assertions="4" time="0.046793"/>
        <testcase name="test_correct_password_must_be_provided_to_update_password" file="E:\KULI AH\Semester\Semester 8\Tugas Akhir\Web 2\AzventoryWeb\tests\Feature\Auth\PasswordUpdateTest.php" line="34" class="Tests\Feature\Auth\PasswordUpdateTest" classname="Tests.Feature.Auth.PasswordUpdateTest" assertions="4" time="0.023586"/>
      </testsuite>
      <testsuite name="Tests\Feature\Auth\RegistrationTest" file="E:\KULI AH\Semester\Semester 8\Tugas Akhir\Web 2\AzventoryWeb\tests\Feature\Auth\RegistrationTest.php" tests="2" assertions="0" errors="0" failures="0" skipped="2" time="0.049713">
        <testcase name="test_registration_screen_can_be_rendered" file="E:\KULI AH\Semester\Semester 8\Tugas Akhir\Web 2\AzventoryWeb\tests\Feature\Auth\RegistrationTest.php" line="12" class="Tests\Feature\Auth\RegistrationTest" classname="Tests.Feature.Auth.RegistrationTest" assertions="0" time="0.028268">
          <skipped/>
        </testcase>
        <testcase name="test_new_users_can_register" file="E:\KULI AH\Semester\Semester 8\Tugas Akhir\Web 2\AzventoryWeb\tests\Feature\Auth\RegistrationTest.php" line="20" class="Tests\Feature\Auth\RegistrationTest" classname="Tests.Feature.Auth.RegistrationTest" assertions="0" time="0.021446">
          <skipped/>
        </testcase>
      </testsuite>
      <testsuite name="Tests\Feature\Dashboard\DashboardAccessTest" file="E:\KULI AH\Semester\Semester 8\Tugas Akhir\Web 2\AzventoryWeb\tests\Feature\Dashboard\DashboardAccessTest.php" tests="1" assertions="1" errors="0" failures="0" skipped="0" time="0.035895">
        <testcase name="superadmin_can_access_dashboard" file="E:\KULI AH\Semester\Semester 8\Tugas Akhir\Web 2\AzventoryWeb\tests\Feature\Dashboard\DashboardAccessTest.php" line="14" class="Tests\Feature\Dashboard\DashboardAccessTest" classname="Tests.Feature.Dashboard.DashboardAccessTest" assertions="1" time="0.035895"/>
      </testsuite>
      <testsuite name="Tests\Feature\Dashboard\DashboardAnalyticsTest" file="E:\KULI AH\Semester\Semester 8\Tugas Akhir\Web 2\AzventoryWeb\tests\Feature\Dashboard\DashboardAnalyticsTest.php" tests="4" assertions="9" errors="0" failures="0" skipped="0" time="0.183151">
        <testcase name="dashboard_shows_correct_basic_stats" file="E:\KULI AH\Semester\Semester 8\Tugas Akhir\Web 2\AzventoryWeb\tests\Feature\Dashboard\DashboardAnalyticsTest.php" line="27" class="Tests\Feature\Dashboard\DashboardAnalyticsTest" classname="Tests.Feature.Dashboard.DashboardAnalyticsTest" assertions="3" time="0.035163"/>
        <testcase name="dashboard_identifies_dead_stock_correctly" file="E:\KULI AH\Semester\Semester 8\Tugas Akhir\Web 2\AzventoryWeb\tests\Feature\Dashboard\DashboardAnalyticsTest.php" line="43" class="Tests\Feature\Dashboard\DashboardAnalyticsTest" classname="Tests.Feature.Dashboard.DashboardAnalyticsTest" assertions="2" time="0.036519"/>
        <testcase name="dashboard_forecast_calculation_logic" file="E:\KULI AH\Semester\Semester 8\Tugas Akhir\Web 2\AzventoryWeb\tests\Feature\Dashboard\DashboardAnalyticsTest.php" line="72" class="Tests\Feature\Dashboard\DashboardAnalyticsTest" classname="Tests.Feature.Dashboard.DashboardAnalyticsTest" assertions="2" time="0.048355"/>
        <testcase name="dashboard_date_filter_affects_analytics" file="E:\KULI AH\Semester\Semester 8\Tugas Akhir\Web 2\AzventoryWeb\tests\Feature\Dashboard\DashboardAnalyticsTest.php" line="122" class="Tests\Feature\Dashboard\DashboardAnalyticsTest" classname="Tests.Feature.Dashboard.DashboardAnalyticsTest" assertions="2" time="0.063113"/>
      </testsuite>
      <testsuite name="Tests\Feature\General\LocalizationTest" file="E:\KULI AH\Semester\Semester 8\Tugas Akhir\Web 2\AzventoryWeb\tests\Feature\General\LocalizationTest.php" tests="2" assertions="11" errors="0" failures="0" skipped="0" time="0.102563">
        <testcase name="guest_views_are_localized" file="E:\KULI AH\Semester\Semester 8\Tugas Akhir\Web 2\AzventoryWeb\tests\Feature\General\LocalizationTest.php" line="14" class="Tests\Feature\General\LocalizationTest" classname="Tests.Feature.General.LocalizationTest" assertions="3" time="0.025310"/>
        <testcase name="superadmin_views_are_localized" file="E:\KULI AH\Semester\Semester 8\Tugas Akhir\Web 2\AzventoryWeb\tests\Feature\General\LocalizationTest.php" line="24" class="Tests\Feature\General\LocalizationTest" classname="Tests.Feature.General.LocalizationTest" assertions="8" time="0.077253"/>
      </testsuite>
      <testsuite name="Tests\Feature\General\RouteAccessTest" file="E:\KULI AH\Semester\Semester 8\Tugas Akhir\Web 2\AzventoryWeb\tests\Feature\General\RouteAccessTest.php" tests="5" assertions="28" errors="0" failures="0" skipped="0" time="0.242880">
        <testcase name="test_public_pages_accessible_by_guest" file="E:\KULI AH\Semester\Semester 8\Tugas Akhir\Web 2\AzventoryWeb\tests\Feature\General\RouteAccessTest.php" line="17" class="Tests\Feature\General\RouteAccessTest" classname="Tests.Feature.General.RouteAccessTest" assertions="3" time="0.025523"/>
        <testcase name="test_protected_routes_redirect_unauthenticated_users" file="E:\KULI AH\Semester\Semester 8\Tugas Akhir\Web 2\AzventoryWeb\tests\Feature\General\RouteAccessTest.php" line="35" class="Tests\Feature\General\RouteAccessTest" classname="Tests.Feature.General.RouteAccessTest" assertions="8" time="0.021796"/>
        <testcase name="test_superadmin_can_access_all_critical_pages" file="E:\KULI AH\Semester\Semester 8\Tugas Akhir\Web 2\AzventoryWeb\tests\Feature\General\RouteAccessTest.php" line="53" class="Tests\Feature\General\RouteAccessTest" classname="Tests.Feature.General.RouteAccessTest" assertions="6" time="0.095112"/>
        <testcase name="test_operator_has_limited_access" file="E:\KULI AH\Semester\Semester 8\Tugas Akhir\Web 2\AzventoryWeb\tests\Feature\General\RouteAccessTest.php" line="77" class="Tests\Feature\General\RouteAccessTest" classname="Tests.Feature.General.RouteAccessTest" assertions="5" time="0.064828"/>
        <testcase name="test_dashboard_redirects_based_on_role" file="E:\KULI AH\Semester\Semester 8\Tugas Akhir\Web 2\AzventoryWeb\tests\Feature\General\RouteAccessTest.php" line="102" class="Tests\Feature\General\RouteAccessTest" classname="Tests.Feature.General.RouteAccessTest" assertions="6" time="0.035621"/>
      </testsuite>
      <testsuite name="Tests\Feature\General\SecurityTest" file="E:\KULI AH\Semester\Semester 8\Tugas Akhir\Web 2\AzventoryWeb\tests\Feature\General\SecurityTest.php" tests="5" assertions="6" errors="0" failures="1" skipped="0" time="0.248855">
        <testcase name="operator_cannot_access_superadmin_dashboard" file="E:\KULI AH\Semester\Semester 8\Tugas Akhir\Web 2\AzventoryWeb\tests\Feature\General\SecurityTest.php" line="27" class="Tests\Feature\General\SecurityTest" classname="Tests.Feature.General.SecurityTest" assertions="1" time="0.033355"/>
        <testcase name="admin_cannot_access_superadmin_dashboard" file="E:\KULI AH\Semester\Semester 8\Tugas Akhir\Web 2\AzventoryWeb\tests\Feature\General\SecurityTest.php" line="34" class="Tests\Feature\General\SecurityTest" classname="Tests.Feature.General.SecurityTest" assertions="1" time="0.028867"/>
        <testcase name="unauthenticated_user_redirected_to_login" file="E:\KULI AH\Semester\Semester 8\Tugas Akhir\Web 2\AzventoryWeb\tests\Feature\General\SecurityTest.php" line="44" class="Tests\Feature\General\SecurityTest" classname="Tests.Feature.General.SecurityTest" assertions="2" time="0.023321"/>
        <testcase name="operator_cannot_perform_dangerous_actions" file="E:\KULI AH\Semester\Semester 8\Tugas Akhir\Web 2\AzventoryWeb\tests\Feature\General\SecurityTest.php" line="51" class="Tests\Feature\General\SecurityTest" classname="Tests.Feature.General.SecurityTest" assertions="1" time="0.025497"/>
        <testcase name="operator_cannot_view_audit_logs" file="E:\KULI AH\Semester\Semester 8\Tugas Akhir\Web 2\AzventoryWeb\tests\Feature\General\SecurityTest.php" line="58" class="Tests\Feature\General\SecurityTest" classname="Tests.Feature.General.SecurityTest" assertions="1" time="0.137815">
          <failure type="PHPUnit\Framework\ExpectationFailedException">Tests\Feature\General\SecurityTest::operator_cannot_view_audit_logs&#13;
Expected response status code [403] but received 200.
Failed asserting that 200 is identical to 403.
&#13;
E:\KULI AH\Semester\Semester 8\Tugas Akhir\Web 2\AzventoryWeb\vendor\laravel\framework\src\Illuminate\Testing\TestResponseAssert.php:45
E:\KULI AH\Semester\Semester 8\Tugas Akhir\Web 2\AzventoryWeb\vendor\laravel\framework\src\Illuminate\Testing\TestResponse.php:174
E:\KULI AH\Semester\Semester 8\Tugas Akhir\Web 2\AzventoryWeb\tests\Feature\General\SecurityTest.php:61</failure>
        </testcase>
      </testsuite>
      <testsuite name="Tests\Feature\Inventory\BorrowingTest" file="E:\KULI AH\Semester\Semester 8\Tugas Akhir\Web 2\AzventoryWeb\tests\Feature\Inventory\BorrowingTest.php" tests="3" assertions="10" errors="0" failures="0" skipped="0" time="0.202878">
        <testcase name="superadmin_can_borrow_item" file="E:\KULI AH\Semester\Semester 8\Tugas Akhir\Web 2\AzventoryWeb\tests\Feature\Inventory\BorrowingTest.php" line="35" class="Tests\Feature\Inventory\BorrowingTest" classname="Tests.Feature.Inventory.BorrowingTest" assertions="4" time="0.125311"/>
        <testcase name="superadmin_cannot_borrow_more_than_stock" file="E:\KULI AH\Semester\Semester 8\Tugas Akhir\Web 2\AzventoryWeb\tests\Feature\Inventory\BorrowingTest.php" line="68" class="Tests\Feature\Inventory\BorrowingTest" classname="Tests.Feature.Inventory.BorrowingTest" assertions="2" time="0.025218"/>
        <testcase name="superadmin_can_return_borrowed_item_good_condition" file="E:\KULI AH\Semester\Semester 8\Tugas Akhir\Web 2\AzventoryWeb\tests\Feature\Inventory\BorrowingTest.php" line="82" class="Tests\Feature\Inventory\BorrowingTest" classname="Tests.Feature.Inventory.BorrowingTest" assertions="4" time="0.052349"/>
      </testsuite>
      <testsuite name="Tests\Feature\Inventory\ComprehensiveInventoryTest" file="E:\KULI AH\Semester\Semester 8\Tugas Akhir\Web 2\AzventoryWeb\tests\Feature\Inventory\ComprehensiveInventoryTest.php" tests="3" assertions="13" errors="0" failures="0" skipped="0" time="0.097523">
        <testcase name="test_duplicate_item_merges_stock_when_input_stock_is_positive" file="E:\KULI AH\Semester\Semester 8\Tugas Akhir\Web 2\AzventoryWeb\tests\Feature\Inventory\ComprehensiveInventoryTest.php" line="24" class="Tests\Feature\Inventory\ComprehensiveInventoryTest" classname="Tests.Feature.Inventory.ComprehensiveInventoryTest" assertions="5" time="0.046271"/>
        <testcase name="test_duplicate_item_shows_warning_when_input_stock_is_zero" file="E:\KULI AH\Semester\Semester 8\Tugas Akhir\Web 2\AzventoryWeb\tests\Feature\Inventory\ComprehensiveInventoryTest.php" line="74" class="Tests\Feature\Inventory\ComprehensiveInventoryTest" classname="Tests.Feature.Inventory.ComprehensiveInventoryTest" assertions="4" time="0.025456"/>
        <testcase name="test_create_new_item_validates_required_fields" file="E:\KULI AH\Semester\Semester 8\Tugas Akhir\Web 2\AzventoryWeb\tests\Feature\Inventory\ComprehensiveInventoryTest.php" line="125" class="Tests\Feature\Inventory\ComprehensiveInventoryTest" classname="Tests.Feature.Inventory.ComprehensiveInventoryTest" assertions="4" time="0.025796"/>
      </testsuite>
      <testsuite name="Tests\Feature\Inventory\DuplicateItemTest" file="E:\KULI AH\Semester\Semester 8\Tugas Akhir\Web 2\AzventoryWeb\tests\Feature\Inventory\DuplicateItemTest.php" tests="2" assertions="11" errors="0" failures="0" skipped="0" time="0.137123">
        <testcase name="it_merges_stock_when_exact_duplicate_is_added" file="E:\KULI AH\Semester\Semester 8\Tugas Akhir\Web 2\AzventoryWeb\tests\Feature\Inventory\DuplicateItemTest.php" line="27" class="Tests\Feature\Inventory\DuplicateItemTest" classname="Tests.Feature.Inventory.DuplicateItemTest" assertions="7" time="0.070097"/>
        <testcase name="it_creates_new_item_if_one_attribute_differs" file="E:\KULI AH\Semester\Semester 8\Tugas Akhir\Web 2\AzventoryWeb\tests\Feature\Inventory\DuplicateItemTest.php" line="74" class="Tests\Feature\Inventory\DuplicateItemTest" classname="Tests.Feature.Inventory.DuplicateItemTest" assertions="4" time="0.067025"/>
      </testsuite>
      <testsuite name="Tests\Feature\Inventory\EdgeCaseTest" file="E:\KULI AH\Semester\Semester 8\Tugas Akhir\Web 2\AzventoryWeb\tests\Feature\Inventory\EdgeCaseTest.php" tests="4" assertions="11" errors="0" failures="1" skipped="0" time="0.130083">
        <testcase name="system_prevents_negative_stock_input_on_create" file="E:\KULI AH\Semester\Semester 8\Tugas Akhir\Web 2\AzventoryWeb\tests\Feature\Inventory\EdgeCaseTest.php" line="24" class="Tests\Feature\Inventory\EdgeCaseTest" classname="Tests.Feature.Inventory.EdgeCaseTest" assertions="3" time="0.030204"/>
        <testcase name="system_prevents_negative_stock_through_borrowing" file="E:\KULI AH\Semester\Semester 8\Tugas Akhir\Web 2\AzventoryWeb\tests\Feature\Inventory\EdgeCaseTest.php" line="46" class="Tests\Feature\Inventory\EdgeCaseTest" classname="Tests.Feature.Inventory.EdgeCaseTest" assertions="2" time="0.033441"/>
        <testcase name="cannot_delete_item_with_active_borrowing" file="E:\KULI AH\Semester\Semester 8\Tugas Akhir\Web 2\AzventoryWeb\tests\Feature\Inventory\EdgeCaseTest.php" line="67" class="Tests\Feature\Inventory\EdgeCaseTest" classname="Tests.Feature.Inventory.EdgeCaseTest" assertions="2" time="0.027155">
          <failure type="PHPUnit\Framework\ExpectationFailedException">Tests\Feature\Inventory\EdgeCaseTest::cannot_delete_item_with_active_borrowing&#13;
Failed asserting that two strings are equal.
--- Expected
+++ Actual
@@ @@
-'Barang tidak dapat dihapus karena sedang dipinjam.'
+'Tidak dapat menghapus item ini karena sedang dipinjam atau belum dikembalikan. Selesaikan peminjaman terlebih dahulu.'
&#13;
E:\KULI AH\Semester\Semester 8\Tugas Akhir\Web 2\AzventoryWeb\vendor\laravel\framework\src\Illuminate\Testing\TestResponseAssert.php:45
E:\KULI AH\Semester\Semester 8\Tugas Akhir\Web 2\AzventoryWeb\vendor\laravel\framework\src\Illuminate\Testing\TestResponse.php:1547
E:\KULI AH\Semester\Semester 8\Tugas Akhir\Web 2\AzventoryWeb\tests\Feature\Inventory\EdgeCaseTest.php:87</failure>
        </testcase>
        <testcase name="merges_stock_if_duplicate_part_number_exists" file="E:\KULI AH\Semester\Semester 8\Tugas Akhir\Web 2\AzventoryWeb\tests\Feature\Inventory\EdgeCaseTest.php" line="92" class="Tests\Feature\Inventory\EdgeCaseTest" classname="Tests.Feature.Inventory.EdgeCaseTest" assertions="4" time="0.039283"/>
      </testsuite>
      <testsuite name="Tests\Feature\Inventory\InventoryBulkActionTest" file="E:\KULI AH\Semester\Semester 8\Tugas Akhir\Web 2\AzventoryWeb\tests\Feature\Inventory\InventoryBulkActionTest.php" tests="4" assertions="10" errors="0" failures="0" skipped="0" time="0.154868">
        <testcase name="test_superadmin_can_bulk_restore_items" file="E:\KULI AH\Semester\Semester 8\Tugas Akhir\Web 2\AzventoryWeb\tests\Feature\Inventory\InventoryBulkActionTest.php" line="26" class="Tests\Feature\Inventory\InventoryBulkActionTest" classname="Tests.Feature.Inventory.InventoryBulkActionTest" assertions="4" time="0.045760"/>
        <testcase name="test_superadmin_can_bulk_force_delete_items" file="E:\KULI AH\Semester\Semester 8\Tugas Akhir\Web 2\AzventoryWeb\tests\Feature\Inventory\InventoryBulkActionTest.php" line="48" class="Tests\Feature\Inventory\InventoryBulkActionTest" classname="Tests.Feature.Inventory.InventoryBulkActionTest" assertions="4" time="0.043146"/>
        <testcase name="test_operator_cannot_bulk_restore" file="E:\KULI AH\Semester\Semester 8\Tugas Akhir\Web 2\AzventoryWeb\tests\Feature\Inventory\InventoryBulkActionTest.php" line="67" class="Tests\Feature\Inventory\InventoryBulkActionTest" classname="Tests.Feature.Inventory.InventoryBulkActionTest" assertions="1" time="0.037329"/>
        <testcase name="test_operator_cannot_bulk_force_delete" file="E:\KULI AH\Semester\Semester 8\Tugas Akhir\Web 2\AzventoryWeb\tests\Feature\Inventory\InventoryBulkActionTest.php" line="82" class="Tests\Feature\Inventory\InventoryBulkActionTest" classname="Tests.Feature.Inventory.InventoryBulkActionTest" assertions="1" time="0.028633"/>
      </testsuite>
      <testsuite name="Tests\Feature\Inventory\InventoryCrudTest" file="E:\KULI AH\Semester\Semester 8\Tugas Akhir\Web 2\AzventoryWeb\tests\Feature\Inventory\InventoryCrudTest.php" tests="5" assertions="15" errors="0" failures="0" skipped="0" time="0.208161">
        <testcase name="test_inventory_list_can_be_rendered" file="E:\KULI AH\Semester\Semester 8\Tugas Akhir\Web 2\AzventoryWeb\tests\Feature\Inventory\InventoryCrudTest.php" line="26" class="Tests\Feature\Inventory\InventoryCrudTest" classname="Tests.Feature.Inventory.InventoryCrudTest" assertions="1" time="0.036981"/>
        <testcase name="test_can_create_new_sparepart" file="E:\KULI AH\Semester\Semester 8\Tugas Akhir\Web 2\AzventoryWeb\tests\Feature\Inventory\InventoryCrudTest.php" line="33" class="Tests\Feature\Inventory\InventoryCrudTest" classname="Tests.Feature.Inventory.InventoryCrudTest" assertions="3" time="0.049773"/>
        <testcase name="test_can_update_sparepart_stock" file="E:\KULI AH\Semester\Semester 8\Tugas Akhir\Web 2\AzventoryWeb\tests\Feature\Inventory\InventoryCrudTest.php" line="67" class="Tests\Feature\Inventory\InventoryCrudTest" classname="Tests.Feature.Inventory.InventoryCrudTest" assertions="3" time="0.056768"/>
        <testcase name="test_can_delete_sparepart" file="E:\KULI AH\Semester\Semester 8\Tugas Akhir\Web 2\AzventoryWeb\tests\Feature\Inventory\InventoryCrudTest.php" line="96" class="Tests\Feature\Inventory\InventoryCrudTest" classname="Tests.Feature.Inventory.InventoryCrudTest" assertions="4" time="0.040277"/>
        <testcase name="test_superadmin_can_check_part_number_availability" file="E:\KULI AH\Semester\Semester 8\Tugas Akhir\Web 2\AzventoryWeb\tests\Feature\Inventory\InventoryCrudTest.php" line="113" class="Tests\Feature\Inventory\InventoryCrudTest" classname="Tests.Feature.Inventory.InventoryCrudTest" assertions="4" time="0.024362"/>
      </testsuite>
      <testsuite name="Tests\Feature\Inventory\InventoryTransactionTest" file="E:\KULI AH\Semester\Semester 8\Tugas Akhir\Web 2\AzventoryWeb\tests\Feature\Inventory\InventoryTransactionTest.php" tests="6" assertions="30" errors="0" failures="0" skipped="0" time="0.300394">
        <testcase name="it_creates_sparepart_creates_stock_log_and_activity_log_atomically" file="E:\KULI AH\Semester\Semester 8\Tugas Akhir\Web 2\AzventoryWeb\tests\Feature\Inventory\InventoryTransactionTest.php" line="47" class="Tests\Feature\Inventory\InventoryTransactionTest" classname="Tests.Feature.Inventory.InventoryTransactionTest" assertions="6" time="0.057816"/>
        <testcase name="it_updates_sparepart_and_logs_activity" file="E:\KULI AH\Semester\Semester 8\Tugas Akhir\Web 2\AzventoryWeb\tests\Feature\Inventory\InventoryTransactionTest.php" line="97" class="Tests\Feature\Inventory\InventoryTransactionTest" classname="Tests.Feature.Inventory.InventoryTransactionTest" assertions="5" time="0.055563"/>
        <testcase name="it_soft_deletes_sparepart_and_logs_activity" file="E:\KULI AH\Semester\Semester 8\Tugas Akhir\Web 2\AzventoryWeb\tests\Feature\Inventory\InventoryTransactionTest.php" line="139" class="Tests\Feature\Inventory\InventoryTransactionTest" classname="Tests.Feature.Inventory.InventoryTransactionTest" assertions="5" time="0.044386"/>
        <testcase name="it_restores_sparepart_and_logs_activity" file="E:\KULI AH\Semester\Semester 8\Tugas Akhir\Web 2\AzventoryWeb\tests\Feature\Inventory\InventoryTransactionTest.php" line="162" class="Tests\Feature\Inventory\InventoryTransactionTest" classname="Tests.Feature.Inventory.InventoryTransactionTest" assertions="5" time="0.045265"/>
        <testcase name="it_force_deletes_sparepart_and_logs_activity" file="E:\KULI AH\Semester\Semester 8\Tugas Akhir\Web 2\AzventoryWeb\tests\Feature\Inventory\InventoryTransactionTest.php" line="186" class="Tests\Feature\Inventory\InventoryTransactionTest" classname="Tests.Feature.Inventory.InventoryTransactionTest" assertions="5" time="0.043357"/>
        <testcase name="it_handles_duplicate_entry_merging_correctly" file="E:\KULI AH\Semester\Semester 8\Tugas Akhir\Web 2\AzventoryWeb\tests\Feature\Inventory\InventoryTransactionTest.php" line="210" class="Tests\Feature\Inventory\InventoryTransactionTest" classname="Tests.Feature.Inventory.InventoryTransactionTest" assertions="4" time="0.054006"/>
      </testsuite>
      <testsuite name="Tests\Feature\Inventory\MergeConfirmationTest" file="E:\KULI AH\Semester\Semester 8\Tugas Akhir\Web 2\AzventoryWeb\tests\Feature\Inventory\MergeConfirmationTest.php" tests="6" assertions="27" errors="0" failures="0" skipped="0" time="0.267152">
        <testcase name="test_edit_barang_tanpa_duplikat_tidak_muncul_konfirmasi" file="E:\KULI AH\Semester\Semester 8\Tugas Akhir\Web 2\AzventoryWeb\tests\Feature\Inventory\MergeConfirmationTest.php" line="18" class="Tests\Feature\Inventory\MergeConfirmationTest" classname="Tests.Feature.Inventory.MergeConfirmationTest" assertions="5" time="0.067806"/>
        <testcase name="test_edit_barang_yang_menjadi_duplikat_muncul_konfirmasi" file="E:\KULI AH\Semester\Semester 8\Tugas Akhir\Web 2\AzventoryWeb\tests\Feature\Inventory\MergeConfirmationTest.php" line="63" class="Tests\Feature\Inventory\MergeConfirmationTest" classname="Tests.Feature.Inventory.MergeConfirmationTest" assertions="4" time="0.023862"/>
        <testcase name="test_user_pilih_merge_stock_bergabung" file="E:\KULI AH\Semester\Semester 8\Tugas Akhir\Web 2\AzventoryWeb\tests\Feature\Inventory\MergeConfirmationTest.php" line="125" class="Tests\Feature\Inventory\MergeConfirmationTest" classname="Tests.Feature.Inventory.MergeConfirmationTest" assertions="5" time="0.043827"/>
        <testcase name="test_user_pilih_keep_separate_tetap_terpisah" file="E:\KULI AH\Semester\Semester 8\Tugas Akhir\Web 2\AzventoryWeb\tests\Feature\Inventory\MergeConfirmationTest.php" line="191" class="Tests\Feature\Inventory\MergeConfirmationTest" classname="Tests.Feature.Inventory.MergeConfirmationTest" assertions="5" time="0.057727"/>
        <testcase name="test_merge_transfer_borrowing_history" file="E:\KULI AH\Semester\Semester 8\Tugas Akhir\Web 2\AzventoryWeb\tests\Feature\Inventory\MergeConfirmationTest.php" line="259" class="Tests\Feature\Inventory\MergeConfirmationTest" classname="Tests.Feature.Inventory.MergeConfirmationTest" assertions="3" time="0.045292"/>
        <testcase name="test_cannot_merge_if_item_currently_borrowed" file="E:\KULI AH\Semester\Semester 8\Tugas Akhir\Web 2\AzventoryWeb\tests\Feature\Inventory\MergeConfirmationTest.php" line="333" class="Tests\Feature\Inventory\MergeConfirmationTest" classname="Tests.Feature.Inventory.MergeConfirmationTest" assertions="5" time="0.028638"/>
      </testsuite>
      <testsuite name="Tests\Feature\Inventory\PolicyTest" file="E:\KULI AH\Semester\Semester 8\Tugas Akhir\Web 2\AzventoryWeb\tests\Feature\Inventory\PolicyTest.php" tests="3" assertions="26" errors="0" failures="0" skipped="0" time="0.339543">
        <testcase name="superadmin_can_access_all_inventory_actions" file="E:\KULI AH\Semester\Semester 8\Tugas Akhir\Web 2\AzventoryWeb\tests\Feature\Inventory\PolicyTest.php" line="17" class="Tests\Feature\Inventory\PolicyTest" classname="Tests.Feature.Inventory.PolicyTest" assertions="9" time="0.140057"/>
        <testcase name="admin_can_access_most_actions_except_restore_and_force_delete" file="E:\KULI AH\Semester\Semester 8\Tugas Akhir\Web 2\AzventoryWeb\tests\Feature\Inventory\PolicyTest.php" line="49" class="Tests\Feature\Inventory\PolicyTest" classname="Tests.Feature.Inventory.PolicyTest" assertions="8" time="0.115353"/>
        <testcase name="operator_can_only_view" file="E:\KULI AH\Semester\Semester 8\Tugas Akhir\Web 2\AzventoryWeb\tests\Feature\Inventory\PolicyTest.php" line="79" class="Tests\Feature\Inventory\PolicyTest" classname="Tests.Feature.Inventory.PolicyTest" assertions="9" time="0.084133"/>
      </testsuite>
      <testsuite name="Tests\Feature\Inventory\QuantityInputTest" file="E:\KULI AH\Semester\Semester 8\Tugas Akhir\Web 2\AzventoryWeb\tests\Feature\Inventory\QuantityInputTest.php" tests="2" assertions="6" errors="0" failures="0" skipped="0" time="0.119955">
        <testcase name="test_create_page_stock_input_defaults_to_empty" file="E:\KULI AH\Semester\Semester 8\Tugas Akhir\Web 2\AzventoryWeb\tests\Feature\Inventory\QuantityInputTest.php" line="14" class="Tests\Feature\Inventory\QuantityInputTest" classname="Tests.Feature.Inventory.QuantityInputTest" assertions="3" time="0.047887"/>
        <testcase name="test_show_page_alpine_initializes_inputs_to_empty" file="E:\KULI AH\Semester\Semester 8\Tugas Akhir\Web 2\AzventoryWeb\tests\Feature\Inventory\QuantityInputTest.php" line="30" class="Tests\Feature\Inventory\QuantityInputTest" classname="Tests.Feature.Inventory.QuantityInputTest" assertions="3" time="0.072068"/>
      </testsuite>
      <testsuite name="Tests\Feature\Inventory\ReturnBorrowingTest" file="E:\KULI AH\Semester\Semester 8\Tugas Akhir\Web 2\AzventoryWeb\tests\Feature\Inventory\ReturnBorrowingTest.php" tests="4" assertions="12" errors="0" failures="0" skipped="0" time="0.180452">
        <testcase name="test_return_item_validation_good_condition_needs_photo" file="E:\KULI AH\Semester\Semester 8\Tugas Akhir\Web 2\AzventoryWeb\tests\Feature\Inventory\ReturnBorrowingTest.php" line="18" class="Tests\Feature\Inventory\ReturnBorrowingTest" classname="Tests.Feature.Inventory.ReturnBorrowingTest" assertions="3" time="0.038213"/>
        <testcase name="test_return_item_validation_max_quantity" file="E:\KULI AH\Semester\Semester 8\Tugas Akhir\Web 2\AzventoryWeb\tests\Feature\Inventory\ReturnBorrowingTest.php" line="55" class="Tests\Feature\Inventory\ReturnBorrowingTest" classname="Tests.Feature.Inventory.ReturnBorrowingTest" assertions="3" time="0.025441"/>
        <testcase name="test_return_item_success_with_photos" file="E:\KULI AH\Semester\Semester 8\Tugas Akhir\Web 2\AzventoryWeb\tests\Feature\Inventory\ReturnBorrowingTest.php" line="79" class="Tests\Feature\Inventory\ReturnBorrowingTest" classname="Tests.Feature.Inventory.ReturnBorrowingTest" assertions="1" time="0.060894"/>
        <testcase name="test_return_item_with_damaged_condition_updates_inventory" file="E:\KULI AH\Semester\Semester 8\Tugas Akhir\Web 2\AzventoryWeb\tests\Feature\Inventory\ReturnBorrowingTest.php" line="106" class="Tests\Feature\Inventory\ReturnBorrowingTest" classname="Tests.Feature.Inventory.ReturnBorrowingTest" assertions="5" time="0.055903"/>
      </testsuite>
      <testsuite name="Tests\Feature\Inventory\StockApprovalTest" file="E:\KULI AH\Semester\Semester 8\Tugas Akhir\Web 2\AzventoryWeb\tests\Feature\Inventory\StockApprovalTest.php" tests="3" assertions="10" errors="0" failures="0" skipped="0" time="0.168440">
        <testcase name="superadmin_can_view_pending_approvals" file="E:\KULI AH\Semester\Semester 8\Tugas Akhir\Web 2\AzventoryWeb\tests\Feature\Inventory\StockApprovalTest.php" line="30" class="Tests\Feature\Inventory\StockApprovalTest" classname="Tests.Feature.Inventory.StockApprovalTest" assertions="3" time="0.059124"/>
        <testcase name="superadmin_can_approve_stock_request" file="E:\KULI AH\Semester\Semester 8\Tugas Akhir\Web 2\AzventoryWeb\tests\Feature\Inventory\StockApprovalTest.php" line="52" class="Tests\Feature\Inventory\StockApprovalTest" classname="Tests.Feature.Inventory.StockApprovalTest" assertions="5" time="0.065548"/>
        <testcase name="superadmin_can_reject_stock_request" file="E:\KULI AH\Semester\Semester 8\Tugas Akhir\Web 2\AzventoryWeb\tests\Feature\Inventory\StockApprovalTest.php" line="94" class="Tests\Feature\Inventory\StockApprovalTest" classname="Tests.Feature.Inventory.StockApprovalTest" assertions="2" time="0.043769"/>
      </testsuite>
      <testsuite name="Tests\Feature\Notifications\NotificationLogicTest" file="E:\KULI AH\Semester\Semester 8\Tugas Akhir\Web 2\AzventoryWeb\tests\Feature\Notifications\NotificationLogicTest.php" tests="2" assertions="7" errors="0" failures="0" skipped="0" time="0.118958">
        <testcase name="test_low_stock_notification_triggered_on_borrow" file="E:\KULI AH\Semester\Semester 8\Tugas Akhir\Web 2\AzventoryWeb\tests\Feature\Notifications\NotificationLogicTest.php" line="34" class="Tests\Feature\Notifications\NotificationLogicTest" classname="Tests.Feature.Notifications.NotificationLogicTest" assertions="4" time="0.049232"/>
        <testcase name="test_missing_price_notification_triggered_on_create" file="E:\KULI AH\Semester\Semester 8\Tugas Akhir\Web 2\AzventoryWeb\tests\Feature\Notifications\NotificationLogicTest.php" line="70" class="Tests\Feature\Notifications\NotificationLogicTest" classname="Tests.Feature.Notifications.NotificationLogicTest" assertions="3" time="0.069725"/>
      </testsuite>
      <testsuite name="Tests\Feature\Notifications\NotificationTest" file="E:\KULI AH\Semester\Semester 8\Tugas Akhir\Web 2\AzventoryWeb\tests\Feature\Notifications\NotificationTest.php" tests="3" assertions="6" errors="0" failures="0" skipped="0" time="0.093408">
        <testcase name="superadmin_can_view_notifications" file="E:\KULI AH\Semester\Semester 8\Tugas Akhir\Web 2\AzventoryWeb\tests\Feature\Notifications\NotificationTest.php" line="23" class="Tests\Feature\Notifications\NotificationTest" classname="Tests.Feature.Notifications.NotificationTest" assertions="2" time="0.048427"/>
        <testcase name="superadmin_can_mark_notification_as_read" file="E:\KULI AH\Semester\Semester 8\Tugas Akhir\Web 2\AzventoryWeb\tests\Feature\Notifications\NotificationTest.php" line="43" class="Tests\Feature\Notifications\NotificationTest" classname="Tests.Feature.Notifications.NotificationTest" assertions="3" time="0.024260"/>
        <testcase name="test_low_stock_notification_can_be_triggered" file="E:\KULI AH\Semester\Semester 8\Tugas Akhir\Web 2\AzventoryWeb\tests\Feature\Notifications\NotificationTest.php" line="63" class="Tests\Feature\Notifications\NotificationTest" classname="Tests.Feature.Notifications.NotificationTest" assertions="1" time="0.020721"/>
      </testsuite>
      <testsuite name="Tests\Feature\Profile\ProfileTest" file="E:\KULI AH\Semester\Semester 8\Tugas Akhir\Web 2\AzventoryWeb\tests\Feature\Profile\ProfileTest.php" tests="5" assertions="22" errors="0" failures="0" skipped="0" time="0.203045">
        <testcase name="test_profile_page_is_displayed" file="E:\KULI AH\Semester\Semester 8\Tugas Akhir\Web 2\AzventoryWeb\tests\Feature\Profile\ProfileTest.php" line="13" class="Tests\Feature\Profile\ProfileTest" classname="Tests.Feature.Profile.ProfileTest" assertions="1" time="0.037801"/>
        <testcase name="test_profile_information_can_be_updated" file="E:\KULI AH\Semester\Semester 8\Tugas Akhir\Web 2\AzventoryWeb\tests\Feature\Profile\ProfileTest.php" line="24" class="Tests\Feature\Profile\ProfileTest" classname="Tests.Feature.Profile.ProfileTest" assertions="7" time="0.049278"/>
        <testcase name="test_email_verification_status_is_unchanged_when_the_email_address_is_unchanged" file="E:\KULI AH\Semester\Semester 8\Tugas Akhir\Web 2\AzventoryWeb\tests\Feature\Profile\ProfileTest.php" line="48" class="Tests\Feature\Profile\ProfileTest" classname="Tests.Feature.Profile.ProfileTest" assertions="4" time="0.044136"/>
        <testcase name="test_user_can_delete_their_account" file="E:\KULI AH\Semester\Semester 8\Tugas Akhir\Web 2\AzventoryWeb\tests\Feature\Profile\ProfileTest.php" line="67" class="Tests\Feature\Profile\ProfileTest" classname="Tests.Feature.Profile.ProfileTest" assertions="5" time="0.045730"/>
        <testcase name="test_correct_password_must_be_provided_to_delete_account" file="E:\KULI AH\Semester\Semester 8\Tugas Akhir\Web 2\AzventoryWeb\tests\Feature\Profile\ProfileTest.php" line="85" class="Tests\Feature\Profile\ProfileTest" classname="Tests.Feature.Profile.ProfileTest" assertions="5" time="0.026100"/>
      </testsuite>
      <testsuite name="Tests\Feature\Reports\ActivityLogTest" file="E:\KULI AH\Semester\Semester 8\Tugas Akhir\Web 2\AzventoryWeb\tests\Feature\Reports\ActivityLogTest.php" tests="3" assertions="8" errors="0" failures="0" skipped="0" time="0.219422">
        <testcase name="can_filter_logs_by_action_and_user" file="E:\KULI AH\Semester\Semester 8\Tugas Akhir\Web 2\AzventoryWeb\tests\Feature\Reports\ActivityLogTest.php" line="24" class="Tests\Feature\Reports\ActivityLogTest" classname="Tests.Feature.Reports.ActivityLogTest" assertions="2" time="0.086996"/>
        <testcase name="can_export_logs_to_excel_directly" file="E:\KULI AH\Semester\Semester 8\Tugas Akhir\Web 2\AzventoryWeb\tests\Feature\Reports\ActivityLogTest.php" line="61" class="Tests\Feature\Reports\ActivityLogTest" classname="Tests.Feature.Reports.ActivityLogTest" assertions="3" time="0.084846"/>
        <testcase name="export_pdf_dispatches_job" file="E:\KULI AH\Semester\Semester 8\Tugas Akhir\Web 2\AzventoryWeb\tests\Feature\Reports\ActivityLogTest.php" line="74" class="Tests\Feature\Reports\ActivityLogTest" classname="Tests.Feature.Reports.ActivityLogTest" assertions="3" time="0.047580"/>
      </testsuite>
      <testsuite name="Tests\Feature\Reports\AuditTest" file="E:\KULI AH\Semester\Semester 8\Tugas Akhir\Web 2\AzventoryWeb\tests\Feature\Reports\AuditTest.php" tests="3" assertions="9" errors="1" failures="0" skipped="0" time="0.167739">
        <testcase name="inventory_index_uses_cache_for_dropdowns" file="E:\KULI AH\Semester\Semester 8\Tugas Akhir\Web 2\AzventoryWeb\tests\Feature\Reports\AuditTest.php" line="34" class="Tests\Feature\Reports\AuditTest" classname="Tests.Feature.Reports.AuditTest" assertions="2" time="0.067117">
          <error type="Mockery\Exception\InvalidCountException">Tests\Feature\Reports\AuditTest::inventory_index_uses_cache_for_dropdowns&#13;
Mockery\Exception\InvalidCountException: Method remember(&lt;Any Arguments&gt;) from Mockery_4_Illuminate_Cache_CacheManager should be called&#13;
 exactly 7 times but called 8 times.
&#13;
E:\KULI AH\Semester\Semester 8\Tugas Akhir\Web 2\AzventoryWeb\vendor\mockery\mockery\library\Mockery\CountValidator\Exact.php:32
E:\KULI AH\Semester\Semester 8\Tugas Akhir\Web 2\AzventoryWeb\vendor\mockery\mockery\library\Mockery\Expectation.php:739
E:\KULI AH\Semester\Semester 8\Tugas Akhir\Web 2\AzventoryWeb\vendor\mockery\mockery\library\Mockery\ExpectationDirector.php:202
E:\KULI AH\Semester\Semester 8\Tugas Akhir\Web 2\AzventoryWeb\vendor\mockery\mockery\library\Mockery\Container.php:583
E:\KULI AH\Semester\Semester 8\Tugas Akhir\Web 2\AzventoryWeb\vendor\mockery\mockery\library\Mockery\Container.php:519
E:\KULI AH\Semester\Semester 8\Tugas Akhir\Web 2\AzventoryWeb\vendor\mockery\mockery\library\Mockery.php:176
E:\KULI AH\Semester\Semester 8\Tugas Akhir\Web 2\AzventoryWeb\vendor\laravel\framework\src\Illuminate\Foundation\Testing\Concerns\InteractsWithTestCaseLifecycle.php:145
E:\KULI AH\Semester\Semester 8\Tugas Akhir\Web 2\AzventoryWeb\vendor\laravel\framework\src\Illuminate\Foundation\Testing\TestCase.php:85</error>
        </testcase>
        <testcase name="pdf_report_generation_is_queued" file="E:\KULI AH\Semester\Semester 8\Tugas Akhir\Web 2\AzventoryWeb\tests\Feature\Reports\AuditTest.php" line="47" class="Tests\Feature\Reports\AuditTest" classname="Tests.Feature.Reports.AuditTest" assertions="3" time="0.048862"/>
        <testcase name="excel_report_generation_is_synchronous" file="E:\KULI AH\Semester\Semester 8\Tugas Akhir\Web 2\AzventoryWeb\tests\Feature\Reports\AuditTest.php" line="66" class="Tests\Feature\Reports\AuditTest" classname="Tests.Feature.Reports.AuditTest" assertions="4" time="0.051760"/>
      </testsuite>
      <testsuite name="Tests\Feature\Reports\ReportTest" file="E:\KULI AH\Semester\Semester 8\Tugas Akhir\Web 2\AzventoryWeb\tests\Feature\Reports\ReportTest.php" tests="4" assertions="8" errors="0" failures="0" skipped="0" time="0.155921">
        <testcase name="superadmin_can_download_pdf_report_via_queue" file="E:\KULI AH\Semester\Semester 8\Tugas Akhir\Web 2\AzventoryWeb\tests\Feature\Reports\ReportTest.php" line="25" class="Tests\Feature\Reports\ReportTest" classname="Tests.Feature.Reports.ReportTest" assertions="3" time="0.049671"/>
        <testcase name="superadmin_can_download_excel_report_directly" file="E:\KULI AH\Semester\Semester 8\Tugas Akhir\Web 2\AzventoryWeb\tests\Feature\Reports\ReportTest.php" line="43" class="Tests\Feature\Reports\ReportTest" classname="Tests.Feature.Reports.ReportTest" assertions="3" time="0.046392"/>
        <testcase name="superadmin_can_access_reports_page" file="E:\KULI AH\Semester\Semester 8\Tugas Akhir\Web 2\AzventoryWeb\tests\Feature\Reports\ReportTest.php" line="55" class="Tests\Feature\Reports\ReportTest" classname="Tests.Feature.Reports.ReportTest" assertions="1" time="0.031942"/>
        <testcase name="superadmin_can_access_qr_scan_page" file="E:\KULI AH\Semester\Semester 8\Tugas Akhir\Web 2\AzventoryWeb\tests\Feature\Reports\ReportTest.php" line="62" class="Tests\Feature\Reports\ReportTest" classname="Tests.Feature.Reports.ReportTest" assertions="1" time="0.027916"/>
      </testsuite>
      <testsuite name="Tests\Feature\Roles\AdminRoleTest" file="E:\KULI AH\Semester\Semester 8\Tugas Akhir\Web 2\AzventoryWeb\tests\Feature\Roles\AdminRoleTest.php" tests="30" assertions="41" errors="0" failures="4" skipped="0" time="1.343768">
        <testcase name="admin_can_access_admin_dashboard" file="E:\KULI AH\Semester\Semester 8\Tugas Akhir\Web 2\AzventoryWeb\tests\Feature\Roles\AdminRoleTest.php" line="42" class="Tests\Feature\Roles\AdminRoleTest" classname="Tests.Feature.Roles.AdminRoleTest" assertions="1" time="0.047270"/>
        <testcase name="admin_cannot_access_superadmin_dashboard" file="E:\KULI AH\Semester\Semester 8\Tugas Akhir\Web 2\AzventoryWeb\tests\Feature\Roles\AdminRoleTest.php" line="49" class="Tests\Feature\Roles\AdminRoleTest" classname="Tests.Feature.Roles.AdminRoleTest" assertions="1" time="0.038843"/>
        <testcase name="admin_cannot_access_operator_dashboard" file="E:\KULI AH\Semester\Semester 8\Tugas Akhir\Web 2\AzventoryWeb\tests\Feature\Roles\AdminRoleTest.php" line="56" class="Tests\Feature\Roles\AdminRoleTest" classname="Tests.Feature.Roles.AdminRoleTest" assertions="1" time="0.044360"/>
        <testcase name="admin_can_access_inventory_index" file="E:\KULI AH\Semester\Semester 8\Tugas Akhir\Web 2\AzventoryWeb\tests\Feature\Roles\AdminRoleTest.php" line="63" class="Tests\Feature\Roles\AdminRoleTest" classname="Tests.Feature.Roles.AdminRoleTest" assertions="1" time="0.050170"/>
        <testcase name="admin_cannot_access_stock_approvals" file="E:\KULI AH\Semester\Semester 8\Tugas Akhir\Web 2\AzventoryWeb\tests\Feature\Roles\AdminRoleTest.php" line="70" class="Tests\Feature\Roles\AdminRoleTest" classname="Tests.Feature.Roles.AdminRoleTest" assertions="1" time="0.036940">
          <failure type="PHPUnit\Framework\ExpectationFailedException">Tests\Feature\Roles\AdminRoleTest::admin_cannot_access_stock_approvals&#13;
Expected response status code [403] but received 200.
Failed asserting that 200 is identical to 403.
&#13;
E:\KULI AH\Semester\Semester 8\Tugas Akhir\Web 2\AzventoryWeb\vendor\laravel\framework\src\Illuminate\Testing\TestResponseAssert.php:45
E:\KULI AH\Semester\Semester 8\Tugas Akhir\Web 2\AzventoryWeb\vendor\laravel\framework\src\Illuminate\Testing\TestResponse.php:174
E:\KULI AH\Semester\Semester 8\Tugas Akhir\Web 2\AzventoryWeb\tests\Feature\Roles\AdminRoleTest.php:73</failure>
        </testcase>
        <testcase name="admin_can_access_reports" file="E:\KULI AH\Semester\Semester 8\Tugas Akhir\Web 2\AzventoryWeb\tests\Feature\Roles\AdminRoleTest.php" line="77" class="Tests\Feature\Roles\AdminRoleTest" classname="Tests.Feature.Roles.AdminRoleTest" assertions="1" time="0.033926"/>
        <testcase name="admin_cannot_access_activity_logs" file="E:\KULI AH\Semester\Semester 8\Tugas Akhir\Web 2\AzventoryWeb\tests\Feature\Roles\AdminRoleTest.php" line="84" class="Tests\Feature\Roles\AdminRoleTest" classname="Tests.Feature.Roles.AdminRoleTest" assertions="1" time="0.032089">
          <failure type="PHPUnit\Framework\ExpectationFailedException">Tests\Feature\Roles\AdminRoleTest::admin_cannot_access_activity_logs&#13;
Expected response status code [403] but received 200.
Failed asserting that 200 is identical to 403.
&#13;
E:\KULI AH\Semester\Semester 8\Tugas Akhir\Web 2\AzventoryWeb\vendor\laravel\framework\src\Illuminate\Testing\TestResponseAssert.php:45
E:\KULI AH\Semester\Semester 8\Tugas Akhir\Web 2\AzventoryWeb\vendor\laravel\framework\src\Illuminate\Testing\TestResponse.php:174
E:\KULI AH\Semester\Semester 8\Tugas Akhir\Web 2\AzventoryWeb\tests\Feature\Roles\AdminRoleTest.php:87</failure>
        </testcase>
        <testcase name="admin_cannot_access_user_management" file="E:\KULI AH\Semester\Semester 8\Tugas Akhir\Web 2\AzventoryWeb\tests\Feature\Roles\AdminRoleTest.php" line="91" class="Tests\Feature\Roles\AdminRoleTest" classname="Tests.Feature.Roles.AdminRoleTest" assertions="1" time="0.023451"/>
        <testcase name="admin_can_create_inventory" file="E:\KULI AH\Semester\Semester 8\Tugas Akhir\Web 2\AzventoryWeb\tests\Feature\Roles\AdminRoleTest.php" line="98" class="Tests\Feature\Roles\AdminRoleTest" classname="Tests.Feature.Roles.AdminRoleTest" assertions="3" time="0.052290"/>
        <testcase name="admin_can_update_inventory" file="E:\KULI AH\Semester\Semester 8\Tugas Akhir\Web 2\AzventoryWeb\tests\Feature\Roles\AdminRoleTest.php" line="126" class="Tests\Feature\Roles\AdminRoleTest" classname="Tests.Feature.Roles.AdminRoleTest" assertions="3" time="0.055563"/>
        <testcase name="admin_can_soft_delete_inventory" file="E:\KULI AH\Semester\Semester 8\Tugas Akhir\Web 2\AzventoryWeb\tests\Feature\Roles\AdminRoleTest.php" line="156" class="Tests\Feature\Roles\AdminRoleTest" classname="Tests.Feature.Roles.AdminRoleTest" assertions="3" time="0.053061"/>
        <testcase name="admin_can_restore_inventory" file="E:\KULI AH\Semester\Semester 8\Tugas Akhir\Web 2\AzventoryWeb\tests\Feature\Roles\AdminRoleTest.php" line="166" class="Tests\Feature\Roles\AdminRoleTest" classname="Tests.Feature.Roles.AdminRoleTest" assertions="1" time="0.027079">
          <failure type="PHPUnit\Framework\ExpectationFailedException">Tests\Feature\Roles\AdminRoleTest::admin_can_restore_inventory&#13;
Expected response status code [201, 301, 302, 303, 307, 308] but received 403.
Failed asserting that false is true.
&#13;
E:\KULI AH\Semester\Semester 8\Tugas Akhir\Web 2\AzventoryWeb\vendor\laravel\framework\src\Illuminate\Testing\TestResponseAssert.php:45
E:\KULI AH\Semester\Semester 8\Tugas Akhir\Web 2\AzventoryWeb\vendor\laravel\framework\src\Illuminate\Testing\TestResponse.php:199
E:\KULI AH\Semester\Semester 8\Tugas Akhir\Web 2\AzventoryWeb\tests\Feature\Roles\AdminRoleTest.php:172</failure>
        </testcase>
        <testcase name="admin_cannot_force_delete_inventory" file="E:\KULI AH\Semester\Semester 8\Tugas Akhir\Web 2\AzventoryWeb\tests\Feature\Roles\AdminRoleTest.php" line="177" class="Tests\Feature\Roles\AdminRoleTest" classname="Tests.Feature.Roles.AdminRoleTest" assertions="1" time="0.026480"/>
        <testcase name="admin_can_bulk_restore_inventory" file="E:\KULI AH\Semester\Semester 8\Tugas Akhir\Web 2\AzventoryWeb\tests\Feature\Roles\AdminRoleTest.php" line="187" class="Tests\Feature\Roles\AdminRoleTest" classname="Tests.Feature.Roles.AdminRoleTest" assertions="1" time="0.025837">
          <failure type="PHPUnit\Framework\ExpectationFailedException">Tests\Feature\Roles\AdminRoleTest::admin_can_bulk_restore_inventory&#13;
Expected response status code [201, 301, 302, 303, 307, 308] but received 403.
Failed asserting that false is true.
&#13;
E:\KULI AH\Semester\Semester 8\Tugas Akhir\Web 2\AzventoryWeb\vendor\laravel\framework\src\Illuminate\Testing\TestResponseAssert.php:45
E:\KULI AH\Semester\Semester 8\Tugas Akhir\Web 2\AzventoryWeb\vendor\laravel\framework\src\Illuminate\Testing\TestResponse.php:199
E:\KULI AH\Semester\Semester 8\Tugas Akhir\Web 2\AzventoryWeb\tests\Feature\Roles\AdminRoleTest.php:198</failure>
        </testcase>
        <testcase name="admin_cannot_bulk_force_delete_inventory" file="E:\KULI AH\Semester\Semester 8\Tugas Akhir\Web 2\AzventoryWeb\tests\Feature\Roles\AdminRoleTest.php" line="204" class="Tests\Feature\Roles\AdminRoleTest" classname="Tests.Feature.Roles.AdminRoleTest" assertions="1" time="0.024063"/>
        <testcase name="admin_can_request_stock" file="E:\KULI AH\Semester\Semester 8\Tugas Akhir\Web 2\AzventoryWeb\tests\Feature\Roles\AdminRoleTest.php" line="219" class="Tests\Feature\Roles\AdminRoleTest" classname="Tests.Feature.Roles.AdminRoleTest" assertions="2" time="0.050846"/>
        <testcase name="admin_can_borrow_item" file="E:\KULI AH\Semester\Semester 8\Tugas Akhir\Web 2\AzventoryWeb\tests\Feature\Roles\AdminRoleTest.php" line="239" class="Tests\Feature\Roles\AdminRoleTest" classname="Tests.Feature.Roles.AdminRoleTest" assertions="2" time="0.053189"/>
        <testcase name="admin_can_access_profile_and_notifications" file="E:\KULI AH\Semester\Semester 8\Tugas Akhir\Web 2\AzventoryWeb\tests\Feature\Roles\AdminRoleTest.php" line="259" class="Tests\Feature\Roles\AdminRoleTest" classname="Tests.Feature.Roles.AdminRoleTest" assertions="2" time="0.037018"/>
        <testcase name="admin_can_access_inventory_create" file="E:\KULI AH\Semester\Semester 8\Tugas Akhir\Web 2\AzventoryWeb\tests\Feature\Roles\AdminRoleTest.php" line="269" class="Tests\Feature\Roles\AdminRoleTest" classname="Tests.Feature.Roles.AdminRoleTest" assertions="1" time="0.035523"/>
        <testcase name="admin_can_access_inventory_show" file="E:\KULI AH\Semester\Semester 8\Tugas Akhir\Web 2\AzventoryWeb\tests\Feature\Roles\AdminRoleTest.php" line="276" class="Tests\Feature\Roles\AdminRoleTest" classname="Tests.Feature.Roles.AdminRoleTest" assertions="1" time="0.054919"/>
        <testcase name="admin_can_access_inventory_edit" file="E:\KULI AH\Semester\Semester 8\Tugas Akhir\Web 2\AzventoryWeb\tests\Feature\Roles\AdminRoleTest.php" line="284" class="Tests\Feature\Roles\AdminRoleTest" classname="Tests.Feature.Roles.AdminRoleTest" assertions="1" time="0.042066"/>
        <testcase name="admin_can_access_scan_qr" file="E:\KULI AH\Semester\Semester 8\Tugas Akhir\Web 2\AzventoryWeb\tests\Feature\Roles\AdminRoleTest.php" line="292" class="Tests\Feature\Roles\AdminRoleTest" classname="Tests.Feature.Roles.AdminRoleTest" assertions="1" time="0.025737"/>
        <testcase name="admin_can_check_part_number" file="E:\KULI AH\Semester\Semester 8\Tugas Akhir\Web 2\AzventoryWeb\tests\Feature\Roles\AdminRoleTest.php" line="299" class="Tests\Feature\Roles\AdminRoleTest" classname="Tests.Feature.Roles.AdminRoleTest" assertions="2" time="0.021795"/>
        <testcase name="admin_can_download_qr_code" file="E:\KULI AH\Semester\Semester 8\Tugas Akhir\Web 2\AzventoryWeb\tests\Feature\Roles\AdminRoleTest.php" line="308" class="Tests\Feature\Roles\AdminRoleTest" classname="Tests.Feature.Roles.AdminRoleTest" assertions="1" time="0.027864"/>
        <testcase name="admin_can_print_qr_code" file="E:\KULI AH\Semester\Semester 8\Tugas Akhir\Web 2\AzventoryWeb\tests\Feature\Roles\AdminRoleTest.php" line="316" class="Tests\Feature\Roles\AdminRoleTest" classname="Tests.Feature.Roles.AdminRoleTest" assertions="1" time="0.023273"/>
        <testcase name="admin_can_access_borrow_history" file="E:\KULI AH\Semester\Semester 8\Tugas Akhir\Web 2\AzventoryWeb\tests\Feature\Roles\AdminRoleTest.php" line="324" class="Tests\Feature\Roles\AdminRoleTest" classname="Tests.Feature.Roles.AdminRoleTest" assertions="1" time="0.064695"/>
        <testcase name="admin_can_access_borrow_show" file="E:\KULI AH\Semester\Semester 8\Tugas Akhir\Web 2\AzventoryWeb\tests\Feature\Roles\AdminRoleTest.php" line="341" class="Tests\Feature\Roles\AdminRoleTest" classname="Tests.Feature.Roles.AdminRoleTest" assertions="1" time="0.078952"/>
        <testcase name="admin_can_return_borrowed_item" file="E:\KULI AH\Semester\Semester 8\Tugas Akhir\Web 2\AzventoryWeb\tests\Feature\Roles\AdminRoleTest.php" line="358" class="Tests\Feature\Roles\AdminRoleTest" classname="Tests.Feature.Roles.AdminRoleTest" assertions="2" time="0.071908"/>
        <testcase name="admin_can_download_reports" file="E:\KULI AH\Semester\Semester 8\Tugas Akhir\Web 2\AzventoryWeb\tests\Feature\Roles\AdminRoleTest.php" line="388" class="Tests\Feature\Roles\AdminRoleTest" classname="Tests.Feature.Roles.AdminRoleTest" assertions="1" time="0.157543"/>
        <testcase name="admin_can_access_movement_data" file="E:\KULI AH\Semester\Semester 8\Tugas Akhir\Web 2\AzventoryWeb\tests\Feature\Roles\AdminRoleTest.php" line="395" class="Tests\Feature\Roles\AdminRoleTest" classname="Tests.Feature.Roles.AdminRoleTest" assertions="1" time="0.027016"/>
      </testsuite>
      <testsuite name="Tests\Feature\Roles\OperatorRoleTest" file="E:\KULI AH\Semester\Semester 8\Tugas Akhir\Web 2\AzventoryWeb\tests\Feature\Roles\OperatorRoleTest.php" tests="29" assertions="34" errors="0" failures="0" skipped="0" time="1.226522">
        <testcase name="operator_can_access_operator_dashboard" file="E:\KULI AH\Semester\Semester 8\Tugas Akhir\Web 2\AzventoryWeb\tests\Feature\Roles\OperatorRoleTest.php" line="42" class="Tests\Feature\Roles\OperatorRoleTest" classname="Tests.Feature.Roles.OperatorRoleTest" assertions="1" time="0.084237"/>
        <testcase name="operator_cannot_access_superadmin_dashboard" file="E:\KULI AH\Semester\Semester 8\Tugas Akhir\Web 2\AzventoryWeb\tests\Feature\Roles\OperatorRoleTest.php" line="49" class="Tests\Feature\Roles\OperatorRoleTest" classname="Tests.Feature.Roles.OperatorRoleTest" assertions="1" time="0.023865"/>
        <testcase name="operator_cannot_access_admin_dashboard" file="E:\KULI AH\Semester\Semester 8\Tugas Akhir\Web 2\AzventoryWeb\tests\Feature\Roles\OperatorRoleTest.php" line="56" class="Tests\Feature\Roles\OperatorRoleTest" classname="Tests.Feature.Roles.OperatorRoleTest" assertions="1" time="0.023118"/>
        <testcase name="operator_can_access_inventory_index" file="E:\KULI AH\Semester\Semester 8\Tugas Akhir\Web 2\AzventoryWeb\tests\Feature\Roles\OperatorRoleTest.php" line="63" class="Tests\Feature\Roles\OperatorRoleTest" classname="Tests.Feature.Roles.OperatorRoleTest" assertions="1" time="0.057720"/>
        <testcase name="operator_cannot_access_stock_approvals" file="E:\KULI AH\Semester\Semester 8\Tugas Akhir\Web 2\AzventoryWeb\tests\Feature\Roles\OperatorRoleTest.php" line="70" class="Tests\Feature\Roles\OperatorRoleTest" classname="Tests.Feature.Roles.OperatorRoleTest" assertions="1" time="0.032439"/>
        <testcase name="operator_cannot_access_reports_index" file="E:\KULI AH\Semester\Semester 8\Tugas Akhir\Web 2\AzventoryWeb\tests\Feature\Roles\OperatorRoleTest.php" line="77" class="Tests\Feature\Roles\OperatorRoleTest" classname="Tests.Feature.Roles.OperatorRoleTest" assertions="1" time="0.026518"/>
        <testcase name="operator_can_access_activity_logs" file="E:\KULI AH\Semester\Semester 8\Tugas Akhir\Web 2\AzventoryWeb\tests\Feature\Roles\OperatorRoleTest.php" line="84" class="Tests\Feature\Roles\OperatorRoleTest" classname="Tests.Feature.Roles.OperatorRoleTest" assertions="1" time="0.030252"/>
        <testcase name="operator_cannot_access_user_management" file="E:\KULI AH\Semester\Semester 8\Tugas Akhir\Web 2\AzventoryWeb\tests\Feature\Roles\OperatorRoleTest.php" line="91" class="Tests\Feature\Roles\OperatorRoleTest" classname="Tests.Feature.Roles.OperatorRoleTest" assertions="1" time="0.022074"/>
        <testcase name="operator_cannot_create_inventory" file="E:\KULI AH\Semester\Semester 8\Tugas Akhir\Web 2\AzventoryWeb\tests\Feature\Roles\OperatorRoleTest.php" line="98" class="Tests\Feature\Roles\OperatorRoleTest" classname="Tests.Feature.Roles.OperatorRoleTest" assertions="1" time="0.021963"/>
        <testcase name="operator_cannot_update_inventory" file="E:\KULI AH\Semester\Semester 8\Tugas Akhir\Web 2\AzventoryWeb\tests\Feature\Roles\OperatorRoleTest.php" line="121" class="Tests\Feature\Roles\OperatorRoleTest" classname="Tests.Feature.Roles.OperatorRoleTest" assertions="1" time="0.023192"/>
        <testcase name="operator_cannot_soft_delete_inventory" file="E:\KULI AH\Semester\Semester 8\Tugas Akhir\Web 2\AzventoryWeb\tests\Feature\Roles\OperatorRoleTest.php" line="135" class="Tests\Feature\Roles\OperatorRoleTest" classname="Tests.Feature.Roles.OperatorRoleTest" assertions="1" time="0.028592"/>
        <testcase name="operator_cannot_restore_inventory" file="E:\KULI AH\Semester\Semester 8\Tugas Akhir\Web 2\AzventoryWeb\tests\Feature\Roles\OperatorRoleTest.php" line="144" class="Tests\Feature\Roles\OperatorRoleTest" classname="Tests.Feature.Roles.OperatorRoleTest" assertions="1" time="0.037838"/>
        <testcase name="operator_cannot_force_delete_inventory" file="E:\KULI AH\Semester\Semester 8\Tugas Akhir\Web 2\AzventoryWeb\tests\Feature\Roles\OperatorRoleTest.php" line="154" class="Tests\Feature\Roles\OperatorRoleTest" classname="Tests.Feature.Roles.OperatorRoleTest" assertions="1" time="0.027297"/>
        <testcase name="operator_cannot_bulk_restore_inventory" file="E:\KULI AH\Semester\Semester 8\Tugas Akhir\Web 2\AzventoryWeb\tests\Feature\Roles\OperatorRoleTest.php" line="164" class="Tests\Feature\Roles\OperatorRoleTest" classname="Tests.Feature.Roles.OperatorRoleTest" assertions="1" time="0.027362"/>
        <testcase name="operator_cannot_bulk_force_delete_inventory" file="E:\KULI AH\Semester\Semester 8\Tugas Akhir\Web 2\AzventoryWeb\tests\Feature\Roles\OperatorRoleTest.php" line="179" class="Tests\Feature\Roles\OperatorRoleTest" classname="Tests.Feature.Roles.OperatorRoleTest" assertions="1" time="0.025400"/>
        <testcase name="operator_can_request_stock" file="E:\KULI AH\Semester\Semester 8\Tugas Akhir\Web 2\AzventoryWeb\tests\Feature\Roles\OperatorRoleTest.php" line="194" class="Tests\Feature\Roles\OperatorRoleTest" classname="Tests.Feature.Roles.OperatorRoleTest" assertions="2" time="0.058157"/>
        <testcase name="operator_can_borrow_item" file="E:\KULI AH\Semester\Semester 8\Tugas Akhir\Web 2\AzventoryWeb\tests\Feature\Roles\OperatorRoleTest.php" line="214" class="Tests\Feature\Roles\OperatorRoleTest" classname="Tests.Feature.Roles.OperatorRoleTest" assertions="2" time="0.060145"/>
        <testcase name="operator_can_access_profile_and_notifications" file="E:\KULI AH\Semester\Semester 8\Tugas Akhir\Web 2\AzventoryWeb\tests\Feature\Roles\OperatorRoleTest.php" line="234" class="Tests\Feature\Roles\OperatorRoleTest" classname="Tests.Feature.Roles.OperatorRoleTest" assertions="2" time="0.040764"/>
        <testcase name="operator_cannot_access_inventory_create" file="E:\KULI AH\Semester\Semester 8\Tugas Akhir\Web 2\AzventoryWeb\tests\Feature\Roles\OperatorRoleTest.php" line="244" class="Tests\Feature\Roles\OperatorRoleTest" classname="Tests.Feature.Roles.OperatorRoleTest" assertions="1" time="0.030555"/>
        <testcase name="operator_can_access_inventory_show" file="E:\KULI AH\Semester\Semester 8\Tugas Akhir\Web 2\AzventoryWeb\tests\Feature\Roles\OperatorRoleTest.php" line="251" class="Tests\Feature\Roles\OperatorRoleTest" classname="Tests.Feature.Roles.OperatorRoleTest" assertions="1" time="0.074727"/>
        <testcase name="operator_cannot_access_inventory_edit" file="E:\KULI AH\Semester\Semester 8\Tugas Akhir\Web 2\AzventoryWeb\tests\Feature\Roles\OperatorRoleTest.php" line="259" class="Tests\Feature\Roles\OperatorRoleTest" classname="Tests.Feature.Roles.OperatorRoleTest" assertions="1" time="0.026286"/>
        <testcase name="operator_can_access_scan_qr" file="E:\KULI AH\Semester\Semester 8\Tugas Akhir\Web 2\AzventoryWeb\tests\Feature\Roles\OperatorRoleTest.php" line="267" class="Tests\Feature\Roles\OperatorRoleTest" classname="Tests.Feature.Roles.OperatorRoleTest" assertions="1" time="0.041264"/>
        <testcase name="operator_can_check_part_number" file="E:\KULI AH\Semester\Semester 8\Tugas Akhir\Web 2\AzventoryWeb\tests\Feature\Roles\OperatorRoleTest.php" line="274" class="Tests\Feature\Roles\OperatorRoleTest" classname="Tests.Feature.Roles.OperatorRoleTest" assertions="2" time="0.038510"/>
        <testcase name="operator_can_download_qr_code" file="E:\KULI AH\Semester\Semester 8\Tugas Akhir\Web 2\AzventoryWeb\tests\Feature\Roles\OperatorRoleTest.php" line="283" class="Tests\Feature\Roles\OperatorRoleTest" classname="Tests.Feature.Roles.OperatorRoleTest" assertions="1" time="0.021284"/>
        <testcase name="operator_can_print_qr_code" file="E:\KULI AH\Semester\Semester 8\Tugas Akhir\Web 2\AzventoryWeb\tests\Feature\Roles\OperatorRoleTest.php" line="291" class="Tests\Feature\Roles\OperatorRoleTest" classname="Tests.Feature.Roles.OperatorRoleTest" assertions="1" time="0.026120"/>
        <testcase name="operator_can_access_borrow_history" file="E:\KULI AH\Semester\Semester 8\Tugas Akhir\Web 2\AzventoryWeb\tests\Feature\Roles\OperatorRoleTest.php" line="299" class="Tests\Feature\Roles\OperatorRoleTest" classname="Tests.Feature.Roles.OperatorRoleTest" assertions="1" time="0.069025"/>
        <testcase name="operator_can_access_borrow_show" file="E:\KULI AH\Semester\Semester 8\Tugas Akhir\Web 2\AzventoryWeb\tests\Feature\Roles\OperatorRoleTest.php" line="316" class="Tests\Feature\Roles\OperatorRoleTest" classname="Tests.Feature.Roles.OperatorRoleTest" assertions="1" time="0.101669"/>
        <testcase name="operator_can_return_borrowed_item" file="E:\KULI AH\Semester\Semester 8\Tugas Akhir\Web 2\AzventoryWeb\tests\Feature\Roles\OperatorRoleTest.php" line="333" class="Tests\Feature\Roles\OperatorRoleTest" classname="Tests.Feature.Roles.OperatorRoleTest" assertions="2" time="0.112434"/>
        <testcase name="operator_cannot_download_reports" file="E:\KULI AH\Semester\Semester 8\Tugas Akhir\Web 2\AzventoryWeb\tests\Feature\Roles\OperatorRoleTest.php" line="363" class="Tests\Feature\Roles\OperatorRoleTest" classname="Tests.Feature.Roles.OperatorRoleTest" assertions="1" time="0.033717"/>
      </testsuite>
      <testsuite name="Tests\Feature\Users\UserAccessTest" file="E:\KULI AH\Semester\Semester 8\Tugas Akhir\Web 2\AzventoryWeb\tests\Feature\Users\UserAccessTest.php" tests="4" assertions="4" errors="0" failures="0" skipped="0" time="0.137378">
        <testcase name="test_operator_cannot_view_user_list" file="E:\KULI AH\Semester\Semester 8\Tugas Akhir\Web 2\AzventoryWeb\tests\Feature\Users\UserAccessTest.php" line="13" class="Tests\Feature\Users\UserAccessTest" classname="Tests.Feature.Users.UserAccessTest" assertions="1" time="0.040667"/>
        <testcase name="test_admin_cannot_view_user_list" file="E:\KULI AH\Semester\Semester 8\Tugas Akhir\Web 2\AzventoryWeb\tests\Feature\Users\UserAccessTest.php" line="22" class="Tests\Feature\Users\UserAccessTest" classname="Tests.Feature.Users.UserAccessTest" assertions="1" time="0.023945"/>
        <testcase name="test_operator_cannot_create_user" file="E:\KULI AH\Semester\Semester 8\Tugas Akhir\Web 2\AzventoryWeb\tests\Feature\Users\UserAccessTest.php" line="31" class="Tests\Feature\Users\UserAccessTest" classname="Tests.Feature.Users.UserAccessTest" assertions="1" time="0.036996"/>
        <testcase name="test_operator_cannot_delete_user" file="E:\KULI AH\Semester\Semester 8\Tugas Akhir\Web 2\AzventoryWeb\tests\Feature\Users\UserAccessTest.php" line="45" class="Tests\Feature\Users\UserAccessTest" classname="Tests.Feature.Users.UserAccessTest" assertions="1" time="0.035769"/>
      </testsuite>
      <testsuite name="Tests\Feature\Users\UserManagementTest" file="E:\KULI AH\Semester\Semester 8\Tugas Akhir\Web 2\AzventoryWeb\tests\Feature\Users\UserManagementTest.php" tests="5" assertions="12" errors="0" failures="0" skipped="0" time="0.303158">
        <testcase name="test_superadmin_can_view_user_list" file="E:\KULI AH\Semester\Semester 8\Tugas Akhir\Web 2\AzventoryWeb\tests\Feature\Users\UserManagementTest.php" line="27" class="Tests\Feature\Users\UserManagementTest" classname="Tests.Feature.Users.UserManagementTest" assertions="1" time="0.037785"/>
        <testcase name="test_superadmin_can_create_new_admin" file="E:\KULI AH\Semester\Semester 8\Tugas Akhir\Web 2\AzventoryWeb\tests\Feature\Users\UserManagementTest.php" line="33" class="Tests\Feature\Users\UserManagementTest" classname="Tests.Feature.Users.UserManagementTest" assertions="3" time="0.071607"/>
        <testcase name="test_superadmin_can_create_new_operator" file="E:\KULI AH\Semester\Semester 8\Tugas Akhir\Web 2\AzventoryWeb\tests\Feature\Users\UserManagementTest.php" line="50" class="Tests\Feature\Users\UserManagementTest" classname="Tests.Feature.Users.UserManagementTest" assertions="3" time="0.057568"/>
        <testcase name="test_superadmin_can_delete_user" file="E:\KULI AH\Semester\Semester 8\Tugas Akhir\Web 2\AzventoryWeb\tests\Feature\Users\UserManagementTest.php" line="67" class="Tests\Feature\Users\UserManagementTest" classname="Tests.Feature.Users.UserManagementTest" assertions="3" time="0.057918"/>
        <testcase name="test_superadmin_can_reset_user_password" file="E:\KULI AH\Semester\Semester 8\Tugas Akhir\Web 2\AzventoryWeb\tests\Feature\Users\UserManagementTest.php" line="82" class="Tests\Feature\Users\UserManagementTest" classname="Tests.Feature.Users.UserManagementTest" assertions="2" time="0.078281"/>
      </testsuite>
    </testsuite>
  </testsuite>
</testsuites>
