<?xml version="1.0" encoding="UTF-8"?>
<testsuites>
  <testsuite name="Tests\Feature\Profile\TesProfil" file="E:\KULI AH\Semester\Semester 8\Tugas Akhir\Web 2\AzventoryWeb\tests\Feature\Profile\TesProfil.php" tests="15" assertions="50" errors="0" failures="0" skipped="0" time="4.133772">
    <testcase name="test_halaman_profil_dapat_tampil" file="E:\KULI AH\Semester\Semester 8\Tugas Akhir\Web 2\AzventoryWeb\tests\Feature\Profile\TesProfil.php" line="14" class="Tests\Feature\Profile\TesProfil" classname="Tests.Feature.Profile.TesProfil" assertions="1" time="0.456480"/>
    <testcase name="test_informasi_profil_dapat_diperbarui" file="E:\KULI AH\Semester\Semester 8\Tugas Akhir\Web 2\AzventoryWeb\tests\Feature\Profile\TesProfil.php" line="25" class="Tests\Feature\Profile\TesProfil" classname="Tests.Feature.Profile.TesProfil" assertions="7" time="1.303180"/>
    <testcase name="test_status_verifikasi_email_tidak_berubah_ketika_alamat_email_tidak_berubah" file="E:\KULI AH\Semester\Semester 8\Tugas Akhir\Web 2\AzventoryWeb\tests\Feature\Profile\TesProfil.php" line="49" class="Tests\Feature\Profile\TesProfil" classname="Tests.Feature.Profile.TesProfil" assertions="4" time="0.276865"/>
    <testcase name="test_user_dapat_menghapus_akun_mereka" file="E:\KULI AH\Semester\Semester 8\Tugas Akhir\Web 2\AzventoryWeb\tests\Feature\Profile\TesProfil.php" line="68" class="Tests\Feature\Profile\TesProfil" classname="Tests.Feature.Profile.TesProfil" assertions="5" time="0.126370"/>
    <testcase name="test_password_yang_benar_harus_diberikan_untuk_menghapus_akun" file="E:\KULI AH\Semester\Semester 8\Tugas Akhir\Web 2\AzventoryWeb\tests\Feature\Profile\TesProfil.php" line="86" class="Tests\Feature\Profile\TesProfil" classname="Tests.Feature.Profile.TesProfil" assertions="5" time="0.041516"/>
    <testcase name="test_halaman_inventaris_saya_dapat_tampil" file="E:\KULI AH\Semester\Semester 8\Tugas Akhir\Web 2\AzventoryWeb\tests\Feature\Profile\TesProfil.php" line="104" class="Tests\Feature\Profile\TesProfil" classname="Tests.Feature.Profile.TesProfil" assertions="2" time="0.035571"/>
    <testcase name="test_superadmin_terakhir_tidak_dapat_menghapus_akun_sendiri" file="E:\KULI AH\Semester\Semester 8\Tugas Akhir\Web 2\AzventoryWeb\tests\Feature\Profile\TesProfil.php" line="125" class="Tests\Feature\Profile\TesProfil" classname="Tests.Feature.Profile.TesProfil" assertions="4" time="0.022393"/>
    <testcase name="test_superadmin_dapat_menghapus_akun_jika_ada_superadmin_lain" file="E:\KULI AH\Semester\Semester 8\Tugas Akhir\Web 2\AzventoryWeb\tests\Feature\Profile\TesProfil.php" line="143" class="Tests\Feature\Profile\TesProfil" classname="Tests.Feature.Profile.TesProfil" assertions="3" time="0.029871"/>
    <testcase name="test_foto_profil_dapat_dihapus" file="E:\KULI AH\Semester\Semester 8\Tugas Akhir\Web 2\AzventoryWeb\tests\Feature\Profile\TesProfil.php" line="158" class="Tests\Feature\Profile\TesProfil" classname="Tests.Feature.Profile.TesProfil" assertions="4" time="1.417042"/>
    <testcase name="test_user_tidak_dapat_menghapus_akun_jika_memiliki_pinjaman_aktif" file="E:\KULI AH\Semester\Semester 8\Tugas Akhir\Web 2\AzventoryWeb\tests\Feature\Profile\TesProfil.php" line="180" class="Tests\Feature\Profile\TesProfil" classname="Tests.Feature.Profile.TesProfil" assertions="4" time="0.026429"/>
    <testcase name="test_update_profile_dengan_nomor_wa_invalid" file="E:\KULI AH\Semester\Semester 8\Tugas Akhir\Web 2\AzventoryWeb\tests\Feature\Profile\TesProfil.php" line="209" class="Tests\Feature\Profile\TesProfil" classname="Tests.Feature.Profile.TesProfil" assertions="2" time="0.067371"/>
    <testcase name="test_update_password_sama_dengan_password_saat_ini" file="E:\KULI AH\Semester\Semester 8\Tugas Akhir\Web 2\AzventoryWeb\tests\Feature\Profile\TesProfil.php" line="224" class="Tests\Feature\Profile\TesProfil" classname="Tests.Feature.Profile.TesProfil" assertions="3" time="0.242100"/>
    <testcase name="test_update_username_dengan_format_invalid" file="E:\KULI AH\Semester\Semester 8\Tugas Akhir\Web 2\AzventoryWeb\tests\Feature\Profile\TesProfil.php" line="243" class="Tests\Feature\Profile\TesProfil" classname="Tests.Feature.Profile.TesProfil" assertions="2" time="0.030194"/>
    <testcase name="test_username_otomatis_menjadi_lowercase" file="E:\KULI AH\Semester\Semester 8\Tugas Akhir\Web 2\AzventoryWeb\tests\Feature\Profile\TesProfil.php" line="258" class="Tests\Feature\Profile\TesProfil" classname="Tests.Feature.Profile.TesProfil" assertions="2" time="0.022430"/>
    <testcase name="test_username_minimal_3_karakter" file="E:\KULI AH\Semester\Semester 8\Tugas Akhir\Web 2\AzventoryWeb\tests\Feature\Profile\TesProfil.php" line="274" class="Tests\Feature\Profile\TesProfil" classname="Tests.Feature.Profile.TesProfil" assertions="2" time="0.035958"/>
  </testsuite>
</testsuites>
