<?xml version="1.0" encoding="UTF-8"?>
<testsuites>
  <testsuite name="E:\KULI AH\Semester\Semester 8\Tugas Akhir\Web 2\AzventoryWeb\phpunit.xml" tests="657" assertions="1611" errors="0" failures="8" skipped="3" time="30.736256">
    <testsuite name="Unit" tests="66" assertions="137" errors="0" failures="0" skipped="0" time="2.355013">
      <testsuite name="Tests\Unit\Http\Requests\TesRequestForm" file="E:\KULI AH\Semester\Semester 8\Tugas Akhir\Web 2\AzventoryWeb\tests\Unit\Http\Requests\TesRequestForm.php" tests="10" assertions="15" errors="0" failures="0" skipped="0" time="0.610667">
        <testcase name="store_sparepart_request_lolos_dengan_data_valid_minimal" file="E:\KULI AH\Semester\Semester 8\Tugas Akhir\Web 2\AzventoryWeb\tests\Unit\Http\Requests\TesRequestForm.php" line="28" class="Tests\Unit\Http\Requests\TesRequestForm" classname="Tests.Unit.Http.Requests.TesRequestForm" assertions="1" time="0.376010"/>
        <testcase name="store_sparepart_harga_wajib_diisi_jika_tipe_sale" file="E:\KULI AH\Semester\Semester 8\Tugas Akhir\Web 2\AzventoryWeb\tests\Unit\Http\Requests\TesRequestForm.php" line="50" class="Tests\Unit\Http\Requests\TesRequestForm" classname="Tests.Unit.Http.Requests.TesRequestForm" assertions="2" time="0.020381"/>
        <testcase name="store_sparepart_harga_tidak_wajib_jika_tipe_asset" file="E:\KULI AH\Semester\Semester 8\Tugas Akhir\Web 2\AzventoryWeb\tests\Unit\Http\Requests\TesRequestForm.php" line="74" class="Tests\Unit\Http\Requests\TesRequestForm" classname="Tests.Unit.Http.Requests.TesRequestForm" assertions="1" time="0.020105"/>
        <testcase name="store_sparepart_age_harus_salah_satu_dari_nilai_yang_diizinkan" file="E:\KULI AH\Semester\Semester 8\Tugas Akhir\Web 2\AzventoryWeb\tests\Unit\Http\Requests\TesRequestForm.php" line="97" class="Tests\Unit\Http\Requests\TesRequestForm" classname="Tests.Unit.Http.Requests.TesRequestForm" assertions="2" time="0.021267"/>
        <testcase name="store_sparepart_stok_tidak_boleh_negatif" file="E:\KULI AH\Semester\Semester 8\Tugas Akhir\Web 2\AzventoryWeb\tests\Unit\Http\Requests\TesRequestForm.php" line="120" class="Tests\Unit\Http\Requests\TesRequestForm" classname="Tests.Unit.Http.Requests.TesRequestForm" assertions="2" time="0.023434"/>
        <testcase name="update_sparepart_request_admin_tidak_memiliki_rule_price" file="E:\KULI AH\Semester\Semester 8\Tugas Akhir\Web 2\AzventoryWeb\tests\Unit\Http\Requests\TesRequestForm.php" line="147" class="Tests\Unit\Http\Requests\TesRequestForm" classname="Tests.Unit.Http.Requests.TesRequestForm" assertions="1" time="0.059377"/>
        <testcase name="update_sparepart_request_superadmin_memiliki_rule_price" file="E:\KULI AH\Semester\Semester 8\Tugas Akhir\Web 2\AzventoryWeb\tests\Unit\Http\Requests\TesRequestForm.php" line="158" class="Tests\Unit\Http\Requests\TesRequestForm" classname="Tests.Unit.Http.Requests.TesRequestForm" assertions="1" time="0.020751"/>
        <testcase name="store_user_request_gagal_jika_email_sudah_dipakai" file="E:\KULI AH\Semester\Semester 8\Tugas Akhir\Web 2\AzventoryWeb\tests\Unit\Http\Requests\TesRequestForm.php" line="173" class="Tests\Unit\Http\Requests\TesRequestForm" classname="Tests.Unit.Http.Requests.TesRequestForm" assertions="2" time="0.028504"/>
        <testcase name="store_user_request_gagal_jika_role_tidak_valid" file="E:\KULI AH\Semester\Semester 8\Tugas Akhir\Web 2\AzventoryWeb\tests\Unit\Http\Requests\TesRequestForm.php" line="192" class="Tests\Unit\Http\Requests\TesRequestForm" classname="Tests.Unit.Http.Requests.TesRequestForm" assertions="2" time="0.022780"/>
        <testcase name="store_user_request_lolos_dengan_data_valid" file="E:\KULI AH\Semester\Semester 8\Tugas Akhir\Web 2\AzventoryWeb\tests\Unit\Http\Requests\TesRequestForm.php" line="210" class="Tests\Unit\Http\Requests\TesRequestForm" classname="Tests.Unit.Http.Requests.TesRequestForm" assertions="1" time="0.018057"/>
      </testsuite>
      <testsuite name="Tests\Unit\Inventory\TesLogikaStok" file="E:\KULI AH\Semester\Semester 8\Tugas Akhir\Web 2\AzventoryWeb\tests\Unit\Inventory\TesLogikaStok.php" tests="3" assertions="3" errors="0" failures="0" skipped="0" time="0.000796">
        <testcase name="test_periksa_apakah_stok_rendah" file="E:\KULI AH\Semester\Semester 8\Tugas Akhir\Web 2\AzventoryWeb\tests\Unit\Inventory\TesLogikaStok.php" line="13" class="Tests\Unit\Inventory\TesLogikaStok" classname="Tests.Unit.Inventory.TesLogikaStok" assertions="1" time="0.000130"/>
        <testcase name="test_periksa_apakah_stok_aman" file="E:\KULI AH\Semester\Semester 8\Tugas Akhir\Web 2\AzventoryWeb\tests\Unit\Inventory\TesLogikaStok.php" line="23" class="Tests\Unit\Inventory\TesLogikaStok" classname="Tests.Unit.Inventory.TesLogikaStok" assertions="1" time="0.000128"/>
        <testcase name="test_logika_stok_tidak_boleh_negatif" file="E:\KULI AH\Semester\Semester 8\Tugas Akhir\Web 2\AzventoryWeb\tests\Unit\Inventory\TesLogikaStok.php" line="33" class="Tests\Unit\Inventory\TesLogikaStok" classname="Tests.Unit.Inventory.TesLogikaStok" assertions="1" time="0.000538"/>
      </testsuite>
      <testsuite name="Tests\Unit\Inventory\TesServisQrCode" file="E:\KULI AH\Semester\Semester 8\Tugas Akhir\Web 2\AzventoryWeb\tests\Unit\Inventory\TesServisQrCode.php" tests="5" assertions="14" errors="0" failures="0" skipped="0" time="0.234089">
        <testcase name="generate_menghasilkan_file_qr_code_di_storage" file="E:\KULI AH\Semester\Semester 8\Tugas Akhir\Web 2\AzventoryWeb\tests\Unit\Inventory\TesServisQrCode.php" line="30" class="Tests\Unit\Inventory\TesServisQrCode" classname="Tests.Unit.Inventory.TesServisQrCode" assertions="3" time="0.058732"/>
        <testcase name="generate_menyimpan_path_qr_code_ke_model_sparepart" file="E:\KULI AH\Semester\Semester 8\Tugas Akhir\Web 2\AzventoryWeb\tests\Unit\Inventory\TesServisQrCode.php" line="42" class="Tests\Unit\Inventory\TesServisQrCode" classname="Tests.Unit.Inventory.TesServisQrCode" assertions="2" time="0.039638"/>
        <testcase name="get_label_filename_menghasilkan_nama_file_yang_benar" file="E:\KULI AH\Semester\Semester 8\Tugas Akhir\Web 2\AzventoryWeb\tests\Unit\Inventory\TesServisQrCode.php" line="53" class="Tests\Unit\Inventory\TesServisQrCode" classname="Tests.Unit.Inventory.TesServisQrCode" assertions="4" time="0.047741"/>
        <testcase name="generate_label_svg_menghasilkan_konten_svg_yang_valid" file="E:\KULI AH\Semester\Semester 8\Tugas Akhir\Web 2\AzventoryWeb\tests\Unit\Inventory\TesServisQrCode.php" line="70" class="Tests\Unit\Inventory\TesServisQrCode" classname="Tests.Unit.Inventory.TesServisQrCode" assertions="2" time="0.044168"/>
        <testcase name="generate_label_svg_meregenerasi_qr_jika_file_hilang" file="E:\KULI AH\Semester\Semester 8\Tugas Akhir\Web 2\AzventoryWeb\tests\Unit\Inventory\TesServisQrCode.php" line="82" class="Tests\Unit\Inventory\TesServisQrCode" classname="Tests.Unit.Inventory.TesServisQrCode" assertions="3" time="0.043810"/>
      </testsuite>
      <testsuite name="Tests\Unit\Services\TesServisInventaris" file="E:\KULI AH\Semester\Semester 8\Tugas Akhir\Web 2\AzventoryWeb\tests\Unit\Services\TesServisInventaris.php" tests="12" assertions="19" errors="0" failures="0" skipped="0" time="0.271178">
        <testcase name="filter_pencarian_menemukan_sparepart_berdasarkan_nama" file="E:\KULI AH\Semester\Semester 8\Tugas Akhir\Web 2\AzventoryWeb\tests\Unit\Services\TesServisInventaris.php" line="32" class="Tests\Unit\Services\TesServisInventaris" classname="Tests.Unit.Services.TesServisInventaris" assertions="2" time="0.030477"/>
        <testcase name="filter_pencarian_menemukan_sparepart_berdasarkan_part_number" file="E:\KULI AH\Semester\Semester 8\Tugas Akhir\Web 2\AzventoryWeb\tests\Unit\Services\TesServisInventaris.php" line="44" class="Tests\Unit\Services\TesServisInventaris" classname="Tests.Unit.Services.TesServisInventaris" assertions="2" time="0.021275"/>
        <testcase name="filter_kategori_menampilkan_hanya_sparepart_kategori_tertentu" file="E:\KULI AH\Semester\Semester 8\Tugas Akhir\Web 2\AzventoryWeb\tests\Unit\Services\TesServisInventaris.php" line="56" class="Tests\Unit\Services\TesServisInventaris" classname="Tests.Unit.Services.TesServisInventaris" assertions="3" time="0.021539"/>
        <testcase name="filter_low_stock_hanya_menampilkan_stok_di_bawah_minimum" file="E:\KULI AH\Semester\Semester 8\Tugas Akhir\Web 2\AzventoryWeb\tests\Unit\Services\TesServisInventaris.php" line="71" class="Tests\Unit\Services\TesServisInventaris" classname="Tests.Unit.Services.TesServisInventaris" assertions="1" time="0.020712"/>
        <testcase name="filter_no_price_menampilkan_sparepart_tanpa_harga" file="E:\KULI AH\Semester\Semester 8\Tugas Akhir\Web 2\AzventoryWeb\tests\Unit\Services\TesServisInventaris.php" line="83" class="Tests\Unit\Services\TesServisInventaris" classname="Tests.Unit.Services.TesServisInventaris" assertions="1" time="0.019313"/>
        <testcase name="filter_trash_menampilkan_hanya_data_yang_sudah_dihapus" file="E:\KULI AH\Semester\Semester 8\Tugas Akhir\Web 2\AzventoryWeb\tests\Unit\Services\TesServisInventaris.php" line="95" class="Tests\Unit\Services\TesServisInventaris" classname="Tests.Unit.Services.TesServisInventaris" assertions="2" time="0.019704"/>
        <testcase name="sorting_berdasarkan_stok_ascending_bekerja" file="E:\KULI AH\Semester\Semester 8\Tugas Akhir\Web 2\AzventoryWeb\tests\Unit\Services\TesServisInventaris.php" line="108" class="Tests\Unit\Services\TesServisInventaris" classname="Tests.Unit.Services.TesServisInventaris" assertions="1" time="0.020776"/>
        <testcase name="sorting_berdasarkan_stok_descending_bekerja" file="E:\KULI AH\Semester\Semester 8\Tugas Akhir\Web 2\AzventoryWeb\tests\Unit\Services\TesServisInventaris.php" line="121" class="Tests\Unit\Services\TesServisInventaris" classname="Tests.Unit.Services.TesServisInventaris" assertions="1" time="0.021898"/>
        <testcase name="get_dropdown_options_mengembalikan_daftar_kategori_unik" file="E:\KULI AH\Semester\Semester 8\Tugas Akhir\Web 2\AzventoryWeb\tests\Unit\Services\TesServisInventaris.php" line="136" class="Tests\Unit\Services\TesServisInventaris" classname="Tests.Unit.Services.TesServisInventaris" assertions="2" time="0.026201"/>
        <testcase name="filter_low_stock_tidak_include_item_tanpa_minimum_stock" file="E:\KULI AH\Semester\Semester 8\Tugas Akhir\Web 2\AzventoryWeb\tests\Unit\Services\TesServisInventaris.php" line="153" class="Tests\Unit\Services\TesServisInventaris" classname="Tests.Unit.Services.TesServisInventaris" assertions="1" time="0.019952"/>
        <testcase name="filter_low_stock_tidak_include_item_dengan_minimum_stock_nol" file="E:\KULI AH\Semester\Semester 8\Tugas Akhir\Web 2\AzventoryWeb\tests\Unit\Services\TesServisInventaris.php" line="169" class="Tests\Unit\Services\TesServisInventaris" classname="Tests.Unit.Services.TesServisInventaris" assertions="1" time="0.022413"/>
        <testcase name="filter_low_stock_hanya_include_item_dengan_minimum_stock_lebih_dari_nol_dan_stok_kurang" file="E:\KULI AH\Semester\Semester 8\Tugas Akhir\Web 2\AzventoryWeb\tests\Unit\Services\TesServisInventaris.php" line="184" class="Tests\Unit\Services\TesServisInventaris" classname="Tests.Unit.Services.TesServisInventaris" assertions="2" time="0.026918"/>
      </testsuite>
      <testsuite name="Tests\Unit\TesEvent" file="E:\KULI AH\Semester\Semester 8\Tugas Akhir\Web 2\AzventoryWeb\tests\Unit\TesEvent.php" tests="11" assertions="26" errors="0" failures="0" skipped="0" time="0.242775">
        <testcase name="stock_critical_event_broadcast_ke_channel_stock_alerts" file="E:\KULI AH\Semester\Semester 8\Tugas Akhir\Web 2\AzventoryWeb\tests\Unit\TesEvent.php" line="30" class="Tests\Unit\TesEvent" classname="Tests.Unit.TesEvent" assertions="2" time="0.020573"/>
        <testcase name="stock_critical_event_broadcast_as_nama_yang_benar" file="E:\KULI AH\Semester\Semester 8\Tugas Akhir\Web 2\AzventoryWeb\tests\Unit\TesEvent.php" line="41" class="Tests\Unit\TesEvent" classname="Tests.Unit.TesEvent" assertions="1" time="0.019105"/>
        <testcase name="stock_critical_event_broadcast_with_berisi_data_yang_benar" file="E:\KULI AH\Semester\Semester 8\Tugas Akhir\Web 2\AzventoryWeb\tests\Unit\TesEvent.php" line="50" class="Tests\Unit\TesEvent" classname="Tests.Unit.TesEvent" assertions="4" time="0.021578"/>
        <testcase name="stock_critical_event_percentage_nol_jika_minimum_stock_nol" file="E:\KULI AH\Semester\Semester 8\Tugas Akhir\Web 2\AzventoryWeb\tests\Unit\TesEvent.php" line="64" class="Tests\Unit\TesEvent" classname="Tests.Unit.TesEvent" assertions="1" time="0.018683"/>
        <testcase name="inventory_updated_event_broadcast_ke_channel_inventory_updates" file="E:\KULI AH\Semester\Semester 8\Tugas Akhir\Web 2\AzventoryWeb\tests\Unit\TesEvent.php" line="76" class="Tests\Unit\TesEvent" classname="Tests.Unit.TesEvent" assertions="2" time="0.018712"/>
        <testcase name="inventory_updated_event_broadcast_with_berisi_action_dan_user" file="E:\KULI AH\Semester\Semester 8\Tugas Akhir\Web 2\AzventoryWeb\tests\Unit\TesEvent.php" line="88" class="Tests\Unit\TesEvent" classname="Tests.Unit.TesEvent" assertions="3" time="0.020799"/>
        <testcase name="borrowing_status_changed_event_berisi_property_yang_benar" file="E:\KULI AH\Semester\Semester 8\Tugas Akhir\Web 2\AzventoryWeb\tests\Unit\TesEvent.php" line="102" class="Tests\Unit\TesEvent" classname="Tests.Unit.TesEvent" assertions="4" time="0.025336"/>
        <testcase name="borrowing_status_changed_event_broadcast_ke_channel_inventory_updates" file="E:\KULI AH\Semester\Semester 8\Tugas Akhir\Web 2\AzventoryWeb\tests\Unit\TesEvent.php" line="126" class="Tests\Unit\TesEvent" classname="Tests.Unit.TesEvent" assertions="2" time="0.025451"/>
        <testcase name="stock_request_event_broadcast_ke_private_channel_user" file="E:\KULI AH\Semester\Semester 8\Tugas Akhir\Web 2\AzventoryWeb\tests\Unit\TesEvent.php" line="150" class="Tests\Unit\TesEvent" classname="Tests.Unit.TesEvent" assertions="2" time="0.023160"/>
        <testcase name="stock_request_event_broadcast_with_berisi_message_dan_url" file="E:\KULI AH\Semester\Semester 8\Tugas Akhir\Web 2\AzventoryWeb\tests\Unit\TesEvent.php" line="164" class="Tests\Unit\TesEvent" classname="Tests.Unit.TesEvent" assertions="3" time="0.023134"/>
        <testcase name="activity_logged_event_berisi_data_log_yang_benar" file="E:\KULI AH\Semester\Semester 8\Tugas Akhir\Web 2\AzventoryWeb\tests\Unit\TesEvent.php" line="179" class="Tests\Unit\TesEvent" classname="Tests.Unit.TesEvent" assertions="2" time="0.026244"/>
      </testsuite>
      <testsuite name="Tests\Unit\TesKebijakanUnit" file="E:\KULI AH\Semester\Semester 8\Tugas Akhir\Web 2\AzventoryWeb\tests\Unit\TesKebijakanUnit.php" tests="9" assertions="17" errors="0" failures="0" skipped="0" time="0.207982">
        <testcase name="borrowing_policy_semua_role_bisa_melihat_daftar_peminjaman" file="E:\KULI AH\Semester\Semester 8\Tugas Akhir\Web 2\AzventoryWeb\tests\Unit\TesKebijakanUnit.php" line="44" class="Tests\Unit\TesKebijakanUnit" classname="Tests.Unit.TesKebijakanUnit" assertions="3" time="0.023733"/>
        <testcase name="borrowing_policy_admin_bisa_melihat_semua_peminjaman" file="E:\KULI AH\Semester\Semester 8\Tugas Akhir\Web 2\AzventoryWeb\tests\Unit\TesKebijakanUnit.php" line="53" class="Tests\Unit\TesKebijakanUnit" classname="Tests.Unit.TesKebijakanUnit" assertions="1" time="0.025388"/>
        <testcase name="borrowing_policy_operator_hanya_dapat_melihat_peminjamannya_sendiri" file="E:\KULI AH\Semester\Semester 8\Tugas Akhir\Web 2\AzventoryWeb\tests\Unit\TesKebijakanUnit.php" line="64" class="Tests\Unit\TesKebijakanUnit" classname="Tests.Unit.TesKebijakanUnit" assertions="2" time="0.026014"/>
        <testcase name="borrowing_policy_hanya_superadmin_yang_bisa_hapus_permanen" file="E:\KULI AH\Semester\Semester 8\Tugas Akhir\Web 2\AzventoryWeb\tests\Unit\TesKebijakanUnit.php" line="77" class="Tests\Unit\TesKebijakanUnit" classname="Tests.Unit.TesKebijakanUnit" assertions="2" time="0.024355"/>
        <testcase name="borrowing_policy_semua_user_bisa_mengajukan_peminjaman" file="E:\KULI AH\Semester\Semester 8\Tugas Akhir\Web 2\AzventoryWeb\tests\Unit\TesKebijakanUnit.php" line="89" class="Tests\Unit\TesKebijakanUnit" classname="Tests.Unit.TesKebijakanUnit" assertions="1" time="0.023252"/>
        <testcase name="user_policy_hanya_superadmin_yang_bisa_lihat_daftar_user" file="E:\KULI AH\Semester\Semester 8\Tugas Akhir\Web 2\AzventoryWeb\tests\Unit\TesKebijakanUnit.php" line="100" class="Tests\Unit\TesKebijakanUnit" classname="Tests.Unit.TesKebijakanUnit" assertions="2" time="0.021621"/>
        <testcase name="user_policy_superadmin_bisa_delete_orang_lain_tapi_tidak_dirinya_sendiri" file="E:\KULI AH\Semester\Semester 8\Tugas Akhir\Web 2\AzventoryWeb\tests\Unit\TesKebijakanUnit.php" line="111" class="Tests\Unit\TesKebijakanUnit" classname="Tests.Unit.TesKebijakanUnit" assertions="3" time="0.021639"/>
        <testcase name="user_policy_user_bisa_melihat_profilnya_sendiri_tapi_tidak_profil_orang_lain" file="E:\KULI AH\Semester\Semester 8\Tugas Akhir\Web 2\AzventoryWeb\tests\Unit\TesKebijakanUnit.php" line="128" class="Tests\Unit\TesKebijakanUnit" classname="Tests.Unit.TesKebijakanUnit" assertions="2" time="0.022082"/>
        <testcase name="user_policy_admin_tidak_bisa_membuat_user_baru" file="E:\KULI AH\Semester\Semester 8\Tugas Akhir\Web 2\AzventoryWeb\tests\Unit\TesKebijakanUnit.php" line="139" class="Tests\Unit\TesKebijakanUnit" classname="Tests.Unit.TesKebijakanUnit" assertions="1" time="0.019898"/>
      </testsuite>
      <testsuite name="Tests\Unit\TesKelasNotifikasi" file="E:\KULI AH\Semester\Semester 8\Tugas Akhir\Web 2\AzventoryWeb\tests\Unit\TesKelasNotifikasi.php" tests="6" assertions="15" errors="0" failures="0" skipped="0" time="0.141898">
        <testcase name="low_stock_notification_berisi_data_yang_benar" file="E:\KULI AH\Semester\Semester 8\Tugas Akhir\Web 2\AzventoryWeb\tests\Unit\TesKelasNotifikasi.php" line="27" class="Tests\Unit\TesKelasNotifikasi" classname="Tests.Unit.TesKelasNotifikasi" assertions="4" time="0.023738"/>
        <testcase name="low_stock_notification_dikirim_melalui_channel_database_dan_broadcast" file="E:\KULI AH\Semester\Semester 8\Tugas Akhir\Web 2\AzventoryWeb\tests\Unit\TesKelasNotifikasi.php" line="42" class="Tests\Unit\TesKelasNotifikasi" classname="Tests.Unit.TesKelasNotifikasi" assertions="1" time="0.020504"/>
        <testcase name="missing_price_notification_berisi_data_yang_benar" file="E:\KULI AH\Semester\Semester 8\Tugas Akhir\Web 2\AzventoryWeb\tests\Unit\TesKelasNotifikasi.php" line="54" class="Tests\Unit\TesKelasNotifikasi" classname="Tests.Unit.TesKelasNotifikasi" assertions="5" time="0.023943"/>
        <testcase name="missing_price_notification_url_mengarah_ke_halaman_edit" file="E:\KULI AH\Semester\Semester 8\Tugas Akhir\Web 2\AzventoryWeb\tests\Unit\TesKelasNotifikasi.php" line="71" class="Tests\Unit\TesKelasNotifikasi" classname="Tests.Unit.TesKelasNotifikasi" assertions="1" time="0.023039"/>
        <testcase name="stock_request_notification_berisi_message_dan_url_yang_benar" file="E:\KULI AH\Semester\Semester 8\Tugas Akhir\Web 2\AzventoryWeb\tests\Unit\TesKelasNotifikasi.php" line="86" class="Tests\Unit\TesKelasNotifikasi" classname="Tests.Unit.TesKelasNotifikasi" assertions="3" time="0.025417"/>
        <testcase name="stock_request_notification_dikirim_melalui_channel_database_dan_broadcast" file="E:\KULI AH\Semester\Semester 8\Tugas Akhir\Web 2\AzventoryWeb\tests\Unit\TesKelasNotifikasi.php" line="103" class="Tests\Unit\TesKelasNotifikasi" classname="Tests.Unit.TesKelasNotifikasi" assertions="1" time="0.025256"/>
      </testsuite>
      <testsuite name="Tests\Unit\TesServisDashboard" file="E:\KULI AH\Semester\Semester 8\Tugas Akhir\Web 2\AzventoryWeb\tests\Unit\TesServisDashboard.php" tests="8" assertions="22" errors="0" failures="0" skipped="0" time="0.193809">
        <testcase name="menghitung_rentang_tanggal_dengan_benar" file="E:\KULI AH\Semester\Semester 8\Tugas Akhir\Web 2\AzventoryWeb\tests\Unit\TesServisDashboard.php" line="28" class="Tests\Unit\TesServisDashboard" classname="Tests.Unit.TesServisDashboard" assertions="6" time="0.020167"/>
        <testcase name="mengembalikan_snapshot_stok_dengan_benar" file="E:\KULI AH\Semester\Semester 8\Tugas Akhir\Web 2\AzventoryWeb\tests\Unit\TesServisDashboard.php" line="45" class="Tests\Unit\TesServisDashboard" classname="Tests.Unit.TesServisDashboard" assertions="4" time="0.025058"/>
        <testcase name="mengembalikan_pergerakan_stok_dengan_benar" file="E:\KULI AH\Semester\Semester 8\Tugas Akhir\Web 2\AzventoryWeb\tests\Unit\TesServisDashboard.php" line="69" class="Tests\Unit\TesServisDashboard" classname="Tests.Unit.TesServisDashboard" assertions="3" time="0.026240"/>
        <testcase name="mengembalikan_item_teratas_dengan_benar" file="E:\KULI AH\Semester\Semester 8\Tugas Akhir\Web 2\AzventoryWeb\tests\Unit\TesServisDashboard.php" line="107" class="Tests\Unit\TesServisDashboard" classname="Tests.Unit.TesServisDashboard" assertions="3" time="0.023893"/>
        <testcase name="snapshot_low_stock_tidak_include_item_tanpa_minimum_stock" file="E:\KULI AH\Semester\Semester 8\Tugas Akhir\Web 2\AzventoryWeb\tests\Unit\TesServisDashboard.php" line="146" class="Tests\Unit\TesServisDashboard" classname="Tests.Unit.TesServisDashboard" assertions="1" time="0.021373"/>
        <testcase name="snapshot_low_stock_tidak_include_item_minimum_nol" file="E:\KULI AH\Semester\Semester 8\Tugas Akhir\Web 2\AzventoryWeb\tests\Unit\TesServisDashboard.php" line="162" class="Tests\Unit\TesServisDashboard" classname="Tests.Unit.TesServisDashboard" assertions="1" time="0.025208"/>
        <testcase name="snapshot_low_stock_include_item_yang_benar_benar_kritis" file="E:\KULI AH\Semester\Semester 8\Tugas Akhir\Web 2\AzventoryWeb\tests\Unit\TesServisDashboard.php" line="176" class="Tests\Unit\TesServisDashboard" classname="Tests.Unit.TesServisDashboard" assertions="2" time="0.025053"/>
        <testcase name="recent_activities_menghormati_parameter_limit" file="E:\KULI AH\Semester\Semester 8\Tugas Akhir\Web 2\AzventoryWeb\tests\Unit\TesServisDashboard.php" line="189" class="Tests\Unit\TesServisDashboard" classname="Tests.Unit.TesServisDashboard" assertions="2" time="0.026819"/>
      </testsuite>
      <testsuite name="Tests\Unit\TesServisGambar" file="E:\KULI AH\Semester\Semester 8\Tugas Akhir\Web 2\AzventoryWeb\tests\Unit\TesServisGambar.php" tests="2" assertions="6" errors="0" failures="0" skipped="0" time="0.451819">
        <testcase name="test_optimize_and_save_mengonversi_ke_webp" file="E:\KULI AH\Semester\Semester 8\Tugas Akhir\Web 2\AzventoryWeb\tests\Unit\TesServisGambar.php" line="15" class="Tests\Unit\TesServisGambar" classname="Tests.Unit.TesServisGambar" assertions="4" time="0.397915"/>
        <testcase name="test_gambar_kecil_tidak_di_resize_dimensinya" file="E:\KULI AH\Semester\Semester 8\Tugas Akhir\Web 2\AzventoryWeb\tests\Unit\TesServisGambar.php" line="41" class="Tests\Unit\TesServisGambar" classname="Tests.Unit.TesServisGambar" assertions="2" time="0.053904"/>
      </testsuite>
    </testsuite>
    <testsuite name="Feature" tests="591" assertions="1474" errors="0" failures="8" skipped="3" time="28.381243">
      <testsuite name="Tests\Feature\Api\TesApiInventaris" file="E:\KULI AH\Semester\Semester 8\Tugas Akhir\Web 2\AzventoryWeb\tests\Feature\Api\TesApiInventaris.php" tests="36" assertions="195" errors="0" failures="0" skipped="0" time="0.957413">
        <testcase name="semua_endpoint_ditolak_tanpa_token" file="E:\KULI AH\Semester\Semester 8\Tugas Akhir\Web 2\AzventoryWeb\tests\Feature\Api\TesApiInventaris.php" line="67" class="Tests\Feature\Api\TesApiInventaris" classname="Tests.Feature.Api.TesApiInventaris" assertions="6" time="0.054490"/>
        <testcase name="index_mengembalikan_daftar_inventory_dengan_paginasi" file="E:\KULI AH\Semester\Semester 8\Tugas Akhir\Web 2\AzventoryWeb\tests\Feature\Api\TesApiInventaris.php" line="84" class="Tests\Feature\Api\TesApiInventaris" classname="Tests.Feature.Api.TesApiInventaris" assertions="76" time="0.045510"/>
        <testcase name="index_dengan_filter_search_mengembalikan_data_yang_sesuai" file="E:\KULI AH\Semester\Semester 8\Tugas Akhir\Web 2\AzventoryWeb\tests\Feature\Api\TesApiInventaris.php" line="105" class="Tests\Feature\Api\TesApiInventaris" classname="Tests.Feature.Api.TesApiInventaris" assertions="3" time="0.026410"/>
        <testcase name="index_dengan_filter_category_mengembalikan_data_sesuai" file="E:\KULI AH\Semester\Semester 8\Tugas Akhir\Web 2\AzventoryWeb\tests\Feature\Api\TesApiInventaris.php" line="120" class="Tests\Feature\Api\TesApiInventaris" classname="Tests.Feature.Api.TesApiInventaris" assertions="2" time="0.026898"/>
        <testcase name="index_dengan_filter_per_page_mengembalikan_jumlah_yang_diminta" file="E:\KULI AH\Semester\Semester 8\Tugas Akhir\Web 2\AzventoryWeb\tests\Feature\Api\TesApiInventaris.php" line="135" class="Tests\Feature\Api\TesApiInventaris" classname="Tests.Feature.Api.TesApiInventaris" assertions="3" time="0.032409"/>
        <testcase name="index_mengembalikan_data_kosong_jika_tidak_ada_inventory" file="E:\KULI AH\Semester\Semester 8\Tugas Akhir\Web 2\AzventoryWeb\tests\Feature\Api\TesApiInventaris.php" line="147" class="Tests\Feature\Api\TesApiInventaris" classname="Tests.Feature.Api.TesApiInventaris" assertions="2" time="0.022066"/>
        <testcase name="show_mengembalikan_detail_barang_yang_benar" file="E:\KULI AH\Semester\Semester 8\Tugas Akhir\Web 2\AzventoryWeb\tests\Feature\Api\TesApiInventaris.php" line="161" class="Tests\Feature\Api\TesApiInventaris" classname="Tests.Feature.Api.TesApiInventaris" assertions="2" time="0.022914"/>
        <testcase name="show_mengembalikan_404_jika_barang_tidak_ditemukan" file="E:\KULI AH\Semester\Semester 8\Tugas Akhir\Web 2\AzventoryWeb\tests\Feature\Api\TesApiInventaris.php" line="179" class="Tests\Feature\Api\TesApiInventaris" classname="Tests.Feature.Api.TesApiInventaris" assertions="2" time="0.022153"/>
        <testcase name="show_mengembalikan_struktur_json_yang_lengkap" file="E:\KULI AH\Semester\Semester 8\Tugas Akhir\Web 2\AzventoryWeb\tests\Feature\Api\TesApiInventaris.php" line="189" class="Tests\Feature\Api\TesApiInventaris" classname="Tests.Feature.Api.TesApiInventaris" assertions="22" time="0.022268"/>
        <testcase name="store_berhasil_membuat_barang_baru" file="E:\KULI AH\Semester\Semester 8\Tugas Akhir\Web 2\AzventoryWeb\tests\Feature\Api\TesApiInventaris.php" line="212" class="Tests\Feature\Api\TesApiInventaris" classname="Tests.Feature.Api.TesApiInventaris" assertions="3" time="0.024806"/>
        <testcase name="store_berhasil_dengan_price_opsional" file="E:\KULI AH\Semester\Semester 8\Tugas Akhir\Web 2\AzventoryWeb\tests\Feature\Api\TesApiInventaris.php" line="228" class="Tests\Feature\Api\TesApiInventaris" classname="Tests.Feature.Api.TesApiInventaris" assertions="1" time="0.023279"/>
        <testcase name="store_gagal_jika_part_number_sudah_ada" file="E:\KULI AH\Semester\Semester 8\Tugas Akhir\Web 2\AzventoryWeb\tests\Feature\Api\TesApiInventaris.php" line="238" class="Tests\Feature\Api\TesApiInventaris" classname="Tests.Feature.Api.TesApiInventaris" assertions="3" time="0.024060"/>
        <testcase name="store_gagal_jika_field_wajib_tidak_diisi" file="E:\KULI AH\Semester\Semester 8\Tugas Akhir\Web 2\AzventoryWeb\tests\Feature\Api\TesApiInventaris.php" line="249" class="Tests\Feature\Api\TesApiInventaris" classname="Tests.Feature.Api.TesApiInventaris" assertions="11" time="0.024887"/>
        <testcase name="store_gagal_jika_type_tidak_valid" file="E:\KULI AH\Semester\Semester 8\Tugas Akhir\Web 2\AzventoryWeb\tests\Feature\Api\TesApiInventaris.php" line="259" class="Tests\Feature\Api\TesApiInventaris" classname="Tests.Feature.Api.TesApiInventaris" assertions="3" time="0.022988"/>
        <testcase name="store_gagal_jika_stock_negatif" file="E:\KULI AH\Semester\Semester 8\Tugas Akhir\Web 2\AzventoryWeb\tests\Feature\Api\TesApiInventaris.php" line="269" class="Tests\Feature\Api\TesApiInventaris" classname="Tests.Feature.Api.TesApiInventaris" assertions="3" time="0.023296"/>
        <testcase name="store_gagal_jika_status_tidak_valid" file="E:\KULI AH\Semester\Semester 8\Tugas Akhir\Web 2\AzventoryWeb\tests\Feature\Api\TesApiInventaris.php" line="279" class="Tests\Feature\Api\TesApiInventaris" classname="Tests.Feature.Api.TesApiInventaris" assertions="3" time="0.022107"/>
        <testcase name="update_berhasil_mengubah_nama_barang" file="E:\KULI AH\Semester\Semester 8\Tugas Akhir\Web 2\AzventoryWeb\tests\Feature\Api\TesApiInventaris.php" line="293" class="Tests\Feature\Api\TesApiInventaris" classname="Tests.Feature.Api.TesApiInventaris" assertions="3" time="0.030816"/>
        <testcase name="update_berhasil_partial_update_hanya_satu_field" file="E:\KULI AH\Semester\Semester 8\Tugas Akhir\Web 2\AzventoryWeb\tests\Feature\Api\TesApiInventaris.php" line="306" class="Tests\Feature\Api\TesApiInventaris" classname="Tests.Feature.Api.TesApiInventaris" assertions="2" time="0.023960"/>
        <testcase name="update_mengembalikan_404_jika_barang_tidak_ditemukan" file="E:\KULI AH\Semester\Semester 8\Tugas Akhir\Web 2\AzventoryWeb\tests\Feature\Api\TesApiInventaris.php" line="318" class="Tests\Feature\Api\TesApiInventaris" classname="Tests.Feature.Api.TesApiInventaris" assertions="2" time="0.021089"/>
        <testcase name="update_gagal_jika_part_number_sudah_dipakai_barang_lain" file="E:\KULI AH\Semester\Semester 8\Tugas Akhir\Web 2\AzventoryWeb\tests\Feature\Api\TesApiInventaris.php" line="328" class="Tests\Feature\Api\TesApiInventaris" classname="Tests.Feature.Api.TesApiInventaris" assertions="3" time="0.023821"/>
        <testcase name="update_berhasil_dengan_part_number_milik_sendiri" file="E:\KULI AH\Semester\Semester 8\Tugas Akhir\Web 2\AzventoryWeb\tests\Feature\Api\TesApiInventaris.php" line="340" class="Tests\Feature\Api\TesApiInventaris" classname="Tests.Feature.Api.TesApiInventaris" assertions="1" time="0.025788"/>
        <testcase name="destroy_berhasil_soft_delete_barang" file="E:\KULI AH\Semester\Semester 8\Tugas Akhir\Web 2\AzventoryWeb\tests\Feature\Api\TesApiInventaris.php" line="356" class="Tests\Feature\Api\TesApiInventaris" classname="Tests.Feature.Api.TesApiInventaris" assertions="3" time="0.025589"/>
        <testcase name="destroy_mengembalikan_404_jika_barang_tidak_ditemukan" file="E:\KULI AH\Semester\Semester 8\Tugas Akhir\Web 2\AzventoryWeb\tests\Feature\Api\TesApiInventaris.php" line="369" class="Tests\Feature\Api\TesApiInventaris" classname="Tests.Feature.Api.TesApiInventaris" assertions="2" time="0.023132"/>
        <testcase name="barang_yang_sudah_dihapus_tidak_muncul_di_index" file="E:\KULI AH\Semester\Semester 8\Tugas Akhir\Web 2\AzventoryWeb\tests\Feature\Api\TesApiInventaris.php" line="379" class="Tests\Feature\Api\TesApiInventaris" classname="Tests.Feature.Api.TesApiInventaris" assertions="2" time="0.027148"/>
        <testcase name="adjust_stock_decrement_berhasil_dan_log_tercatat" file="E:\KULI AH\Semester\Semester 8\Tugas Akhir\Web 2\AzventoryWeb\tests\Feature\Api\TesApiInventaris.php" line="395" class="Tests\Feature\Api\TesApiInventaris" classname="Tests.Feature.Api.TesApiInventaris" assertions="4" time="0.027013"/>
        <testcase name="adjust_stock_increment_berhasil_dan_log_tercatat" file="E:\KULI AH\Semester\Semester 8\Tugas Akhir\Web 2\AzventoryWeb\tests\Feature\Api\TesApiInventaris.php" line="419" class="Tests\Feature\Api\TesApiInventaris" classname="Tests.Feature.Api.TesApiInventaris" assertions="4" time="0.029588"/>
        <testcase name="adjust_stock_gagal_jika_stok_tidak_mencukupi" file="E:\KULI AH\Semester\Semester 8\Tugas Akhir\Web 2\AzventoryWeb\tests\Feature\Api\TesApiInventaris.php" line="443" class="Tests\Feature\Api\TesApiInventaris" classname="Tests.Feature.Api.TesApiInventaris" assertions="3" time="0.025005"/>
        <testcase name="adjust_stock_gagal_jika_item_tidak_ditemukan" file="E:\KULI AH\Semester\Semester 8\Tugas Akhir\Web 2\AzventoryWeb\tests\Feature\Api\TesApiInventaris.php" line="457" class="Tests\Feature\Api\TesApiInventaris" classname="Tests.Feature.Api.TesApiInventaris" assertions="2" time="0.023333"/>
        <testcase name="adjust_stock_gagal_jika_type_tidak_valid" file="E:\KULI AH\Semester\Semester 8\Tugas Akhir\Web 2\AzventoryWeb\tests\Feature\Api\TesApiInventaris.php" line="468" class="Tests\Feature\Api\TesApiInventaris" classname="Tests.Feature.Api.TesApiInventaris" assertions="3" time="0.027293"/>
        <testcase name="adjust_stock_gagal_jika_quantity_nol_atau_negatif" file="E:\KULI AH\Semester\Semester 8\Tugas Akhir\Web 2\AzventoryWeb\tests\Feature\Api\TesApiInventaris.php" line="480" class="Tests\Feature\Api\TesApiInventaris" classname="Tests.Feature.Api.TesApiInventaris" assertions="6" time="0.028973"/>
        <testcase name="adjust_stock_tanpa_token_ditolak_401" file="E:\KULI AH\Semester\Semester 8\Tugas Akhir\Web 2\AzventoryWeb\tests\Feature\Api\TesApiInventaris.php" line="495" class="Tests\Feature\Api\TesApiInventaris" classname="Tests.Feature.Api.TesApiInventaris" assertions="1" time="0.022630"/>
        <testcase name="adjust_stock_tanpa_description_tetap_berhasil" file="E:\KULI AH\Semester\Semester 8\Tugas Akhir\Web 2\AzventoryWeb\tests\Feature\Api\TesApiInventaris.php" line="505" class="Tests\Feature\Api\TesApiInventaris" classname="Tests.Feature.Api.TesApiInventaris" assertions="1" time="0.025934"/>
        <testcase name="adjust_stock_mengembalikan_is_low_stock_true_jika_stok_kritis" file="E:\KULI AH\Semester\Semester 8\Tugas Akhir\Web 2\AzventoryWeb\tests\Feature\Api\TesApiInventaris.php" line="516" class="Tests\Feature\Api\TesApiInventaris" classname="Tests.Feature.Api.TesApiInventaris" assertions="2" time="0.025114"/>
        <testcase name="adjust_stock_mengembalikan_is_low_stock_false_jika_stok_aman" file="E:\KULI AH\Semester\Semester 8\Tugas Akhir\Web 2\AzventoryWeb\tests\Feature\Api\TesApiInventaris.php" line="528" class="Tests\Feature\Api\TesApiInventaris" classname="Tests.Feature.Api.TesApiInventaris" assertions="2" time="0.024918"/>
        <testcase name="admin_dapat_mengakses_semua_endpoint_api" file="E:\KULI AH\Semester\Semester 8\Tugas Akhir\Web 2\AzventoryWeb\tests\Feature\Api\TesApiInventaris.php" line="544" class="Tests\Feature\Api\TesApiInventaris" classname="Tests.Feature.Api.TesApiInventaris" assertions="2" time="0.028018"/>
        <testcase name="operator_dapat_mengakses_endpoint_read" file="E:\KULI AH\Semester\Semester 8\Tugas Akhir\Web 2\AzventoryWeb\tests\Feature\Api\TesApiInventaris.php" line="554" class="Tests\Feature\Api\TesApiInventaris" classname="Tests.Feature.Api.TesApiInventaris" assertions="2" time="0.027708"/>
      </testsuite>
      <testsuite name="Tests\Feature\Api\TesBatasRoleApi" file="E:\KULI AH\Semester\Semester 8\Tugas Akhir\Web 2\AzventoryWeb\tests\Feature\Api\TesBatasRoleApi.php" tests="5" assertions="5" errors="0" failures="0" skipped="0" time="0.133244">
        <testcase name="operator_tidak_dapat_menambah_inventaris_via_api" file="E:\KULI AH\Semester\Semester 8\Tugas Akhir\Web 2\AzventoryWeb\tests\Feature\Api\TesBatasRoleApi.php" line="35" class="Tests\Feature\Api\TesBatasRoleApi" classname="Tests.Feature.Api.TesBatasRoleApi" assertions="1" time="0.033255"/>
        <testcase name="operator_tidak_dapat_mengubah_inventaris_via_api" file="E:\KULI AH\Semester\Semester 8\Tugas Akhir\Web 2\AzventoryWeb\tests\Feature\Api\TesBatasRoleApi.php" line="53" class="Tests\Feature\Api\TesBatasRoleApi" classname="Tests.Feature.Api.TesBatasRoleApi" assertions="1" time="0.024454"/>
        <testcase name="operator_tidak_dapat_menyesuaikan_stok_langsung_via_api" file="E:\KULI AH\Semester\Semester 8\Tugas Akhir\Web 2\AzventoryWeb\tests\Feature\Api\TesBatasRoleApi.php" line="63" class="Tests\Feature\Api\TesBatasRoleApi" classname="Tests.Feature.Api.TesBatasRoleApi" assertions="1" time="0.025234"/>
        <testcase name="operator_tidak_dapat_menghapus_inventaris_via_api" file="E:\KULI AH\Semester\Semester 8\Tugas Akhir\Web 2\AzventoryWeb\tests\Feature\Api\TesBatasRoleApi.php" line="74" class="Tests\Feature\Api\TesBatasRoleApi" classname="Tests.Feature.Api.TesBatasRoleApi" assertions="1" time="0.023386"/>
        <testcase name="operator_tetap_dapat_melihat_daftar_inventaris_via_api" file="E:\KULI AH\Semester\Semester 8\Tugas Akhir\Web 2\AzventoryWeb\tests\Feature\Api\TesBatasRoleApi.php" line="82" class="Tests\Feature\Api\TesBatasRoleApi" classname="Tests.Feature.Api.TesBatasRoleApi" assertions="1" time="0.026915"/>
      </testsuite>
      <testsuite name="Tests\Feature\Api\TesPenyesuaianStokApi" file="E:\KULI AH\Semester\Semester 8\Tugas Akhir\Web 2\AzventoryWeb\tests\Feature\Api\TesPenyesuaianStokApi.php" tests="12" assertions="27" errors="0" failures="0" skipped="0" time="0.329702">
        <testcase name="regression_adjust_stock_tidak_boleh_error_500_karena_user_id_null" file="E:\KULI AH\Semester\Semester 8\Tugas Akhir\Web 2\AzventoryWeb\tests\Feature\Api\TesPenyesuaianStokApi.php" line="49" class="Tests\Feature\Api\TesPenyesuaianStokApi" classname="Tests.Feature.Api.TesPenyesuaianStokApi" assertions="2" time="0.027048"/>
        <testcase name="adjust_stock_decrement_mengurangi_stok_dan_membuat_log" file="E:\KULI AH\Semester\Semester 8\Tugas Akhir\Web 2\AzventoryWeb\tests\Feature\Api\TesPenyesuaianStokApi.php" line="79" class="Tests\Feature\Api\TesPenyesuaianStokApi" classname="Tests.Feature.Api.TesPenyesuaianStokApi" assertions="3" time="0.027787"/>
        <testcase name="adjust_stock_decrement_gagal_jika_stok_tidak_cukup" file="E:\KULI AH\Semester\Semester 8\Tugas Akhir\Web 2\AzventoryWeb\tests\Feature\Api\TesPenyesuaianStokApi.php" line="96" class="Tests\Feature\Api\TesPenyesuaianStokApi" classname="Tests.Feature.Api.TesPenyesuaianStokApi" assertions="3" time="0.028876"/>
        <testcase name="adjust_stock_increment_menambah_stok_dan_membuat_log" file="E:\KULI AH\Semester\Semester 8\Tugas Akhir\Web 2\AzventoryWeb\tests\Feature\Api\TesPenyesuaianStokApi.php" line="116" class="Tests\Feature\Api\TesPenyesuaianStokApi" classname="Tests.Feature.Api.TesPenyesuaianStokApi" assertions="3" time="0.029092"/>
        <testcase name="adjust_stock_gagal_jika_type_tidak_valid" file="E:\KULI AH\Semester\Semester 8\Tugas Akhir\Web 2\AzventoryWeb\tests\Feature\Api\TesPenyesuaianStokApi.php" line="140" class="Tests\Feature\Api\TesPenyesuaianStokApi" classname="Tests.Feature.Api.TesPenyesuaianStokApi" assertions="1" time="0.033346"/>
        <testcase name="adjust_stock_gagal_jika_quantity_nol_atau_negatif" file="E:\KULI AH\Semester\Semester 8\Tugas Akhir\Web 2\AzventoryWeb\tests\Feature\Api\TesPenyesuaianStokApi.php" line="152" class="Tests\Feature\Api\TesPenyesuaianStokApi" classname="Tests.Feature.Api.TesPenyesuaianStokApi" assertions="1" time="0.027720"/>
        <testcase name="adjust_stock_gagal_jika_item_tidak_ditemukan" file="E:\KULI AH\Semester\Semester 8\Tugas Akhir\Web 2\AzventoryWeb\tests\Feature\Api\TesPenyesuaianStokApi.php" line="164" class="Tests\Feature\Api\TesPenyesuaianStokApi" classname="Tests.Feature.Api.TesPenyesuaianStokApi" assertions="1" time="0.025374"/>
        <testcase name="adjust_stock_gagal_tanpa_token_auth" file="E:\KULI AH\Semester\Semester 8\Tugas Akhir\Web 2\AzventoryWeb\tests\Feature\Api\TesPenyesuaianStokApi.php" line="178" class="Tests\Feature\Api\TesPenyesuaianStokApi" classname="Tests.Feature.Api.TesPenyesuaianStokApi" assertions="1" time="0.025297"/>
        <testcase name="adjust_stock_gagal_dengan_token_tidak_valid" file="E:\KULI AH\Semester\Semester 8\Tugas Akhir\Web 2\AzventoryWeb\tests\Feature\Api\TesPenyesuaianStokApi.php" line="190" class="Tests\Feature\Api\TesPenyesuaianStokApi" classname="Tests.Feature.Api.TesPenyesuaianStokApi" assertions="1" time="0.022910"/>
        <testcase name="adjust_stock_mengembalikan_struktur_response_yang_benar" file="E:\KULI AH\Semester\Semester 8\Tugas Akhir\Web 2\AzventoryWeb\tests\Feature\Api\TesPenyesuaianStokApi.php" line="204" class="Tests\Feature\Api\TesPenyesuaianStokApi" classname="Tests.Feature.Api.TesPenyesuaianStokApi" assertions="8" time="0.027583"/>
        <testcase name="adjust_stock_menandai_is_low_stock_jika_stok_di_bawah_minimum" file="E:\KULI AH\Semester\Semester 8\Tugas Akhir\Web 2\AzventoryWeb\tests\Feature\Api\TesPenyesuaianStokApi.php" line="226" class="Tests\Feature\Api\TesPenyesuaianStokApi" classname="Tests.Feature.Api.TesPenyesuaianStokApi" assertions="2" time="0.026778"/>
        <testcase name="approved_by_diisi_dengan_user_yang_melakukan_request" file="E:\KULI AH\Semester\Semester 8\Tugas Akhir\Web 2\AzventoryWeb\tests\Feature\Api\TesPenyesuaianStokApi.php" line="241" class="Tests\Feature\Api\TesPenyesuaianStokApi" classname="Tests.Feature.Api.TesPenyesuaianStokApi" assertions="1" time="0.027890"/>
      </testsuite>
      <testsuite name="Tests\Feature\Api\TesTokenApi" file="E:\KULI AH\Semester\Semester 8\Tugas Akhir\Web 2\AzventoryWeb\tests\Feature\Api\TesTokenApi.php" tests="18" assertions="34" errors="0" failures="0" skipped="0" time="0.502381">
        <testcase name="superadmin_dapat_membuat_api_token_baru" file="E:\KULI AH\Semester\Semester 8\Tugas Akhir\Web 2\AzventoryWeb\tests\Feature\Api\TesTokenApi.php" line="45" class="Tests\Feature\Api\TesTokenApi" classname="Tests.Feature.Api.TesTokenApi" assertions="4" time="0.033132"/>
        <testcase name="superadmin_dapat_membuat_banyak_token_dengan_nama_berbeda" file="E:\KULI AH\Semester\Semester 8\Tugas Akhir\Web 2\AzventoryWeb\tests\Feature\Api\TesTokenApi.php" line="66" class="Tests\Feature\Api\TesTokenApi" classname="Tests.Feature.Api.TesTokenApi" assertions="1" time="0.028985"/>
        <testcase name="pembuatan_token_gagal_jika_nama_token_kosong" file="E:\KULI AH\Semester\Semester 8\Tugas Akhir\Web 2\AzventoryWeb\tests\Feature\Api\TesTokenApi.php" line="77" class="Tests\Feature\Api\TesTokenApi" classname="Tests.Feature.Api.TesTokenApi" assertions="2" time="0.035044"/>
        <testcase name="admin_tidak_bisa_membuat_api_token" file="E:\KULI AH\Semester\Semester 8\Tugas Akhir\Web 2\AzventoryWeb\tests\Feature\Api\TesTokenApi.php" line="87" class="Tests\Feature\Api\TesTokenApi" classname="Tests.Feature.Api.TesTokenApi" assertions="1" time="0.034765"/>
        <testcase name="operator_tidak_bisa_membuat_api_token" file="E:\KULI AH\Semester\Semester 8\Tugas Akhir\Web 2\AzventoryWeb\tests\Feature\Api\TesTokenApi.php" line="97" class="Tests\Feature\Api\TesTokenApi" classname="Tests.Feature.Api.TesTokenApi" assertions="1" time="0.037181"/>
        <testcase name="guest_tidak_bisa_membuat_api_token" file="E:\KULI AH\Semester\Semester 8\Tugas Akhir\Web 2\AzventoryWeb\tests\Feature\Api\TesTokenApi.php" line="107" class="Tests\Feature\Api\TesTokenApi" classname="Tests.Feature.Api.TesTokenApi" assertions="1" time="0.023866"/>
        <testcase name="token_yang_dibuat_superadmin_bisa_dipakai_untuk_api" file="E:\KULI AH\Semester\Semester 8\Tugas Akhir\Web 2\AzventoryWeb\tests\Feature\Api\TesTokenApi.php" line="118" class="Tests\Feature\Api\TesTokenApi" classname="Tests.Feature.Api.TesTokenApi" assertions="3" time="0.025570"/>
        <testcase name="token_yang_dibuat_superadmin_bisa_untuk_adjust_stock" file="E:\KULI AH\Semester\Semester 8\Tugas Akhir\Web 2\AzventoryWeb\tests\Feature\Api\TesTokenApi.php" line="132" class="Tests\Feature\Api\TesTokenApi" classname="Tests.Feature.Api.TesTokenApi" assertions="3" time="0.034125"/>
        <testcase name="token_salah_ditolak_dengan_401" file="E:\KULI AH\Semester\Semester 8\Tugas Akhir\Web 2\AzventoryWeb\tests\Feature\Api\TesTokenApi.php" line="157" class="Tests\Feature\Api\TesTokenApi" classname="Tests.Feature.Api.TesTokenApi" assertions="1" time="0.019877"/>
        <testcase name="request_tanpa_header_otorisasi_ditolak_401" file="E:\KULI AH\Semester\Semester 8\Tugas Akhir\Web 2\AzventoryWeb\tests\Feature\Api\TesTokenApi.php" line="167" class="Tests\Feature\Api\TesTokenApi" classname="Tests.Feature.Api.TesTokenApi" assertions="1" time="0.021028"/>
        <testcase name="token_format_bearer_harus_benar" file="E:\KULI AH\Semester\Semester 8\Tugas Akhir\Web 2\AzventoryWeb\tests\Feature\Api\TesTokenApi.php" line="175" class="Tests\Feature\Api\TesTokenApi" classname="Tests.Feature.Api.TesTokenApi" assertions="1" time="0.023332"/>
        <testcase name="superadmin_dapat_mencabut_token_miliknya" file="E:\KULI AH\Semester\Semester 8\Tugas Akhir\Web 2\AzventoryWeb\tests\Feature\Api\TesTokenApi.php" line="192" class="Tests\Feature\Api\TesTokenApi" classname="Tests.Feature.Api.TesTokenApi" assertions="4" time="0.023582"/>
        <testcase name="token_yang_dicabut_tidak_bisa_dipakai_untuk_api" file="E:\KULI AH\Semester\Semester 8\Tugas Akhir\Web 2\AzventoryWeb\tests\Feature\Api\TesTokenApi.php" line="208" class="Tests\Feature\Api\TesTokenApi" classname="Tests.Feature.Api.TesTokenApi" assertions="2" time="0.026537"/>
        <testcase name="superadmin_tidak_bisa_mencabut_token_milik_user_lain" file="E:\KULI AH\Semester\Semester 8\Tugas Akhir\Web 2\AzventoryWeb\tests\Feature\Api\TesTokenApi.php" line="230" class="Tests\Feature\Api\TesTokenApi" classname="Tests.Feature.Api.TesTokenApi" assertions="2" time="0.037128"/>
        <testcase name="admin_tidak_bisa_mencabut_token" file="E:\KULI AH\Semester\Semester 8\Tugas Akhir\Web 2\AzventoryWeb\tests\Feature\Api\TesTokenApi.php" line="248" class="Tests\Feature\Api\TesTokenApi" classname="Tests.Feature.Api.TesTokenApi" assertions="1" time="0.031376"/>
        <testcase name="user_baru_tidak_punya_token" file="E:\KULI AH\Semester\Semester 8\Tugas Akhir\Web 2\AzventoryWeb\tests\Feature\Api\TesTokenApi.php" line="264" class="Tests\Feature\Api\TesTokenApi" classname="Tests.Feature.Api.TesTokenApi" assertions="1" time="0.018877"/>
        <testcase name="setelah_buat_token_jumlah_token_bertambah" file="E:\KULI AH\Semester\Semester 8\Tugas Akhir\Web 2\AzventoryWeb\tests\Feature\Api\TesTokenApi.php" line="270" class="Tests\Feature\Api\TesTokenApi" classname="Tests.Feature.Api.TesTokenApi" assertions="3" time="0.024842"/>
        <testcase name="setelah_cabut_token_jumlah_token_berkurang" file="E:\KULI AH\Semester\Semester 8\Tugas Akhir\Web 2\AzventoryWeb\tests\Feature\Api\TesTokenApi.php" line="282" class="Tests\Feature\Api\TesTokenApi" classname="Tests.Feature.Api.TesTokenApi" assertions="2" time="0.023137"/>
      </testsuite>
      <testsuite name="Tests\Feature\Auth\TesAutentikasi" file="E:\KULI AH\Semester\Semester 8\Tugas Akhir\Web 2\AzventoryWeb\tests\Feature\Auth\TesAutentikasi.php" tests="3" assertions="5" errors="0" failures="0" skipped="0" time="0.288774">
        <testcase name="test_halaman_login_dapat_tampil" file="E:\KULI AH\Semester\Semester 8\Tugas Akhir\Web 2\AzventoryWeb\tests\Feature\Auth\TesAutentikasi.php" line="13" class="Tests\Feature\Auth\TesAutentikasi" classname="Tests.Feature.Auth.TesAutentikasi" assertions="1" time="0.024024"/>
        <testcase name="test_user_dapat_otentikasi_menggunakan_halaman_login" file="E:\KULI AH\Semester\Semester 8\Tugas Akhir\Web 2\AzventoryWeb\tests\Feature\Auth\TesAutentikasi.php" line="19" class="Tests\Feature\Auth\TesAutentikasi" classname="Tests.Feature.Auth.TesAutentikasi" assertions="3" time="0.027093"/>
        <testcase name="test_user_tidak_dapat_otentikasi_dengan_password_salah" file="E:\KULI AH\Semester\Semester 8\Tugas Akhir\Web 2\AzventoryWeb\tests\Feature\Auth\TesAutentikasi.php" line="37" class="Tests\Feature\Auth\TesAutentikasi" classname="Tests.Feature.Auth.TesAutentikasi" assertions="1" time="0.237657"/>
      </testsuite>
      <testsuite name="Tests\Feature\Auth\TesGantiPassword" file="E:\KULI AH\Semester\Semester 8\Tugas Akhir\Web 2\AzventoryWeb\tests\Feature\Auth\TesGantiPassword.php" tests="10" assertions="23" errors="0" failures="0" skipped="0" time="0.269849">
        <testcase name="user_baru_dapat_mengganti_password_dan_mengisi_username_sekaligus" file="E:\KULI AH\Semester\Semester 8\Tugas Akhir\Web 2\AzventoryWeb\tests\Feature\Auth\TesGantiPassword.php" line="23" class="Tests\Feature\Auth\TesGantiPassword" classname="Tests.Feature.Auth.TesGantiPassword" assertions="3" time="0.026210"/>
        <testcase name="username_otomatis_menjadi_lowercase_dan_tanpa_spasi" file="E:\KULI AH\Semester\Semester 8\Tugas Akhir\Web 2\AzventoryWeb\tests\Feature\Auth\TesGantiPassword.php" line="43" class="Tests\Feature\Auth\TesGantiPassword" classname="Tests.Feature.Auth.TesGantiPassword" assertions="2" time="0.029016"/>
        <testcase name="username_harus_minimal_3_karakter" file="E:\KULI AH\Semester\Semester 8\Tugas Akhir\Web 2\AzventoryWeb\tests\Feature\Auth\TesGantiPassword.php" line="62" class="Tests\Feature\Auth\TesGantiPassword" classname="Tests.Feature.Auth.TesGantiPassword" assertions="3" time="0.035170"/>
        <testcase name="username_tidak_boleh_menggunakan_karakter_khusus_selain_titik_dan_underscore" file="E:\KULI AH\Semester\Semester 8\Tugas Akhir\Web 2\AzventoryWeb\tests\Feature\Auth\TesGantiPassword.php" line="78" class="Tests\Feature\Auth\TesGantiPassword" classname="Tests.Feature.Auth.TesGantiPassword" assertions="3" time="0.032298"/>
        <testcase name="user_baru_gagal_ganti_password_jika_username_sudah_dipakai" file="E:\KULI AH\Semester\Semester 8\Tugas Akhir\Web 2\AzventoryWeb\tests\Feature\Auth\TesGantiPassword.php" line="94" class="Tests\Feature\Auth\TesGantiPassword" classname="Tests.Feature.Auth.TesGantiPassword" assertions="2" time="0.023487"/>
        <testcase name="user_baru_gagal_jika_password_terlalu_pendek" file="E:\KULI AH\Semester\Semester 8\Tugas Akhir\Web 2\AzventoryWeb\tests\Feature\Auth\TesGantiPassword.php" line="113" class="Tests\Feature\Auth\TesGantiPassword" classname="Tests.Feature.Auth.TesGantiPassword" assertions="2" time="0.022341"/>
        <testcase name="user_baru_gagal_jika_password_confirmation_tidak_cocok" file="E:\KULI AH\Semester\Semester 8\Tugas Akhir\Web 2\AzventoryWeb\tests\Feature\Auth\TesGantiPassword.php" line="128" class="Tests\Feature\Auth\TesGantiPassword" classname="Tests.Feature.Auth.TesGantiPassword" assertions="2" time="0.022535"/>
        <testcase name="user_lama_harus_memasukkan_password_lama_untuk_ganti_password" file="E:\KULI AH\Semester\Semester 8\Tugas Akhir\Web 2\AzventoryWeb\tests\Feature\Auth\TesGantiPassword.php" line="145" class="Tests\Feature\Auth\TesGantiPassword" classname="Tests.Feature.Auth.TesGantiPassword" assertions="2" time="0.028425"/>
        <testcase name="user_lama_gagal_jika_password_lama_salah" file="E:\KULI AH\Semester\Semester 8\Tugas Akhir\Web 2\AzventoryWeb\tests\Feature\Auth\TesGantiPassword.php" line="166" class="Tests\Feature\Auth\TesGantiPassword" classname="Tests.Feature.Auth.TesGantiPassword" assertions="2" time="0.024935"/>
        <testcase name="setelah_ganti_password_superadmin_diarahkan_ke_dashboard_superadmin" file="E:\KULI AH\Semester\Semester 8\Tugas Akhir\Web 2\AzventoryWeb\tests\Feature\Auth\TesGantiPassword.php" line="184" class="Tests\Feature\Auth\TesGantiPassword" classname="Tests.Feature.Auth.TesGantiPassword" assertions="2" time="0.025430"/>
      </testsuite>
      <testsuite name="Tests\Feature\Auth\TesKonfirmasiPassword" file="E:\KULI AH\Semester\Semester 8\Tugas Akhir\Web 2\AzventoryWeb\tests\Feature\Auth\TesKonfirmasiPassword.php" tests="3" assertions="4" errors="0" failures="0" skipped="0" time="0.283701">
        <testcase name="test_halaman_konfirmasi_password_dapat_tampil" file="E:\KULI AH\Semester\Semester 8\Tugas Akhir\Web 2\AzventoryWeb\tests\Feature\Auth\TesKonfirmasiPassword.php" line="13" class="Tests\Feature\Auth\TesKonfirmasiPassword" classname="Tests.Feature.Auth.TesKonfirmasiPassword" assertions="1" time="0.026808"/>
        <testcase name="test_password_dapat_dikonfirmasi" file="E:\KULI AH\Semester\Semester 8\Tugas Akhir\Web 2\AzventoryWeb\tests\Feature\Auth\TesKonfirmasiPassword.php" line="22" class="Tests\Feature\Auth\TesKonfirmasiPassword" classname="Tests.Feature.Auth.TesKonfirmasiPassword" assertions="2" time="0.022859"/>
        <testcase name="test_password_tidak_dikonfirmasi_dengan_password_salah" file="E:\KULI AH\Semester\Semester 8\Tugas Akhir\Web 2\AzventoryWeb\tests\Feature\Auth\TesKonfirmasiPassword.php" line="34" class="Tests\Feature\Auth\TesKonfirmasiPassword" classname="Tests.Feature.Auth.TesKonfirmasiPassword" assertions="1" time="0.234034"/>
      </testsuite>
      <testsuite name="Tests\Feature\Auth\TesPaksaGantiPassword" file="E:\KULI AH\Semester\Semester 8\Tugas Akhir\Web 2\AzventoryWeb\tests\Feature\Auth\TesPaksaGantiPassword.php" tests="3" assertions="5" errors="0" failures="0" skipped="0" time="0.163634">
        <testcase name="test_user_baru_diarahkan_ke_halaman_ganti_password" file="E:\KULI AH\Semester\Semester 8\Tugas Akhir\Web 2\AzventoryWeb\tests\Feature\Auth\TesPaksaGantiPassword.php" line="13" class="Tests\Feature\Auth\TesPaksaGantiPassword" classname="Tests.Feature.Auth.TesPaksaGantiPassword" assertions="3" time="0.047107"/>
        <testcase name="test_user_dapat_mengakses_halaman_ganti_password_tanpa_redirect_loop" file="E:\KULI AH\Semester\Semester 8\Tugas Akhir\Web 2\AzventoryWeb\tests\Feature\Auth\TesPaksaGantiPassword.php" line="26" class="Tests\Feature\Auth\TesPaksaGantiPassword" classname="Tests.Feature.Auth.TesPaksaGantiPassword" assertions="1" time="0.046888"/>
        <testcase name="test_user_dengan_password_yang_sudah_diganti_dapat_mengakses_dashboard" file="E:\KULI AH\Semester\Semester 8\Tugas Akhir\Web 2\AzventoryWeb\tests\Feature\Auth\TesPaksaGantiPassword.php" line="37" class="Tests\Feature\Auth\TesPaksaGantiPassword" classname="Tests.Feature.Auth.TesPaksaGantiPassword" assertions="1" time="0.069640"/>
      </testsuite>
      <testsuite name="Tests\Feature\Auth\TesRegistrasi" file="E:\KULI AH\Semester\Semester 8\Tugas Akhir\Web 2\AzventoryWeb\tests\Feature\Auth\TesRegistrasi.php" tests="2" assertions="0" errors="0" failures="0" skipped="2" time="0.036150">
        <testcase name="test_halaman_registrasi_dapat_tampil" file="E:\KULI AH\Semester\Semester 8\Tugas Akhir\Web 2\AzventoryWeb\tests\Feature\Auth\TesRegistrasi.php" line="12" class="Tests\Feature\Auth\TesRegistrasi" classname="Tests.Feature.Auth.TesRegistrasi" assertions="0" time="0.018261">
          <skipped/>
        </testcase>
        <testcase name="test_user_baru_dapat_registrasi" file="E:\KULI AH\Semester\Semester 8\Tugas Akhir\Web 2\AzventoryWeb\tests\Feature\Auth\TesRegistrasi.php" line="20" class="Tests\Feature\Auth\TesRegistrasi" classname="Tests.Feature.Auth.TesRegistrasi" assertions="0" time="0.017889">
          <skipped/>
        </testcase>
      </testsuite>
      <testsuite name="Tests\Feature\Auth\TesResetPassword" file="E:\KULI AH\Semester\Semester 8\Tugas Akhir\Web 2\AzventoryWeb\tests\Feature\Auth\TesResetPassword.php" tests="4" assertions="8" errors="0" failures="0" skipped="0" time="0.788240">
        <testcase name="test_halaman_link_reset_password_dapat_tampil" file="E:\KULI AH\Semester\Semester 8\Tugas Akhir\Web 2\AzventoryWeb\tests\Feature\Auth\TesResetPassword.php" line="15" class="Tests\Feature\Auth\TesResetPassword" classname="Tests.Feature.Auth.TesResetPassword" assertions="1" time="0.024465"/>
        <testcase name="test_link_reset_password_dapat_diminta" file="E:\KULI AH\Semester\Semester 8\Tugas Akhir\Web 2\AzventoryWeb\tests\Feature\Auth\TesResetPassword.php" line="22" class="Tests\Feature\Auth\TesResetPassword" classname="Tests.Feature.Auth.TesResetPassword" assertions="1" time="0.231593"/>
        <testcase name="test_halaman_reset_password_dapat_tampil" file="E:\KULI AH\Semester\Semester 8\Tugas Akhir\Web 2\AzventoryWeb\tests\Feature\Auth\TesResetPassword.php" line="33" class="Tests\Feature\Auth\TesResetPassword" classname="Tests.Feature.Auth.TesResetPassword" assertions="2" time="0.277758"/>
        <testcase name="test_password_dapat_direset_dengan_token_valid" file="E:\KULI AH\Semester\Semester 8\Tugas Akhir\Web 2\AzventoryWeb\tests\Feature\Auth\TesResetPassword.php" line="50" class="Tests\Feature\Auth\TesResetPassword" classname="Tests.Feature.Auth.TesResetPassword" assertions="4" time="0.254423"/>
      </testsuite>
      <testsuite name="Tests\Feature\Auth\TesUpdatePassword" file="E:\KULI AH\Semester\Semester 8\Tugas Akhir\Web 2\AzventoryWeb\tests\Feature\Auth\TesUpdatePassword.php" tests="2" assertions="8" errors="0" failures="0" skipped="0" time="0.052485">
        <testcase name="test_password_dapat_diperbarui" file="E:\KULI AH\Semester\Semester 8\Tugas Akhir\Web 2\AzventoryWeb\tests\Feature\Auth\TesUpdatePassword.php" line="14" class="Tests\Feature\Auth\TesUpdatePassword" classname="Tests.Feature.Auth.TesUpdatePassword" assertions="4" time="0.028218"/>
        <testcase name="test_password_yang_benar_harus_diberikan_untuk_memperbarui_password" file="E:\KULI AH\Semester\Semester 8\Tugas Akhir\Web 2\AzventoryWeb\tests\Feature\Auth\TesUpdatePassword.php" line="34" class="Tests\Feature\Auth\TesUpdatePassword" classname="Tests.Feature.Auth.TesUpdatePassword" assertions="4" time="0.024267"/>
      </testsuite>
      <testsuite name="Tests\Feature\Auth\TesVerifikasiEmail" file="E:\KULI AH\Semester\Semester 8\Tugas Akhir\Web 2\AzventoryWeb\tests\Feature\Auth\TesVerifikasiEmail.php" tests="4" assertions="9" errors="0" failures="0" skipped="0" time="0.101757">
        <testcase name="test_halaman_verifikasi_email_dapat_tampil" file="E:\KULI AH\Semester\Semester 8\Tugas Akhir\Web 2\AzventoryWeb\tests\Feature\Auth\TesVerifikasiEmail.php" line="16" class="Tests\Feature\Auth\TesVerifikasiEmail" classname="Tests.Feature.Auth.TesVerifikasiEmail" assertions="1" time="0.028104"/>
        <testcase name="test_email_dapat_diverifikasi" file="E:\KULI AH\Semester\Semester 8\Tugas Akhir\Web 2\AzventoryWeb\tests\Feature\Auth\TesVerifikasiEmail.php" line="25" class="Tests\Feature\Auth\TesVerifikasiEmail" classname="Tests.Feature.Auth.TesVerifikasiEmail" assertions="4" time="0.024445"/>
        <testcase name="test_email_tidak_diverifikasi_dengan_hash_salah" file="E:\KULI AH\Semester\Semester 8\Tugas Akhir\Web 2\AzventoryWeb\tests\Feature\Auth\TesVerifikasiEmail.php" line="44" class="Tests\Feature\Auth\TesVerifikasiEmail" classname="Tests.Feature.Auth.TesVerifikasiEmail" assertions="1" time="0.025595"/>
        <testcase name="test_notifikasi_verifikasi_email_dapat_dikirim_ulang" file="E:\KULI AH\Semester\Semester 8\Tugas Akhir\Web 2\AzventoryWeb\tests\Feature\Auth\TesVerifikasiEmail.php" line="59" class="Tests\Feature\Auth\TesVerifikasiEmail" classname="Tests.Feature.Auth.TesVerifikasiEmail" assertions="3" time="0.023613"/>
      </testsuite>
      <testsuite name="Tests\Feature\Dashboard\TesAksesDashboard" file="E:\KULI AH\Semester\Semester 8\Tugas Akhir\Web 2\AzventoryWeb\tests\Feature\Dashboard\TesAksesDashboard.php" tests="1" assertions="1" errors="0" failures="0" skipped="0" time="0.083810">
        <testcase name="superadmin_dapat_mengakses_dashboard" file="E:\KULI AH\Semester\Semester 8\Tugas Akhir\Web 2\AzventoryWeb\tests\Feature\Dashboard\TesAksesDashboard.php" line="15" class="Tests\Feature\Dashboard\TesAksesDashboard" classname="Tests.Feature.Dashboard.TesAksesDashboard" assertions="1" time="0.083810"/>
      </testsuite>
      <testsuite name="Tests\Feature\Dashboard\TesAnalitikDashboard" file="E:\KULI AH\Semester\Semester 8\Tugas Akhir\Web 2\AzventoryWeb\tests\Feature\Dashboard\TesAnalitikDashboard.php" tests="6" assertions="15" errors="0" failures="0" skipped="0" time="0.355622">
        <testcase name="dashboard_menampilkan_statistik_dasar_dengan_benar" file="E:\KULI AH\Semester\Semester 8\Tugas Akhir\Web 2\AzventoryWeb\tests\Feature\Dashboard\TesAnalitikDashboard.php" line="29" class="Tests\Feature\Dashboard\TesAnalitikDashboard" classname="Tests.Feature.Dashboard.TesAnalitikDashboard" assertions="3" time="0.083748"/>
        <testcase name="dashboard_mengidentifikasi_stok_mati_dengan_benar" file="E:\KULI AH\Semester\Semester 8\Tugas Akhir\Web 2\AzventoryWeb\tests\Feature\Dashboard\TesAnalitikDashboard.php" line="45" class="Tests\Feature\Dashboard\TesAnalitikDashboard" classname="Tests.Feature.Dashboard.TesAnalitikDashboard" assertions="2" time="0.087969"/>
        <testcase name="dashboard_logika_perhitungan_perkiraan_stok" file="E:\KULI AH\Semester\Semester 8\Tugas Akhir\Web 2\AzventoryWeb\tests\Feature\Dashboard\TesAnalitikDashboard.php" line="74" class="Tests\Feature\Dashboard\TesAnalitikDashboard" classname="Tests.Feature.Dashboard.TesAnalitikDashboard" assertions="2" time="0.107801"/>
        <testcase name="dashboard_filter_tanggal_mempengaruhi_analitik" file="E:\KULI AH\Semester\Semester 8\Tugas Akhir\Web 2\AzventoryWeb\tests\Feature\Dashboard\TesAnalitikDashboard.php" line="124" class="Tests\Feature\Dashboard\TesAnalitikDashboard" classname="Tests.Feature.Dashboard.TesAnalitikDashboard" assertions="2" time="0.026393"/>
        <testcase name="dashboard_memvalidasi_tanggal_akhir_setelah_atau_sama_dengan_tanggal_mulai" file="E:\KULI AH\Semester\Semester 8\Tugas Akhir\Web 2\AzventoryWeb\tests\Feature\Dashboard\TesAnalitikDashboard.php" line="164" class="Tests\Feature\Dashboard\TesAnalitikDashboard" classname="Tests.Feature.Dashboard.TesAnalitikDashboard" assertions="3" time="0.026756"/>
        <testcase name="dashboard_memvalidasi_rentang_tanggal_maksimal_365_hari" file="E:\KULI AH\Semester\Semester 8\Tugas Akhir\Web 2\AzventoryWeb\tests\Feature\Dashboard\TesAnalitikDashboard.php" line="178" class="Tests\Feature\Dashboard\TesAnalitikDashboard" classname="Tests.Feature.Dashboard.TesAnalitikDashboard" assertions="3" time="0.022955"/>
      </testsuite>
      <testsuite name="Tests\Feature\Dashboard\TesDashboardOperator" file="E:\KULI AH\Semester\Semester 8\Tugas Akhir\Web 2\AzventoryWeb\tests\Feature\Dashboard\TesDashboardOperator.php" tests="2" assertions="11" errors="0" failures="0" skipped="0" time="0.145141">
        <testcase name="test_operator_dapat_mengakses_halaman_dashboard" file="E:\KULI AH\Semester\Semester 8\Tugas Akhir\Web 2\AzventoryWeb\tests\Feature\Dashboard\TesDashboardOperator.php" line="14" class="Tests\Feature\Dashboard\TesDashboardOperator" classname="Tests.Feature.Dashboard.TesDashboardOperator" assertions="2" time="0.073958"/>
        <testcase name="test_dashboard_operator_memiliki_fab_scan_qr_dan_modal_lengkap" file="E:\KULI AH\Semester\Semester 8\Tugas Akhir\Web 2\AzventoryWeb\tests\Feature\Dashboard\TesDashboardOperator.php" line="26" class="Tests\Feature\Dashboard\TesDashboardOperator" classname="Tests.Feature.Dashboard.TesDashboardOperator" assertions="9" time="0.071184"/>
      </testsuite>
      <testsuite name="Tests\Feature\Dashboard\TesDataPergerakanDashboard" file="E:\KULI AH\Semester\Semester 8\Tugas Akhir\Web 2\AzventoryWeb\tests\Feature\Dashboard\TesDataPergerakanDashboard.php" tests="8" assertions="21" errors="0" failures="0" skipped="0" time="0.228951">
        <testcase name="superadmin_dapat_mengakses_endpoint_movement_data" file="E:\KULI AH\Semester\Semester 8\Tugas Akhir\Web 2\AzventoryWeb\tests\Feature\Dashboard\TesDataPergerakanDashboard.php" line="37" class="Tests\Feature\Dashboard\TesDataPergerakanDashboard" classname="Tests.Feature.Dashboard.TesDataPergerakanDashboard" assertions="4" time="0.028258"/>
        <testcase name="superadmin_movement_data_default_range_tujuh_hari" file="E:\KULI AH\Semester\Semester 8\Tugas Akhir\Web 2\AzventoryWeb\tests\Feature\Dashboard\TesDataPergerakanDashboard.php" line="47" class="Tests\Feature\Dashboard\TesDataPergerakanDashboard" classname="Tests.Feature.Dashboard.TesDataPergerakanDashboard" assertions="3" time="0.028502"/>
        <testcase name="superadmin_movement_data_range_tiga_puluh_hari" file="E:\KULI AH\Semester\Semester 8\Tugas Akhir\Web 2\AzventoryWeb\tests\Feature\Dashboard\TesDataPergerakanDashboard.php" line="59" class="Tests\Feature\Dashboard\TesDataPergerakanDashboard" classname="Tests.Feature.Dashboard.TesDataPergerakanDashboard" assertions="2" time="0.027361"/>
        <testcase name="superadmin_movement_data_range_tidak_bisa_melebihi_365_hari" file="E:\KULI AH\Semester\Semester 8\Tugas Akhir\Web 2\AzventoryWeb\tests\Feature\Dashboard\TesDataPergerakanDashboard.php" line="71" class="Tests\Feature\Dashboard\TesDataPergerakanDashboard" classname="Tests.Feature.Dashboard.TesDataPergerakanDashboard" assertions="4" time="0.030126"/>
        <testcase name="operator_tidak_dapat_mengakses_endpoint_movement_data_superadmin" file="E:\KULI AH\Semester\Semester 8\Tugas Akhir\Web 2\AzventoryWeb\tests\Feature\Dashboard\TesDataPergerakanDashboard.php" line="86" class="Tests\Feature\Dashboard\TesDataPergerakanDashboard" classname="Tests.Feature.Dashboard.TesDataPergerakanDashboard" assertions="1" time="0.025344"/>
        <testcase name="admin_dapat_mengakses_endpoint_movement_data" file="E:\KULI AH\Semester\Semester 8\Tugas Akhir\Web 2\AzventoryWeb\tests\Feature\Dashboard\TesDataPergerakanDashboard.php" line="97" class="Tests\Feature\Dashboard\TesDataPergerakanDashboard" classname="Tests.Feature.Dashboard.TesDataPergerakanDashboard" assertions="4" time="0.036968"/>
        <testcase name="admin_movement_data_mengembalikan_data_yang_benar_berdasarkan_range" file="E:\KULI AH\Semester\Semester 8\Tugas Akhir\Web 2\AzventoryWeb\tests\Feature\Dashboard\TesDataPergerakanDashboard.php" line="107" class="Tests\Feature\Dashboard\TesDataPergerakanDashboard" classname="Tests.Feature.Dashboard.TesDataPergerakanDashboard" assertions="2" time="0.025939"/>
        <testcase name="operator_tidak_dapat_mengakses_endpoint_movement_data_admin" file="E:\KULI AH\Semester\Semester 8\Tugas Akhir\Web 2\AzventoryWeb\tests\Feature\Dashboard\TesDataPergerakanDashboard.php" line="118" class="Tests\Feature\Dashboard\TesDataPergerakanDashboard" classname="Tests.Feature.Dashboard.TesDataPergerakanDashboard" assertions="1" time="0.026453"/>
      </testsuite>
      <testsuite name="Tests\Feature\General\TesAksesRute" file="E:\KULI AH\Semester\Semester 8\Tugas Akhir\Web 2\AzventoryWeb\tests\Feature\General\TesAksesRute.php" tests="5" assertions="28" errors="0" failures="0" skipped="0" time="0.355862">
        <testcase name="test_halaman_publik_dapat_diakses_oleh_guest" file="E:\KULI AH\Semester\Semester 8\Tugas Akhir\Web 2\AzventoryWeb\tests\Feature\General\TesAksesRute.php" line="17" class="Tests\Feature\General\TesAksesRute" classname="Tests.Feature.General.TesAksesRute" assertions="3" time="0.039023"/>
        <testcase name="test_rute_terproteksi_mengarahkan_ke_login_untuk_user_tanpa_autentikasi" file="E:\KULI AH\Semester\Semester 8\Tugas Akhir\Web 2\AzventoryWeb\tests\Feature\General\TesAksesRute.php" line="35" class="Tests\Feature\General\TesAksesRute" classname="Tests.Feature.General.TesAksesRute" assertions="8" time="0.026318"/>
        <testcase name="test_superadmin_dapat_mengakses_semua_halaman_kritis" file="E:\KULI AH\Semester\Semester 8\Tugas Akhir\Web 2\AzventoryWeb\tests\Feature\General\TesAksesRute.php" line="53" class="Tests\Feature\General\TesAksesRute" classname="Tests.Feature.General.TesAksesRute" assertions="6" time="0.160595"/>
        <testcase name="test_operator_memiliki_akses_terbatas" file="E:\KULI AH\Semester\Semester 8\Tugas Akhir\Web 2\AzventoryWeb\tests\Feature\General\TesAksesRute.php" line="77" class="Tests\Feature\General\TesAksesRute" classname="Tests.Feature.General.TesAksesRute" assertions="5" time="0.097274"/>
        <testcase name="test_dashboard_mengarahkan_sesuai_role" file="E:\KULI AH\Semester\Semester 8\Tugas Akhir\Web 2\AzventoryWeb\tests\Feature\General\TesAksesRute.php" line="102" class="Tests\Feature\General\TesAksesRute" classname="Tests.Feature.General.TesAksesRute" assertions="6" time="0.032653"/>
      </testsuite>
      <testsuite name="Tests\Feature\General\TesDetailHalaman" file="E:\KULI AH\Semester\Semester 8\Tugas Akhir\Web 2\AzventoryWeb\tests\Feature\General\TesDetailHalaman.php" tests="23" assertions="30" errors="0" failures="0" skipped="0" time="1.176740">
        <testcase name="superadmin_dapat_mengakses_form_edit_inventaris" file="E:\KULI AH\Semester\Semester 8\Tugas Akhir\Web 2\AzventoryWeb\tests\Feature\General\TesDetailHalaman.php" line="75" class="Tests\Feature\General\TesDetailHalaman" classname="Tests.Feature.General.TesDetailHalaman" assertions="1" time="0.046102"/>
        <testcase name="admin_dapat_mengakses_form_edit_inventaris" file="E:\KULI AH\Semester\Semester 8\Tugas Akhir\Web 2\AzventoryWeb\tests\Feature\General\TesDetailHalaman.php" line="83" class="Tests\Feature\General\TesDetailHalaman" classname="Tests.Feature.General.TesDetailHalaman" assertions="1" time="0.045447"/>
        <testcase name="operator_tidak_dapat_mengakses_form_edit_inventaris" file="E:\KULI AH\Semester\Semester 8\Tugas Akhir\Web 2\AzventoryWeb\tests\Feature\General\TesDetailHalaman.php" line="91" class="Tests\Feature\General\TesDetailHalaman" classname="Tests.Feature.General.TesDetailHalaman" assertions="1" time="0.033726"/>
        <testcase name="superadmin_dapat_mengakses_detail_user" file="E:\KULI AH\Semester\Semester 8\Tugas Akhir\Web 2\AzventoryWeb\tests\Feature\General\TesDetailHalaman.php" line="103" class="Tests\Feature\General\TesDetailHalaman" classname="Tests.Feature.General.TesDetailHalaman" assertions="1" time="0.085964"/>
        <testcase name="superadmin_dapat_mengakses_form_edit_user" file="E:\KULI AH\Semester\Semester 8\Tugas Akhir\Web 2\AzventoryWeb\tests\Feature\General\TesDetailHalaman.php" line="111" class="Tests\Feature\General\TesDetailHalaman" classname="Tests.Feature.General.TesDetailHalaman" assertions="1" time="0.039788"/>
        <testcase name="admin_tidak_dapat_mengakses_detail_user" file="E:\KULI AH\Semester\Semester 8\Tugas Akhir\Web 2\AzventoryWeb\tests\Feature\General\TesDetailHalaman.php" line="119" class="Tests\Feature\General\TesDetailHalaman" classname="Tests.Feature.General.TesDetailHalaman" assertions="1" time="0.031741"/>
        <testcase name="admin_tidak_dapat_mengakses_form_edit_user" file="E:\KULI AH\Semester\Semester 8\Tugas Akhir\Web 2\AzventoryWeb\tests\Feature\General\TesDetailHalaman.php" line="127" class="Tests\Feature\General\TesDetailHalaman" classname="Tests.Feature.General.TesDetailHalaman" assertions="1" time="0.031300"/>
        <testcase name="operator_tidak_dapat_mengakses_detail_user" file="E:\KULI AH\Semester\Semester 8\Tugas Akhir\Web 2\AzventoryWeb\tests\Feature\General\TesDetailHalaman.php" line="135" class="Tests\Feature\General\TesDetailHalaman" classname="Tests.Feature.General.TesDetailHalaman" assertions="1" time="0.048817"/>
        <testcase name="superadmin_dapat_mengakses_detail_peminjaman" file="E:\KULI AH\Semester\Semester 8\Tugas Akhir\Web 2\AzventoryWeb\tests\Feature\General\TesDetailHalaman.php" line="147" class="Tests\Feature\General\TesDetailHalaman" classname="Tests.Feature.General.TesDetailHalaman" assertions="1" time="0.082853"/>
        <testcase name="admin_dapat_mengakses_detail_peminjaman" file="E:\KULI AH\Semester\Semester 8\Tugas Akhir\Web 2\AzventoryWeb\tests\Feature\General\TesDetailHalaman.php" line="155" class="Tests\Feature\General\TesDetailHalaman" classname="Tests.Feature.General.TesDetailHalaman" assertions="1" time="0.090557"/>
        <testcase name="operator_dapat_mengakses_detail_peminjamannya_sendiri" file="E:\KULI AH\Semester\Semester 8\Tugas Akhir\Web 2\AzventoryWeb\tests\Feature\General\TesDetailHalaman.php" line="163" class="Tests\Feature\General\TesDetailHalaman" classname="Tests.Feature.General.TesDetailHalaman" assertions="1" time="0.087529"/>
        <testcase name="superadmin_dapat_mengakses_history_peminjaman" file="E:\KULI AH\Semester\Semester 8\Tugas Akhir\Web 2\AzventoryWeb\tests\Feature\General\TesDetailHalaman.php" line="171" class="Tests\Feature\General\TesDetailHalaman" classname="Tests.Feature.General.TesDetailHalaman" assertions="1" time="0.080086"/>
        <testcase name="admin_dapat_mengakses_history_peminjaman" file="E:\KULI AH\Semester\Semester 8\Tugas Akhir\Web 2\AzventoryWeb\tests\Feature\General\TesDetailHalaman.php" line="179" class="Tests\Feature\General\TesDetailHalaman" classname="Tests.Feature.General.TesDetailHalaman" assertions="1" time="0.095827"/>
        <testcase name="operator_dapat_mengakses_history_peminjamannya_sendiri" file="E:\KULI AH\Semester\Semester 8\Tugas Akhir\Web 2\AzventoryWeb\tests\Feature\General\TesDetailHalaman.php" line="187" class="Tests\Feature\General\TesDetailHalaman" classname="Tests.Feature.General.TesDetailHalaman" assertions="1" time="0.090405"/>
        <testcase name="superadmin_dapat_menggunakan_global_search" file="E:\KULI AH\Semester\Semester 8\Tugas Akhir\Web 2\AzventoryWeb\tests\Feature\General\TesDetailHalaman.php" line="199" class="Tests\Feature\General\TesDetailHalaman" classname="Tests.Feature.General.TesDetailHalaman" assertions="1" time="0.029321"/>
        <testcase name="admin_dapat_menggunakan_global_search" file="E:\KULI AH\Semester\Semester 8\Tugas Akhir\Web 2\AzventoryWeb\tests\Feature\General\TesDetailHalaman.php" line="207" class="Tests\Feature\General\TesDetailHalaman" classname="Tests.Feature.General.TesDetailHalaman" assertions="1" time="0.027300"/>
        <testcase name="operator_dapat_menggunakan_global_search" file="E:\KULI AH\Semester\Semester 8\Tugas Akhir\Web 2\AzventoryWeb\tests\Feature\General\TesDetailHalaman.php" line="215" class="Tests\Feature\General\TesDetailHalaman" classname="Tests.Feature.General.TesDetailHalaman" assertions="1" time="0.033281"/>
        <testcase name="global_search_mengembalikan_json" file="E:\KULI AH\Semester\Semester 8\Tugas Akhir\Web 2\AzventoryWeb\tests\Feature\General\TesDetailHalaman.php" line="223" class="Tests\Feature\General\TesDetailHalaman" classname="Tests.Feature.General.TesDetailHalaman" assertions="4" time="0.037019"/>
        <testcase name="superadmin_dapat_mengakses_movement_data_endpoint" file="E:\KULI AH\Semester\Semester 8\Tugas Akhir\Web 2\AzventoryWeb\tests\Feature\General\TesDetailHalaman.php" line="236" class="Tests\Feature\General\TesDetailHalaman" classname="Tests.Feature.General.TesDetailHalaman" assertions="2" time="0.032026"/>
        <testcase name="admin_dapat_mengakses_admin_movement_data_endpoint" file="E:\KULI AH\Semester\Semester 8\Tugas Akhir\Web 2\AzventoryWeb\tests\Feature\General\TesDetailHalaman.php" line="245" class="Tests\Feature\General\TesDetailHalaman" classname="Tests.Feature.General.TesDetailHalaman" assertions="2" time="0.033801"/>
        <testcase name="operator_tidak_dapat_mengakses_superadmin_movement_data" file="E:\KULI AH\Semester\Semester 8\Tugas Akhir\Web 2\AzventoryWeb\tests\Feature\General\TesDetailHalaman.php" line="254" class="Tests\Feature\General\TesDetailHalaman" classname="Tests.Feature.General.TesDetailHalaman" assertions="1" time="0.029720"/>
        <testcase name="guest_tidak_dapat_mengakses_detail_inventaris" file="E:\KULI AH\Semester\Semester 8\Tugas Akhir\Web 2\AzventoryWeb\tests\Feature\General\TesDetailHalaman.php" line="262" class="Tests\Feature\General\TesDetailHalaman" classname="Tests.Feature.General.TesDetailHalaman" assertions="2" time="0.034542"/>
        <testcase name="guest_tidak_dapat_mengakses_detail_user" file="E:\KULI AH\Semester\Semester 8\Tugas Akhir\Web 2\AzventoryWeb\tests\Feature\General\TesDetailHalaman.php" line="269" class="Tests\Feature\General\TesDetailHalaman" classname="Tests.Feature.General.TesDetailHalaman" assertions="2" time="0.029588"/>
      </testsuite>
      <testsuite name="Tests\Feature\General\TesEndpointUnduh" file="E:\KULI AH\Semester\Semester 8\Tugas Akhir\Web 2\AzventoryWeb\tests\Feature\General\TesEndpointUnduh.php" tests="14" assertions="33" errors="0" failures="3" skipped="0" time="0.585558">
        <testcase name="superadmin_dapat_mengunduh_qr_code_sebagai_svg" file="E:\KULI AH\Semester\Semester 8\Tugas Akhir\Web 2\AzventoryWeb\tests\Feature\General\TesEndpointUnduh.php" line="66" class="Tests\Feature\General\TesEndpointUnduh" classname="Tests.Feature.General.TesEndpointUnduh" assertions="4" time="0.056298"/>
        <testcase name="admin_dapat_mengunduh_qr_code_sebagai_svg" file="E:\KULI AH\Semester\Semester 8\Tugas Akhir\Web 2\AzventoryWeb\tests\Feature\General\TesEndpointUnduh.php" line="77" class="Tests\Feature\General\TesEndpointUnduh" classname="Tests.Feature.General.TesEndpointUnduh" assertions="3" time="0.055631"/>
        <testcase name="operator_dapat_mengunduh_qr_code_sebagai_svg" file="E:\KULI AH\Semester\Semester 8\Tugas Akhir\Web 2\AzventoryWeb\tests\Feature\General\TesEndpointUnduh.php" line="87" class="Tests\Feature\General\TesEndpointUnduh" classname="Tests.Feature.General.TesEndpointUnduh" assertions="3" time="0.049610"/>
        <testcase name="guest_tidak_dapat_mengunduh_qr_code" file="E:\KULI AH\Semester\Semester 8\Tugas Akhir\Web 2\AzventoryWeb\tests\Feature\General\TesEndpointUnduh.php" line="97" class="Tests\Feature\General\TesEndpointUnduh" classname="Tests.Feature.General.TesEndpointUnduh" assertions="2" time="0.028012"/>
        <testcase name="superadmin_dapat_mengakses_halaman_print_qr_jika_ada_qr_code" file="E:\KULI AH\Semester\Semester 8\Tugas Akhir\Web 2\AzventoryWeb\tests\Feature\General\TesEndpointUnduh.php" line="108" class="Tests\Feature\General\TesEndpointUnduh" classname="Tests.Feature.General.TesEndpointUnduh" assertions="1" time="0.113986">
          <failure type="PHPUnit\Framework\ExpectationFailedException">Tests\Feature\General\TesEndpointUnduh::superadmin_dapat_mengakses_halaman_print_qr_jika_ada_qr_code&#13;
Expected response status code [200] but received 404.
Failed asserting that 404 is identical to 200.
&#13;
E:\KULI AH\Semester\Semester 8\Tugas Akhir\Web 2\AzventoryWeb\vendor\laravel\framework\src\Illuminate\Testing\TestResponseAssert.php:45
E:\KULI AH\Semester\Semester 8\Tugas Akhir\Web 2\AzventoryWeb\vendor\laravel\framework\src\Illuminate\Testing\TestResponse.php:174
E:\KULI AH\Semester\Semester 8\Tugas Akhir\Web 2\AzventoryWeb\tests\Feature\General\TesEndpointUnduh.php:113</failure>
        </testcase>
        <testcase name="admin_dapat_mengakses_halaman_print_qr_jika_ada_qr_code" file="E:\KULI AH\Semester\Semester 8\Tugas Akhir\Web 2\AzventoryWeb\tests\Feature\General\TesEndpointUnduh.php" line="117" class="Tests\Feature\General\TesEndpointUnduh" classname="Tests.Feature.General.TesEndpointUnduh" assertions="1" time="0.036694">
          <failure type="PHPUnit\Framework\ExpectationFailedException">Tests\Feature\General\TesEndpointUnduh::admin_dapat_mengakses_halaman_print_qr_jika_ada_qr_code&#13;
Expected response status code [200] but received 404.
Failed asserting that 404 is identical to 200.
&#13;
E:\KULI AH\Semester\Semester 8\Tugas Akhir\Web 2\AzventoryWeb\vendor\laravel\framework\src\Illuminate\Testing\TestResponseAssert.php:45
E:\KULI AH\Semester\Semester 8\Tugas Akhir\Web 2\AzventoryWeb\vendor\laravel\framework\src\Illuminate\Testing\TestResponse.php:174
E:\KULI AH\Semester\Semester 8\Tugas Akhir\Web 2\AzventoryWeb\tests\Feature\General\TesEndpointUnduh.php:122</failure>
        </testcase>
        <testcase name="operator_dapat_mengakses_halaman_print_qr_jika_ada_qr_code" file="E:\KULI AH\Semester\Semester 8\Tugas Akhir\Web 2\AzventoryWeb\tests\Feature\General\TesEndpointUnduh.php" line="126" class="Tests\Feature\General\TesEndpointUnduh" classname="Tests.Feature.General.TesEndpointUnduh" assertions="1" time="0.030097">
          <failure type="PHPUnit\Framework\ExpectationFailedException">Tests\Feature\General\TesEndpointUnduh::operator_dapat_mengakses_halaman_print_qr_jika_ada_qr_code&#13;
Expected response status code [200] but received 404.
Failed asserting that 404 is identical to 200.
&#13;
E:\KULI AH\Semester\Semester 8\Tugas Akhir\Web 2\AzventoryWeb\vendor\laravel\framework\src\Illuminate\Testing\TestResponseAssert.php:45
E:\KULI AH\Semester\Semester 8\Tugas Akhir\Web 2\AzventoryWeb\vendor\laravel\framework\src\Illuminate\Testing\TestResponse.php:174
[...]
        <testcase name="superadmin_dapat_mengakses_master_data" file="E:\KULI AH\Semester\Semester 8\Tugas Akhir\Web 2\AzventoryWeb\tests\Feature\Roles\TesRoleSuperadmin.php" line="66" class="Tests\Feature\Roles\TesRoleSuperadmin" classname="Tests.Feature.Roles.TesRoleSuperadmin" assertions="3" time="0.028349"/>
        <testcase name="superadmin_dapat_mengakses_semua_fitur_inventaris" file="E:\KULI AH\Semester\Semester 8\Tugas Akhir\Web 2\AzventoryWeb\tests\Feature\Roles\TesRoleSuperadmin.php" line="79" class="Tests\Feature\Roles\TesRoleSuperadmin" classname="Tests.Feature.Roles.TesRoleSuperadmin" assertions="3" time="0.067362"/>
        <testcase name="superadmin_dapat_mengakses_laporan_dan_log" file="E:\KULI AH\Semester\Semester 8\Tugas Akhir\Web 2\AzventoryWeb\tests\Feature\Roles\TesRoleSuperadmin.php" line="92" class="Tests\Feature\Roles\TesRoleSuperadmin" classname="Tests.Feature.Roles.TesRoleSuperadmin" assertions="2" time="0.050874"/>
        <testcase name="superadmin_dapat_mengakses_profil_dan_peminjaman_saya" file="E:\KULI AH\Semester\Semester 8\Tugas Akhir\Web 2\AzventoryWeb\tests\Feature\Roles\TesRoleSuperadmin.php" line="102" class="Tests\Feature\Roles\TesRoleSuperadmin" classname="Tests.Feature.Roles.TesRoleSuperadmin" assertions="2" time="0.050761"/>
      </testsuite>
      <testsuite name="Tests\Feature\TesBroadcastingDanKonkurensi" file="E:\KULI AH\Semester\Semester 8\Tugas Akhir\Web 2\AzventoryWeb\tests\Feature\TesBroadcastingDanKonkurensi.php" tests="3" assertions="8" errors="0" failures="0" skipped="0" time="0.110391">
        <testcase name="test_otorisasi_channel_privat_memblokir_role_yang_tidak_berwenang" file="E:\KULI AH\Semester\Semester 8\Tugas Akhir\Web 2\AzventoryWeb\tests\Feature\TesBroadcastingDanKonkurensi.php" line="29" class="Tests\Feature\TesBroadcastingDanKonkurensi" classname="Tests.Feature.TesBroadcastingDanKonkurensi" assertions="2" time="0.026172"/>
        <testcase name="test_pembaruan_inventaris_mendorong_event_yang_benar" file="E:\KULI AH\Semester\Semester 8\Tugas Akhir\Web 2\AzventoryWeb\tests\Feature\TesBroadcastingDanKonkurensi.php" line="55" class="Tests\Feature\TesBroadcastingDanKonkurensi" classname="Tests.Feature.TesBroadcastingDanKonkurensi" assertions="3" time="0.030250"/>
        <testcase name="test_pessimistic_locking_mencegah_lost_update_pada_persetujuan" file="E:\KULI AH\Semester\Semester 8\Tugas Akhir\Web 2\AzventoryWeb\tests\Feature\TesBroadcastingDanKonkurensi.php" line="85" class="Tests\Feature\TesBroadcastingDanKonkurensi" classname="Tests.Feature.TesBroadcastingDanKonkurensi" assertions="3" time="0.053969"/>
      </testsuite>
      <testsuite name="Tests\Feature\TesIntegritasLaporan" file="E:\KULI AH\Semester\Semester 8\Tugas Akhir\Web 2\AzventoryWeb\tests\Feature\TesIntegritasLaporan.php" tests="1" assertions="3" errors="0" failures="0" skipped="0" time="0.025064">
        <testcase name="test_job_laporan_pdf_menggunakan_snapshot_data_bukan_pengambilan_tertunda" file="E:\KULI AH\Semester\Semester 8\Tugas Akhir\Web 2\AzventoryWeb\tests\Feature\TesIntegritasLaporan.php" line="21" class="Tests\Feature\TesIntegritasLaporan" classname="Tests.Feature.TesIntegritasLaporan" assertions="3" time="0.025064"/>
      </testsuite>
      <testsuite name="Tests\Feature\TesInventarisRealTime" file="E:\KULI AH\Semester\Semester 8\Tugas Akhir\Web 2\AzventoryWeb\tests\Feature\TesInventarisRealTime.php" tests="3" assertions="6" errors="0" failures="0" skipped="0" time="0.512173">
        <testcase name="test_mengirim_event_inventory_updated_saat_stok_disetujui" file="E:\KULI AH\Semester\Semester 8\Tugas Akhir\Web 2\AzventoryWeb\tests\Feature\TesInventarisRealTime.php" line="21" class="Tests\Feature\TesInventarisRealTime" classname="Tests.Feature.TesInventarisRealTime" assertions="2" time="0.173097"/>
        <testcase name="test_mengirim_event_stock_approval_updated_saat_pengajuan_dibuat" file="E:\KULI AH\Semester\Semester 8\Tugas Akhir\Web 2\AzventoryWeb\tests\Feature\TesInventarisRealTime.php" line="53" class="Tests\Feature\TesInventarisRealTime" classname="Tests.Feature.TesInventarisRealTime" assertions="2" time="0.164333"/>
        <testcase name="test_mengirim_event_stock_approval_updated_saat_pengajuan_diproses" file="E:\KULI AH\Semester\Semester 8\Tugas Akhir\Web 2\AzventoryWeb\tests\Feature\TesInventarisRealTime.php" line="80" class="Tests\Feature\TesInventarisRealTime" classname="Tests.Feature.TesInventarisRealTime" assertions="2" time="0.174743"/>
      </testsuite>
      <testsuite name="Tests\Feature\TesNotifikasiStokMenipis" file="E:\KULI AH\Semester\Semester 8\Tugas Akhir\Web 2\AzventoryWeb\tests\Feature\TesNotifikasiStokMenipis.php" tests="2" assertions="2" errors="0" failures="0" skipped="0" time="0.079313">
        <testcase name="test_approaching_stock_notification_is_sent_when_stock_is_between_100_and_150_percent" file="E:\KULI AH\Semester\Semester 8\Tugas Akhir\Web 2\AzventoryWeb\tests\Feature\TesNotifikasiStokMenipis.php" line="24" class="Tests\Feature\TesNotifikasiStokMenipis" classname="Tests.Feature.TesNotifikasiStokMenipis" assertions="1" time="0.038462"/>
        <testcase name="test_approaching_notification_not_sent_if_stock_still_above_150_percent" file="E:\KULI AH\Semester\Semester 8\Tugas Akhir\Web 2\AzventoryWeb\tests\Feature\TesNotifikasiStokMenipis.php" line="50" class="Tests\Feature\TesNotifikasiStokMenipis" classname="Tests.Feature.TesNotifikasiStokMenipis" assertions="1" time="0.040851"/>
      </testsuite>
      <testsuite name="Tests\Feature\TesPenguatanAkhir" file="E:\KULI AH\Semester\Semester 8\Tugas Akhir\Web 2\AzventoryWeb\tests\Feature\TesPenguatanAkhir.php" tests="6" assertions="15" errors="0" failures="0" skipped="0" time="0.447445">
        <testcase name="test_pwa_manifest_and_meta_tags_exist_on_welcome_page" file="E:\KULI AH\Semester\Semester 8\Tugas Akhir\Web 2\AzventoryWeb\tests\Feature\TesPenguatanAkhir.php" line="28" class="Tests\Feature\TesPenguatanAkhir" classname="Tests.Feature.TesPenguatanAkhir" assertions="5" time="0.024756"/>
        <testcase name="test_offline_page_is_accessible" file="E:\KULI AH\Semester\Semester 8\Tugas Akhir\Web 2\AzventoryWeb\tests\Feature\TesPenguatanAkhir.php" line="39" class="Tests\Feature\TesPenguatanAkhir" classname="Tests.Feature.TesPenguatanAkhir" assertions="2" time="0.020124"/>
        <testcase name="test_cannot_mass_assign_sensitive_fields_in_sparepart" file="E:\KULI AH\Semester\Semester 8\Tugas Akhir\Web 2\AzventoryWeb\tests\Feature\TesPenguatanAkhir.php" line="49" class="Tests\Feature\TesPenguatanAkhir" classname="Tests.Feature.TesPenguatanAkhir" assertions="1" time="0.022972"/>
        <testcase name="test_borrowing_status_protection" file="E:\KULI AH\Semester\Semester 8\Tugas Akhir\Web 2\AzventoryWeb\tests\Feature\TesPenguatanAkhir.php" line="70" class="Tests\Feature\TesPenguatanAkhir" classname="Tests.Feature.TesPenguatanAkhir" assertions="1" time="0.021714"/>
        <testcase name="test_dashboard_query_count_is_stable" file="E:\KULI AH\Semester\Semester 8\Tugas Akhir\Web 2\AzventoryWeb\tests\Feature\TesPenguatanAkhir.php" line="95" class="Tests\Feature\TesPenguatanAkhir" classname="Tests.Feature.TesPenguatanAkhir" assertions="2" time="0.329234"/>
        <testcase name="test_stock_only_changes_when_log_is_approved" file="E:\KULI AH\Semester\Semester 8\Tugas Akhir\Web 2\AzventoryWeb\tests\Feature\TesPenguatanAkhir.php" line="126" class="Tests\Feature\TesPenguatanAkhir" classname="Tests.Feature.TesPenguatanAkhir" assertions="4" time="0.028645"/>
      </testsuite>
      <testsuite name="Tests\Feature\TesPeningkatanDashboard" file="E:\KULI AH\Semester\Semester 8\Tugas Akhir\Web 2\AzventoryWeb\tests\Feature\TesPeningkatanDashboard.php" tests="3" assertions="9" errors="0" failures="0" skipped="0" time="0.238336">
        <testcase name="ia_dapat_memperbarui_pengaturan_dashboard_secara_persisten" file="E:\KULI AH\Semester\Semester 8\Tugas Akhir\Web 2\AzventoryWeb\tests\Feature\TesPeningkatanDashboard.php" line="26" class="Tests\Feature\TesPeningkatanDashboard" classname="Tests.Feature.TesPeningkatanDashboard" assertions="3" time="0.024527"/>
        <testcase name="service_dashboard_menangani_rentang_tanggal_kustom" file="E:\KULI AH\Semester\Semester 8\Tugas Akhir\Web 2\AzventoryWeb\tests\Feature\TesPeningkatanDashboard.php" line="38" class="Tests\Feature\TesPeningkatanDashboard" classname="Tests.Feature.TesPeningkatanDashboard" assertions="3" time="0.020025"/>
        <testcase name="modal_aktivitas_dapat_diklik_di_dashboard" file="E:\KULI AH\Semester\Semester 8\Tugas Akhir\Web 2\AzventoryWeb\tests\Feature\TesPeningkatanDashboard.php" line="52" class="Tests\Feature\TesPeningkatanDashboard" classname="Tests.Feature.TesPeningkatanDashboard" assertions="3" time="0.193785"/>
      </testsuite>
      <testsuite name="Tests\Feature\Users\LogoutUserNonaktifTest" file="E:\KULI AH\Semester\Semester 8\Tugas Akhir\Web 2\AzventoryWeb\tests\Feature\Users\LogoutUserNonaktifTest.php" tests="2" assertions="9" errors="0" failures="0" skipped="0" time="0.060731">
        <testcase name="user_nonaktif_otomatis_terlogout_dari_halaman_profil" file="E:\KULI AH\Semester\Semester 8\Tugas Akhir\Web 2\AzventoryWeb\tests\Feature\Users\LogoutUserNonaktifTest.php" line="14" class="Tests\Feature\Users\LogoutUserNonaktifTest" classname="Tests.Feature.Users.LogoutUserNonaktifTest" assertions="6" time="0.037949"/>
        <testcase name="user_nonaktif_tidak_bisa_login" file="E:\KULI AH\Semester\Semester 8\Tugas Akhir\Web 2\AzventoryWeb\tests\Feature\Users\LogoutUserNonaktifTest.php" line="42" class="Tests\Feature\Users\LogoutUserNonaktifTest" classname="Tests.Feature.Users.LogoutUserNonaktifTest" assertions="3" time="0.022782"/>
      </testsuite>
      <testsuite name="Tests\Feature\Users\TesAksesUser" file="E:\KULI AH\Semester\Semester 8\Tugas Akhir\Web 2\AzventoryWeb\tests\Feature\Users\TesAksesUser.php" tests="4" assertions="4" errors="0" failures="0" skipped="0" time="0.113219">
        <testcase name="test_operator_tidak_dapat_melihat_daftar_user" file="E:\KULI AH\Semester\Semester 8\Tugas Akhir\Web 2\AzventoryWeb\tests\Feature\Users\TesAksesUser.php" line="13" class="Tests\Feature\Users\TesAksesUser" classname="Tests.Feature.Users.TesAksesUser" assertions="1" time="0.026968"/>
        <testcase name="test_admin_tidak_dapat_melihat_daftar_user" file="E:\KULI AH\Semester\Semester 8\Tugas Akhir\Web 2\AzventoryWeb\tests\Feature\Users\TesAksesUser.php" line="22" class="Tests\Feature\Users\TesAksesUser" classname="Tests.Feature.Users.TesAksesUser" assertions="1" time="0.029717"/>
        <testcase name="test_operator_tidak_dapat_membuat_user" file="E:\KULI AH\Semester\Semester 8\Tugas Akhir\Web 2\AzventoryWeb\tests\Feature\Users\TesAksesUser.php" line="31" class="Tests\Feature\Users\TesAksesUser" classname="Tests.Feature.Users.TesAksesUser" assertions="1" time="0.028017"/>
        <testcase name="test_operator_tidak_dapat_menghapus_user" file="E:\KULI AH\Semester\Semester 8\Tugas Akhir\Web 2\AzventoryWeb\tests\Feature\Users\TesAksesUser.php" line="46" class="Tests\Feature\Users\TesAksesUser" classname="Tests.Feature.Users.TesAksesUser" assertions="1" time="0.028517"/>
      </testsuite>
      <testsuite name="Tests\Feature\Users\TesKasusBatasUser" file="E:\KULI AH\Semester\Semester 8\Tugas Akhir\Web 2\AzventoryWeb\tests\Feature\Users\TesKasusBatasUser.php" tests="15" assertions="35" errors="0" failures="0" skipped="0" time="0.660081">
        <testcase name="superadmin_dapat_melihat_halaman_detail_user" file="E:\KULI AH\Semester\Semester 8\Tugas Akhir\Web 2\AzventoryWeb\tests\Feature\Users\TesKasusBatasUser.php" line="37" class="Tests\Feature\Users\TesKasusBatasUser" classname="Tests.Feature.Users.TesKasusBatasUser" assertions="1" time="0.174911"/>
        <testcase name="superadmin_dapat_melihat_halaman_edit_user" file="E:\KULI AH\Semester\Semester 8\Tugas Akhir\Web 2\AzventoryWeb\tests\Feature\Users\TesKasusBatasUser.php" line="45" class="Tests\Feature\Users\TesKasusBatasUser" classname="Tests.Feature.Users.TesKasusBatasUser" assertions="1" time="0.036768"/>
        <testcase name="halaman_daftar_user_tidak_dapat_diakses_tanpa_login" file="E:\KULI AH\Semester\Semester 8\Tugas Akhir\Web 2\AzventoryWeb\tests\Feature\Users\TesKasusBatasUser.php" line="53" class="Tests\Feature\Users\TesKasusBatasUser" classname="Tests.Feature.Users.TesKasusBatasUser" assertions="2" time="0.029235"/>
        <testcase name="superadmin_dapat_melihat_halaman_trash_user" file="E:\KULI AH\Semester\Semester 8\Tugas Akhir\Web 2\AzventoryWeb\tests\Feature\Users\TesKasusBatasUser.php" line="62" class="Tests\Feature\Users\TesKasusBatasUser" classname="Tests.Feature.Users.TesKasusBatasUser" assertions="1" time="0.041985"/>
        <testcase name="superadmin_dapat_mencari_user_berdasarkan_nama" file="E:\KULI AH\Semester\Semester 8\Tugas Akhir\Web 2\AzventoryWeb\tests\Feature\Users\TesKasusBatasUser.php" line="75" class="Tests\Feature\Users\TesKasusBatasUser" classname="Tests.Feature.Users.TesKasusBatasUser" assertions="2" time="0.053786"/>
        <testcase name="superadmin_dapat_memfilter_user_berdasarkan_role" file="E:\KULI AH\Semester\Semester 8\Tugas Akhir\Web 2\AzventoryWeb\tests\Feature\Users\TesKasusBatasUser.php" line="87" class="Tests\Feature\Users\TesKasusBatasUser" classname="Tests.Feature.Users.TesKasusBatasUser" assertions="2" time="0.042630"/>
        <testcase name="superadmin_tidak_dapat_menghapus_akunnya_sendiri" file="E:\KULI AH\Semester\Semester 8\Tugas Akhir\Web 2\AzventoryWeb\tests\Feature\Users\TesKasusBatasUser.php" line="102" class="Tests\Feature\Users\TesKasusBatasUser" classname="Tests.Feature.Users.TesKasusBatasUser" assertions="3" time="0.031794"/>
        <testcase name="user_tidak_dapat_dihapus_jika_memiliki_pinjaman_aktif" file="E:\KULI AH\Semester\Semester 8\Tugas Akhir\Web 2\AzventoryWeb\tests\Feature\Users\TesKasusBatasUser.php" line="117" class="Tests\Feature\Users\TesKasusBatasUser" classname="Tests.Feature.Users.TesKasusBatasUser" assertions="3" time="0.026848"/>
        <testcase name="superadmin_dapat_menghapus_user_tanpa_pinjaman_aktif" file="E:\KULI AH\Semester\Semester 8\Tugas Akhir\Web 2\AzventoryWeb\tests\Feature\Users\TesKasusBatasUser.php" line="139" class="Tests\Feature\Users\TesKasusBatasUser" classname="Tests.Feature.Users.TesKasusBatasUser" assertions="3" time="0.027931"/>
        <testcase name="superadmin_dapat_memulihkan_user_yang_dihapus" file="E:\KULI AH\Semester\Semester 8\Tugas Akhir\Web 2\AzventoryWeb\tests\Feature\Users\TesKasusBatasUser.php" line="151" class="Tests\Feature\Users\TesKasusBatasUser" classname="Tests.Feature.Users.TesKasusBatasUser" assertions="3" time="0.026317"/>
        <testcase name="superadmin_dapat_hapus_permanen_user" file="E:\KULI AH\Semester\Semester 8\Tugas Akhir\Web 2\AzventoryWeb\tests\Feature\Users\TesKasusBatasUser.php" line="164" class="Tests\Feature\Users\TesKasusBatasUser" classname="Tests.Feature.Users.TesKasusBatasUser" assertions="2" time="0.028029"/>
        <testcase name="force_delete_user_gagal_jika_user_punya_pinjaman_aktif" file="E:\KULI AH\Semester\Semester 8\Tugas Akhir\Web 2\AzventoryWeb\tests\Feature\Users\TesKasusBatasUser.php" line="176" class="Tests\Feature\Users\TesKasusBatasUser" classname="Tests.Feature.Users.TesKasusBatasUser" assertions="3" time="0.028596"/>
        <testcase name="superadmin_dapat_mengakses_halaman_buat_user" file="E:\KULI AH\Semester\Semester 8\Tugas Akhir\Web 2\AzventoryWeb\tests\Feature\Users\TesKasusBatasUser.php" line="202" class="Tests\Feature\Users\TesKasusBatasUser" classname="Tests.Feature.Users.TesKasusBatasUser" assertions="1" time="0.038357"/>
        <testcase name="superadmin_dapat_memulihkan_user_secara_massal" file="E:\KULI AH\Semester\Semester 8\Tugas Akhir\Web 2\AzventoryWeb\tests\Feature\Users\TesKasusBatasUser.php" line="212" class="Tests\Feature\Users\TesKasusBatasUser" classname="Tests.Feature.Users.TesKasusBatasUser" assertions="4" time="0.034393"/>
        <testcase name="superadmin_dapat_menghapus_permanen_user_secara_massal" file="E:\KULI AH\Semester\Semester 8\Tugas Akhir\Web 2\AzventoryWeb\tests\Feature\Users\TesKasusBatasUser.php" line="232" class="Tests\Feature\Users\TesKasusBatasUser" classname="Tests.Feature.Users.TesKasusBatasUser" assertions="4" time="0.038502"/>
      </testsuite>
      <testsuite name="Tests\Feature\Users\TesManajemenUser" file="E:\KULI AH\Semester\Semester 8\Tugas Akhir\Web 2\AzventoryWeb\tests\Feature\Users\TesManajemenUser.php" tests="10" assertions="25" errors="0" failures="0" skipped="0" time="0.349248">
        <testcase name="test_superadmin_dapat_melihat_daftar_user" file="E:\KULI AH\Semester\Semester 8\Tugas Akhir\Web 2\AzventoryWeb\tests\Feature\Users\TesManajemenUser.php" line="27" class="Tests\Feature\Users\TesManajemenUser" classname="Tests.Feature.Users.TesManajemenUser" assertions="1" time="0.048655"/>
        <testcase name="test_superadmin_dapat_membuat_admin_baru" file="E:\KULI AH\Semester\Semester 8\Tugas Akhir\Web 2\AzventoryWeb\tests\Feature\Users\TesManajemenUser.php" line="33" class="Tests\Feature\Users\TesManajemenUser" classname="Tests.Feature.Users.TesManajemenUser" assertions="3" time="0.031576"/>
        <testcase name="test_superadmin_dapat_membuat_operator_baru" file="E:\KULI AH\Semester\Semester 8\Tugas Akhir\Web 2\AzventoryWeb\tests\Feature\Users\TesManajemenUser.php" line="51" class="Tests\Feature\Users\TesManajemenUser" classname="Tests.Feature.Users.TesManajemenUser" assertions="3" time="0.031866"/>
        <testcase name="test_superadmin_dapat_menghapus_user" file="E:\KULI AH\Semester\Semester 8\Tugas Akhir\Web 2\AzventoryWeb\tests\Feature\Users\TesManajemenUser.php" line="69" class="Tests\Feature\Users\TesManajemenUser" classname="Tests.Feature.Users.TesManajemenUser" assertions="3" time="0.032737"/>
        <testcase name="test_superadmin_dapat_mereset_password_user" file="E:\KULI AH\Semester\Semester 8\Tugas Akhir\Web 2\AzventoryWeb\tests\Feature\Users\TesManajemenUser.php" line="85" class="Tests\Feature\Users\TesManajemenUser" classname="Tests.Feature.Users.TesManajemenUser" assertions="2" time="0.031298"/>
        <testcase name="test_superadmin_dapat_memperbarui_data_user" file="E:\KULI AH\Semester\Semester 8\Tugas Akhir\Web 2\AzventoryWeb\tests\Feature\Users\TesManajemenUser.php" line="102" class="Tests\Feature\Users\TesManajemenUser" classname="Tests.Feature.Users.TesManajemenUser" assertions="3" time="0.027974"/>
        <testcase name="test_user_tidak_dapat_dihapus_jika_memiliki_pinjaman_aktif" file="E:\KULI AH\Semester\Semester 8\Tugas Akhir\Web 2\AzventoryWeb\tests\Feature\Users\TesManajemenUser.php" line="131" class="Tests\Feature\Users\TesManajemenUser" classname="Tests.Feature.Users.TesManajemenUser" assertions="2" time="0.028768"/>
        <testcase name="test_bulk_force_delete_melompati_user_dengan_pinjaman_aktif" file="E:\KULI AH\Semester\Semester 8\Tugas Akhir\Web 2\AzventoryWeb\tests\Feature\Users\TesManajemenUser.php" line="153" class="Tests\Feature\Users\TesManajemenUser" classname="Tests.Feature.Users.TesManajemenUser" assertions="3" time="0.036003"/>
        <testcase name="test_superadmin_tidak_dapat_menghapus_diri_sendiri_secara_bulk" file="E:\KULI AH\Semester\Semester 8\Tugas Akhir\Web 2\AzventoryWeb\tests\Feature\Users\TesManajemenUser.php" line="181" class="Tests\Feature\Users\TesManajemenUser" classname="Tests.Feature.Users.TesManajemenUser" assertions="2" time="0.027422"/>
        <testcase name="test_superadmin_melihat_link_whatsapp_jika_user_punya_nomor_telepon" file="E:\KULI AH\Semester\Semester 8\Tugas Akhir\Web 2\AzventoryWeb\tests\Feature\Users\TesManajemenUser.php" line="194" class="Tests\Feature\Users\TesManajemenUser" classname="Tests.Feature.Users.TesManajemenUser" assertions="3" time="0.052949"/>
      </testsuite>
    </testsuite>
  </testsuite>
</testsuites>
